2018-07-23 10:22:19.505  INFO shantim2-l2 --- [           main] c.d.c.App                                : Starting App on shantim2-l2 with PID 4972 (C:\Users\shashikant\eclipse-workspace\UserApp\target\classes started by shashikant in C:\Users\shashikant\eclipse-workspace\UserApp)
2018-07-23 10:22:20.014  INFO shantim2-l2 --- [           main] c.d.c.App                                : No active profile set, falling back to default profiles: default
2018-07-23 10:22:20.422  INFO shantim2-l2 --- [           main] ationConfigEmbeddedWebApplicationContext : Refreshing org.springframework.boot.context.embedded.AnnotationConfigEmbeddedWebApplicationContext@63475ace: startup date [Mon Jul 23 10:22:20 IST 2018]; root of context hierarchy
2018-07-23 10:22:21.380  INFO shantim2-l2 --- [kground-preinit] o.h.v.i.u.Version                        : HV000001: Hibernate Validator 5.3.5.Final
2018-07-23 10:22:27.306  INFO shantim2-l2 --- [           main] s.b.c.e.t.TomcatEmbeddedServletContainer : Tomcat initialized with port(s): 8080 (http)
2018-07-23 10:22:27.357  INFO shantim2-l2 --- [           main] o.a.c.c.StandardService                  : Starting service [Tomcat]
2018-07-23 10:22:27.363  INFO shantim2-l2 --- [           main] o.a.c.c.StandardEngine                   : Starting Servlet Engine: Apache Tomcat/8.5.23
2018-07-23 10:22:27.792  INFO shantim2-l2 --- [ost-startStop-1] o.a.c.c.C.[.[.[/]                        : Initializing Spring embedded WebApplicationContext
2018-07-23 10:22:27.794  INFO shantim2-l2 --- [ost-startStop-1] o.s.w.c.ContextLoader                    : Root WebApplicationContext: initialization completed in 7428 ms
2018-07-23 10:22:28.465  INFO shantim2-l2 --- [ost-startStop-1] o.s.b.w.s.ServletRegistrationBean        : Mapping servlet: 'dispatcherServlet' to [/]
2018-07-23 10:22:28.477  INFO shantim2-l2 --- [ost-startStop-1] o.s.b.w.s.FilterRegistrationBean         : Mapping filter: 'characterEncodingFilter' to: [/*]
2018-07-23 10:22:28.479  INFO shantim2-l2 --- [ost-startStop-1] o.s.b.w.s.FilterRegistrationBean         : Mapping filter: 'hiddenHttpMethodFilter' to: [/*]
2018-07-23 10:22:28.480  INFO shantim2-l2 --- [ost-startStop-1] o.s.b.w.s.FilterRegistrationBean         : Mapping filter: 'httpPutFormContentFilter' to: [/*]
2018-07-23 10:22:28.481  INFO shantim2-l2 --- [ost-startStop-1] o.s.b.w.s.FilterRegistrationBean         : Mapping filter: 'requestContextFilter' to: [/*]
2018-07-23 10:22:30.094  INFO shantim2-l2 --- [           main] s.w.s.m.m.a.RequestMappingHandlerAdapter : Looking for @ControllerAdvice: org.springframework.boot.context.embedded.AnnotationConfigEmbeddedWebApplicationContext@63475ace: startup date [Mon Jul 23 10:22:20 IST 2018]; root of context hierarchy
2018-07-23 10:22:30.386  INFO shantim2-l2 --- [           main] s.w.s.m.m.a.RequestMappingHandlerMapping : Mapped "{[/UserApp/user],methods=[GET],produces=[application/json || application/xml]}" onto public com.dm_02_tbdapp.bean.UserProfile com.dm_02_tbdapp.controller.UserAppController.setUserProfile(java.lang.String)
2018-07-23 10:22:30.391  INFO shantim2-l2 --- [           main] s.w.s.m.m.a.RequestMappingHandlerMapping : Mapped "{[/UserApp/login],methods=[POST]}" onto public org.json.simple.JSONObject com.dm_02_tbdapp.controller.UserAppController.loginUser(org.json.simple.JSONObject)
2018-07-23 10:22:30.393  INFO shantim2-l2 --- [           main] s.w.s.m.m.a.RequestMappingHandlerMapping : Mapped "{[/UserApp/RegisterUser],methods=[POST]}" onto public org.json.simple.JSONObject com.dm_02_tbdapp.controller.UserAppController.newUser(org.json.simple.JSONObject)
2018-07-23 10:22:30.395  INFO shantim2-l2 --- [           main] s.w.s.m.m.a.RequestMappingHandlerMapping : Mapped "{[/UserApp/logout],methods=[GET]}" onto public org.json.simple.JSONObject com.dm_02_tbdapp.controller.UserAppController.logoutUser()
2018-07-23 10:22:30.397  INFO shantim2-l2 --- [           main] s.w.s.m.m.a.RequestMappingHandlerMapping : Mapped "{[/UserApp/registerUser],methods=[GET]}" onto public org.json.simple.JSONObject com.dm_02_tbdapp.controller.UserAppController.registerUser(com.dm_02_tbdapp.bean.User)
2018-07-23 10:22:30.399  INFO shantim2-l2 --- [           main] s.w.s.m.m.a.RequestMappingHandlerMapping : Mapped "{[/UserApp/updateUser],methods=[GET]}" onto public org.json.simple.JSONObject com.dm_02_tbdapp.controller.UserAppController.updateUser(com.dm_02_tbdapp.bean.User)
2018-07-23 10:22:30.401  INFO shantim2-l2 --- [           main] s.w.s.m.m.a.RequestMappingHandlerMapping : Mapped "{[/UserApp/updateUserAddress],methods=[GET]}" onto public org.json.simple.JSONObject com.dm_02_tbdapp.controller.UserAppController.updateAddress(com.dm_02_tbdapp.bean.User)
2018-07-23 10:22:30.402  INFO shantim2-l2 --- [           main] s.w.s.m.m.a.RequestMappingHandlerMapping : Mapped "{[/UserApp/addAddress],methods=[GET]}" onto public org.json.simple.JSONObject com.dm_02_tbdapp.controller.UserAppController.addAddress(com.dm_02_tbdapp.bean.User)
2018-07-23 10:22:30.404  INFO shantim2-l2 --- [           main] s.w.s.m.m.a.RequestMappingHandlerMapping : Mapped "{[/UserApp/removeAddress],methods=[GET]}" onto public org.json.simple.JSONObject com.dm_02_tbdapp.controller.UserAppController.removeAddress(com.dm_02_tbdapp.bean.User)
2018-07-23 10:22:30.420  INFO shantim2-l2 --- [           main] s.w.s.m.m.a.RequestMappingHandlerMapping : Mapped "{[/error]}" onto public org.springframework.http.ResponseEntity<java.util.Map<java.lang.String, java.lang.Object>> org.springframework.boot.autoconfigure.web.BasicErrorController.error(javax.servlet.http.HttpServletRequest)
2018-07-23 10:22:30.424  INFO shantim2-l2 --- [           main] s.w.s.m.m.a.RequestMappingHandlerMapping : Mapped "{[/error],produces=[text/html]}" onto public org.springframework.web.servlet.ModelAndView org.springframework.boot.autoconfigure.web.BasicErrorController.errorHtml(javax.servlet.http.HttpServletRequest,javax.servlet.http.HttpServletResponse)
2018-07-23 10:22:30.580  INFO shantim2-l2 --- [           main] o.s.w.s.h.SimpleUrlHandlerMapping        : Mapped URL path [/webjars/**] onto handler of type [class org.springframework.web.servlet.resource.ResourceHttpRequestHandler]
2018-07-23 10:22:30.582  INFO shantim2-l2 --- [           main] o.s.w.s.h.SimpleUrlHandlerMapping        : Mapped URL path [/**] onto handler of type [class org.springframework.web.servlet.resource.ResourceHttpRequestHandler]
2018-07-23 10:22:30.785  INFO shantim2-l2 --- [           main] o.s.w.s.h.SimpleUrlHandlerMapping        : Mapped URL path [/**/favicon.ico] onto handler of type [class org.springframework.web.servlet.resource.ResourceHttpRequestHandler]
2018-07-23 10:22:31.699  INFO shantim2-l2 --- [           main] o.s.j.e.a.AnnotationMBeanExporter        : Registering beans for JMX exposure on startup
2018-07-23 10:22:31.823  INFO shantim2-l2 --- [           main] o.a.c.h.Http11NioProtocol                : Initializing ProtocolHandler ["http-nio-8080"]
2018-07-23 10:22:31.885  INFO shantim2-l2 --- [           main] o.a.c.h.Http11NioProtocol                : Starting ProtocolHandler ["http-nio-8080"]
2018-07-23 10:22:32.055  INFO shantim2-l2 --- [           main] o.a.t.u.n.NioSelectorPool                : Using a shared selector for servlet write/read
2018-07-23 10:22:32.150  INFO shantim2-l2 --- [           main] s.b.c.e.t.TomcatEmbeddedServletContainer : Tomcat started on port(s): 8080 (http)
2018-07-23 10:22:32.178  INFO shantim2-l2 --- [           main] c.d.c.App                                : Started App in 14.501 seconds (JVM running for 25.514)
2018-07-23 10:26:47.096  INFO shantim2-l2 --- [nio-8080-exec-1] o.a.c.c.C.[.[.[/]                        : Initializing Spring FrameworkServlet 'dispatcherServlet'
2018-07-23 10:26:47.098  INFO shantim2-l2 --- [nio-8080-exec-1] o.s.w.s.DispatcherServlet                : FrameworkServlet 'dispatcherServlet': initialization started
2018-07-23 10:26:47.162  INFO shantim2-l2 --- [nio-8080-exec-1] o.s.w.s.DispatcherServlet                : FrameworkServlet 'dispatcherServlet': initialization completed in 64 ms
2018-07-23 10:26:47.542  INFO shantim2-l2 --- [nio-8080-exec-1] c.d.c.UserManager                        : entered into UserManager class 
2018-07-23 10:26:47.546  INFO shantim2-l2 --- [nio-8080-exec-1] c.d.c.UserManager                        : registeredNewUserObj is:  shashi 
2018-07-23 10:26:47.802  INFO shantim2-l2 --- [nio-8080-exec-5] c.d.c.UserManager                        : entered into UserManager class 
2018-07-23 10:26:47.803  INFO shantim2-l2 --- [nio-8080-exec-5] c.d.c.UserManager                        : registeredNewUserObj is: shashi 
2018-07-23 10:27:36.406 ERROR shantim2-l2 --- [nio-8080-exec-7] o.a.c.c.C.[.[.[.[dispatcherServlet]      : Servlet.service() for servlet [dispatcherServlet] in context with path [] threw exception [Request processing failed; nested exception is java.lang.ClassCastException: java.lang.String cannot be cast to java.lang.Integer] with root cause
java.lang.ClassCastException: java.lang.String cannot be cast to java.lang.Integer
	at com.dm_02_tbdapp.dao.RegisterNewUserDAO.register(RegisterNewUserDAO.java:15)
	at com.dm_02_tbdapp.controller.UserManager.registerNewUser(UserManager.java:54)
	at com.dm_02_tbdapp.controller.UserAppController.newUser(UserAppController.java:107)
	at sun.reflect.NativeMethodAccessorImpl.invoke0(Native Method)
	at sun.reflect.NativeMethodAccessorImpl.invoke(NativeMethodAccessorImpl.java:62)
	at sun.reflect.DelegatingMethodAccessorImpl.invoke(DelegatingMethodAccessorImpl.java:43)
	at java.lang.reflect.Method.invoke(Method.java:498)
	at org.springframework.web.method.support.InvocableHandlerMethod.doInvoke(InvocableHandlerMethod.java:205)
	at org.springframework.web.method.support.InvocableHandlerMethod.invokeForRequest(InvocableHandlerMethod.java:133)
	at org.springframework.web.servlet.mvc.method.annotation.ServletInvocableHandlerMethod.invokeAndHandle(ServletInvocableHandlerMethod.java:97)
	at org.springframework.web.servlet.mvc.method.annotation.RequestMappingHandlerAdapter.invokeHandlerMethod(RequestMappingHandlerAdapter.java:827)
	at org.springframework.web.servlet.mvc.method.annotation.RequestMappingHandlerAdapter.handleInternal(RequestMappingHandlerAdapter.java:738)
	at org.springframework.web.servlet.mvc.method.AbstractHandlerMethodAdapter.handle(AbstractHandlerMethodAdapter.java:85)
	at org.springframework.web.servlet.DispatcherServlet.doDispatch(DispatcherServlet.java:967)
	at org.springframework.web.servlet.DispatcherServlet.doService(DispatcherServlet.java:901)
	at org.springframework.web.servlet.FrameworkServlet.processRequest(FrameworkServlet.java:970)
	at org.springframework.web.servlet.FrameworkServlet.doPost(FrameworkServlet.java:872)
	at javax.servlet.http.HttpServlet.service(HttpServlet.java:661)
	at org.springframework.web.servlet.FrameworkServlet.service(FrameworkServlet.java:846)
	at javax.servlet.http.HttpServlet.service(HttpServlet.java:742)
	at org.apache.catalina.core.ApplicationFilterChain.internalDoFilter(ApplicationFilterChain.java:231)
	at org.apache.catalina.core.ApplicationFilterChain.doFilter(ApplicationFilterChain.java:166)
	at org.apache.tomcat.websocket.server.WsFilter.doFilter(WsFilter.java:52)
	at org.apache.catalina.core.ApplicationFilterChain.internalDoFilter(ApplicationFilterChain.java:193)
	at org.apache.catalina.core.ApplicationFilterChain.doFilter(ApplicationFilterChain.java:166)
	at org.springframework.web.filter.RequestContextFilter.doFilterInternal(RequestContextFilter.java:99)
	at org.springframework.web.filter.OncePerRequestFilter.doFilter(OncePerRequestFilter.java:107)
	at org.apache.catalina.core.ApplicationFilterChain.internalDoFilter(ApplicationFilterChain.java:193)
	at org.apache.catalina.core.ApplicationFilterChain.doFilter(ApplicationFilterChain.java:166)
	at org.springframework.web.filter.HttpPutFormContentFilter.doFilterInternal(HttpPutFormContentFilter.java:108)
	at org.springframework.web.filter.OncePerRequestFilter.doFilter(OncePerRequestFilter.java:107)
	at org.apache.catalina.core.ApplicationFilterChain.internalDoFilter(ApplicationFilterChain.java:193)
	at org.apache.catalina.core.ApplicationFilterChain.doFilter(ApplicationFilterChain.java:166)
	at org.springframework.web.filter.HiddenHttpMethodFilter.doFilterInternal(HiddenHttpMethodFilter.java:81)
	at org.springframework.web.filter.OncePerRequestFilter.doFilter(OncePerRequestFilter.java:107)
	at org.apache.catalina.core.ApplicationFilterChain.internalDoFilter(ApplicationFilterChain.java:193)
	at org.apache.catalina.core.ApplicationFilterChain.doFilter(ApplicationFilterChain.java:166)
	at org.springframework.web.filter.CharacterEncodingFilter.doFilterInternal(CharacterEncodingFilter.java:197)
	at org.springframework.web.filter.OncePerRequestFilter.doFilter(OncePerRequestFilter.java:107)
	at org.apache.catalina.core.ApplicationFilterChain.internalDoFilter(ApplicationFilterChain.java:193)
	at org.apache.catalina.core.ApplicationFilterChain.doFilter(ApplicationFilterChain.java:166)
	at org.apache.catalina.core.StandardWrapperValve.invoke(StandardWrapperValve.java:199)
	at org.apache.catalina.core.StandardContextValve.invoke(StandardContextValve.java:96)
	at org.apache.catalina.authenticator.AuthenticatorBase.invoke(AuthenticatorBase.java:478)
	at org.apache.catalina.core.StandardHostValve.invoke(StandardHostValve.java:140)
	at org.apache.catalina.valves.ErrorReportValve.invoke(ErrorReportValve.java:81)
	at org.apache.catalina.core.StandardEngineValve.invoke(StandardEngineValve.java:87)
	at org.apache.catalina.connector.CoyoteAdapter.service(CoyoteAdapter.java:342)
	at org.apache.coyote.http11.Http11Processor.service(Http11Processor.java:803)
	at org.apache.coyote.AbstractProcessorLight.process(AbstractProcessorLight.java:66)
	at org.apache.coyote.AbstractProtocol$ConnectionHandler.process(AbstractProtocol.java:868)
	at org.apache.tomcat.util.net.NioEndpoint$SocketProcessor.doRun(NioEndpoint.java:1459)
	at org.apache.tomcat.util.net.SocketProcessorBase.run(SocketProcessorBase.java:49)
	at java.util.concurrent.ThreadPoolExecutor.runWorker(ThreadPoolExecutor.java:1149)
	at java.util.concurrent.ThreadPoolExecutor$Worker.run(ThreadPoolExecutor.java:624)
	at org.apache.tomcat.util.threads.TaskThread$WrappingRunnable.run(TaskThread.java:61)
	at java.lang.Thread.run(Thread.java:748)
2018-07-23 10:29:31.898  INFO shantim2-l2 --- [on(2)-127.0.0.1] inMXBeanRegistrar$SpringApplicationAdmin : Application shutdown requested.
2018-07-23 10:29:31.899  INFO shantim2-l2 --- [on(2)-127.0.0.1] ationConfigEmbeddedWebApplicationContext : Closing org.springframework.boot.context.embedded.AnnotationConfigEmbeddedWebApplicationContext@63475ace: startup date [Mon Jul 23 10:22:20 IST 2018]; root of context hierarchy
2018-07-23 10:29:31.902  INFO shantim2-l2 --- [on(2)-127.0.0.1] o.s.j.e.a.AnnotationMBeanExporter        : Unregistering JMX-exposed beans on shutdown
2018-07-23 10:29:56.917  INFO shantim2-l2 --- [           main] c.d.c.App                                : Starting App on shantim2-l2 with PID 5268 (C:\Users\shashikant\eclipse-workspace\UserApp\target\classes started by shashikant in C:\Users\shashikant\eclipse-workspace\UserApp)
2018-07-23 10:29:56.944  INFO shantim2-l2 --- [           main] c.d.c.App                                : No active profile set, falling back to default profiles: default
2018-07-23 10:29:56.999  INFO shantim2-l2 --- [kground-preinit] o.h.v.i.u.Version                        : HV000001: Hibernate Validator 5.3.5.Final
2018-07-23 10:29:57.150  INFO shantim2-l2 --- [           main] ationConfigEmbeddedWebApplicationContext : Refreshing org.springframework.boot.context.embedded.AnnotationConfigEmbeddedWebApplicationContext@63475ace: startup date [Mon Jul 23 10:29:57 IST 2018]; root of context hierarchy
2018-07-23 10:30:42.061  INFO shantim2-l2 --- [           main] s.b.c.e.t.TomcatEmbeddedServletContainer : Tomcat initialized with port(s): 8080 (http)
2018-07-23 10:30:42.459  INFO shantim2-l2 --- [           main] o.a.c.c.StandardService                  : Starting service [Tomcat]
2018-07-23 10:30:42.503  INFO shantim2-l2 --- [           main] o.a.c.c.StandardEngine                   : Starting Servlet Engine: Apache Tomcat/8.5.23
2018-07-23 10:30:47.183  INFO shantim2-l2 --- [ost-startStop-1] o.a.c.c.C.[.[.[/]                        : Initializing Spring embedded WebApplicationContext
2018-07-23 10:30:47.196  INFO shantim2-l2 --- [ost-startStop-1] o.s.w.c.ContextLoader                    : Root WebApplicationContext: initialization completed in 50057 ms
2018-07-23 10:30:56.653  INFO shantim2-l2 --- [ost-startStop-1] o.s.b.w.s.ServletRegistrationBean        : Mapping servlet: 'dispatcherServlet' to [/]
2018-07-23 10:30:56.888  INFO shantim2-l2 --- [ost-startStop-1] o.s.b.w.s.FilterRegistrationBean         : Mapping filter: 'characterEncodingFilter' to: [/*]
2018-07-23 10:30:56.912  INFO shantim2-l2 --- [ost-startStop-1] o.s.b.w.s.FilterRegistrationBean         : Mapping filter: 'hiddenHttpMethodFilter' to: [/*]
2018-07-23 10:30:56.944  INFO shantim2-l2 --- [ost-startStop-1] o.s.b.w.s.FilterRegistrationBean         : Mapping filter: 'httpPutFormContentFilter' to: [/*]
2018-07-23 10:30:56.961  INFO shantim2-l2 --- [ost-startStop-1] o.s.b.w.s.FilterRegistrationBean         : Mapping filter: 'requestContextFilter' to: [/*]
2018-07-23 10:30:58.967  INFO shantim2-l2 --- [           main] s.w.s.m.m.a.RequestMappingHandlerAdapter : Looking for @ControllerAdvice: org.springframework.boot.context.embedded.AnnotationConfigEmbeddedWebApplicationContext@63475ace: startup date [Mon Jul 23 10:29:57 IST 2018]; root of context hierarchy
2018-07-23 10:30:59.093  INFO shantim2-l2 --- [           main] s.w.s.m.m.a.RequestMappingHandlerMapping : Mapped "{[/UserApp/logout],methods=[GET]}" onto public org.json.simple.JSONObject com.dm_02_tbdapp.controller.UserAppController.logoutUser()
2018-07-23 10:30:59.098  INFO shantim2-l2 --- [           main] s.w.s.m.m.a.RequestMappingHandlerMapping : Mapped "{[/UserApp/registerUser],methods=[GET]}" onto public org.json.simple.JSONObject com.dm_02_tbdapp.controller.UserAppController.registerUser(com.dm_02_tbdapp.bean.User)
2018-07-23 10:30:59.099  INFO shantim2-l2 --- [           main] s.w.s.m.m.a.RequestMappingHandlerMapping : Mapped "{[/UserApp/updateUser],methods=[GET]}" onto public org.json.simple.JSONObject com.dm_02_tbdapp.controller.UserAppController.updateUser(com.dm_02_tbdapp.bean.User)
2018-07-23 10:30:59.099  INFO shantim2-l2 --- [           main] s.w.s.m.m.a.RequestMappingHandlerMapping : Mapped "{[/UserApp/updateUserAddress],methods=[GET]}" onto public org.json.simple.JSONObject com.dm_02_tbdapp.controller.UserAppController.updateAddress(com.dm_02_tbdapp.bean.User)
2018-07-23 10:30:59.101  INFO shantim2-l2 --- [           main] s.w.s.m.m.a.RequestMappingHandlerMapping : Mapped "{[/UserApp/addAddress],methods=[GET]}" onto public org.json.simple.JSONObject com.dm_02_tbdapp.controller.UserAppController.addAddress(com.dm_02_tbdapp.bean.User)
2018-07-23 10:30:59.103  INFO shantim2-l2 --- [           main] s.w.s.m.m.a.RequestMappingHandlerMapping : Mapped "{[/UserApp/removeAddress],methods=[GET]}" onto public org.json.simple.JSONObject com.dm_02_tbdapp.controller.UserAppController.removeAddress(com.dm_02_tbdapp.bean.User)
2018-07-23 10:30:59.104  INFO shantim2-l2 --- [           main] s.w.s.m.m.a.RequestMappingHandlerMapping : Mapped "{[/UserApp/user],methods=[GET],produces=[application/json || application/xml]}" onto public com.dm_02_tbdapp.bean.UserProfile com.dm_02_tbdapp.controller.UserAppController.setUserProfile(java.lang.String)
2018-07-23 10:30:59.105  INFO shantim2-l2 --- [           main] s.w.s.m.m.a.RequestMappingHandlerMapping : Mapped "{[/UserApp/login],methods=[POST]}" onto public org.json.simple.JSONObject com.dm_02_tbdapp.controller.UserAppController.loginUser(org.json.simple.JSONObject)
2018-07-23 10:30:59.106  INFO shantim2-l2 --- [           main] s.w.s.m.m.a.RequestMappingHandlerMapping : Mapped "{[/UserApp/RegisterUser],methods=[POST]}" onto public org.json.simple.JSONObject com.dm_02_tbdapp.controller.UserAppController.newUser(org.json.simple.JSONObject)
2018-07-23 10:30:59.114  INFO shantim2-l2 --- [           main] s.w.s.m.m.a.RequestMappingHandlerMapping : Mapped "{[/error]}" onto public org.springframework.http.ResponseEntity<java.util.Map<java.lang.String, java.lang.Object>> org.springframework.boot.autoconfigure.web.BasicErrorController.error(javax.servlet.http.HttpServletRequest)
2018-07-23 10:30:59.117  INFO shantim2-l2 --- [           main] s.w.s.m.m.a.RequestMappingHandlerMapping : Mapped "{[/error],produces=[text/html]}" onto public org.springframework.web.servlet.ModelAndView org.springframework.boot.autoconfigure.web.BasicErrorController.errorHtml(javax.servlet.http.HttpServletRequest,javax.servlet.http.HttpServletResponse)
2018-07-23 10:30:59.183  INFO shantim2-l2 --- [           main] o.s.w.s.h.SimpleUrlHandlerMapping        : Mapped URL path [/webjars/**] onto handler of type [class org.springframework.web.servlet.resource.ResourceHttpRequestHandler]
2018-07-23 10:30:59.184  INFO shantim2-l2 --- [           main] o.s.w.s.h.SimpleUrlHandlerMapping        : Mapped URL path [/**] onto handler of type [class org.springframework.web.servlet.resource.ResourceHttpRequestHandler]
2018-07-23 10:30:59.268  INFO shantim2-l2 --- [           main] o.s.w.s.h.SimpleUrlHandlerMapping        : Mapped URL path [/**/favicon.ico] onto handler of type [class org.springframework.web.servlet.resource.ResourceHttpRequestHandler]
2018-07-23 10:30:59.590  INFO shantim2-l2 --- [           main] o.s.j.e.a.AnnotationMBeanExporter        : Registering beans for JMX exposure on startup
2018-07-23 10:30:59.625  INFO shantim2-l2 --- [           main] o.a.c.h.Http11NioProtocol                : Initializing ProtocolHandler ["http-nio-8080"]
2018-07-23 10:30:59.640  INFO shantim2-l2 --- [           main] o.a.c.h.Http11NioProtocol                : Starting ProtocolHandler ["http-nio-8080"]
2018-07-23 10:30:59.660  INFO shantim2-l2 --- [           main] o.a.t.u.n.NioSelectorPool                : Using a shared selector for servlet write/read
2018-07-23 10:30:59.696  INFO shantim2-l2 --- [           main] s.b.c.e.t.TomcatEmbeddedServletContainer : Tomcat started on port(s): 8080 (http)
2018-07-23 10:30:59.706  INFO shantim2-l2 --- [           main] c.d.c.App                                : Started App in 64.014 seconds (JVM running for 66.065)
2018-07-23 10:31:08.183  INFO shantim2-l2 --- [nio-8080-exec-2] o.a.c.c.C.[.[.[/]                        : Initializing Spring FrameworkServlet 'dispatcherServlet'
2018-07-23 10:31:08.184  INFO shantim2-l2 --- [nio-8080-exec-2] o.s.w.s.DispatcherServlet                : FrameworkServlet 'dispatcherServlet': initialization started
2018-07-23 10:31:08.209  INFO shantim2-l2 --- [nio-8080-exec-2] o.s.w.s.DispatcherServlet                : FrameworkServlet 'dispatcherServlet': initialization completed in 25 ms
2018-07-23 10:31:08.332 ERROR shantim2-l2 --- [nio-8080-exec-2] o.a.c.c.C.[.[.[.[dispatcherServlet]      : Servlet.service() for servlet [dispatcherServlet] in context with path [] threw exception [Request processing failed; nested exception is java.lang.ClassCastException: java.lang.String cannot be cast to java.lang.Integer] with root cause
java.lang.ClassCastException: java.lang.String cannot be cast to java.lang.Integer
	at com.dm_02_tbdapp.dao.RegisterNewUserDAO.register(RegisterNewUserDAO.java:15)
	at com.dm_02_tbdapp.controller.UserManager.registerNewUser(UserManager.java:54)
	at com.dm_02_tbdapp.controller.UserAppController.newUser(UserAppController.java:107)
	at sun.reflect.NativeMethodAccessorImpl.invoke0(Native Method)
	at sun.reflect.NativeMethodAccessorImpl.invoke(NativeMethodAccessorImpl.java:62)
	at sun.reflect.DelegatingMethodAccessorImpl.invoke(DelegatingMethodAccessorImpl.java:43)
	at java.lang.reflect.Method.invoke(Method.java:498)
	at org.springframework.web.method.support.InvocableHandlerMethod.doInvoke(InvocableHandlerMethod.java:205)
	at org.springframework.web.method.support.InvocableHandlerMethod.invokeForRequest(InvocableHandlerMethod.java:133)
	at org.springframework.web.servlet.mvc.method.annotation.ServletInvocableHandlerMethod.invokeAndHandle(ServletInvocableHandlerMethod.java:97)
	at org.springframework.web.servlet.mvc.method.annotation.RequestMappingHandlerAdapter.invokeHandlerMethod(RequestMappingHandlerAdapter.java:827)
	at org.springframework.web.servlet.mvc.method.annotation.RequestMappingHandlerAdapter.handleInternal(RequestMappingHandlerAdapter.java:738)
	at org.springframework.web.servlet.mvc.method.AbstractHandlerMethodAdapter.handle(AbstractHandlerMethodAdapter.java:85)
	at org.springframework.web.servlet.DispatcherServlet.doDispatch(DispatcherServlet.java:967)
	at org.springframework.web.servlet.DispatcherServlet.doService(DispatcherServlet.java:901)
	at org.springframework.web.servlet.FrameworkServlet.processRequest(FrameworkServlet.java:970)
	at org.springframework.web.servlet.FrameworkServlet.doPost(FrameworkServlet.java:872)
	at javax.servlet.http.HttpServlet.service(HttpServlet.java:661)
	at org.springframework.web.servlet.FrameworkServlet.service(FrameworkServlet.java:846)
	at javax.servlet.http.HttpServlet.service(HttpServlet.java:742)
	at org.apache.catalina.core.ApplicationFilterChain.internalDoFilter(ApplicationFilterChain.java:231)
	at org.apache.catalina.core.ApplicationFilterChain.doFilter(ApplicationFilterChain.java:166)
	at org.apache.tomcat.websocket.server.WsFilter.doFilter(WsFilter.java:52)
	at org.apache.catalina.core.ApplicationFilterChain.internalDoFilter(ApplicationFilterChain.java:193)
	at org.apache.catalina.core.ApplicationFilterChain.doFilter(ApplicationFilterChain.java:166)
	at org.springframework.web.filter.RequestContextFilter.doFilterInternal(RequestContextFilter.java:99)
	at org.springframework.web.filter.OncePerRequestFilter.doFilter(OncePerRequestFilter.java:107)
	at org.apache.catalina.core.ApplicationFilterChain.internalDoFilter(ApplicationFilterChain.java:193)
	at org.apache.catalina.core.ApplicationFilterChain.doFilter(ApplicationFilterChain.java:166)
	at org.springframework.web.filter.HttpPutFormContentFilter.doFilterInternal(HttpPutFormContentFilter.java:108)
	at org.springframework.web.filter.OncePerRequestFilter.doFilter(OncePerRequestFilter.java:107)
	at org.apache.catalina.core.ApplicationFilterChain.internalDoFilter(ApplicationFilterChain.java:193)
	at org.apache.catalina.core.ApplicationFilterChain.doFilter(ApplicationFilterChain.java:166)
	at org.springframework.web.filter.HiddenHttpMethodFilter.doFilterInternal(HiddenHttpMethodFilter.java:81)
	at org.springframework.web.filter.OncePerRequestFilter.doFilter(OncePerRequestFilter.java:107)
	at org.apache.catalina.core.ApplicationFilterChain.internalDoFilter(ApplicationFilterChain.java:193)
	at org.apache.catalina.core.ApplicationFilterChain.doFilter(ApplicationFilterChain.java:166)
	at org.springframework.web.filter.CharacterEncodingFilter.doFilterInternal(CharacterEncodingFilter.java:197)
	at org.springframework.web.filter.OncePerRequestFilter.doFilter(OncePerRequestFilter.java:107)
	at org.apache.catalina.core.ApplicationFilterChain.internalDoFilter(ApplicationFilterChain.java:193)
	at org.apache.catalina.core.ApplicationFilterChain.doFilter(ApplicationFilterChain.java:166)
	at org.apache.catalina.core.StandardWrapperValve.invoke(StandardWrapperValve.java:199)
	at org.apache.catalina.core.StandardContextValve.invoke(StandardContextValve.java:96)
	at org.apache.catalina.authenticator.AuthenticatorBase.invoke(AuthenticatorBase.java:478)
	at org.apache.catalina.core.StandardHostValve.invoke(StandardHostValve.java:140)
	at org.apache.catalina.valves.ErrorReportValve.invoke(ErrorReportValve.java:81)
	at org.apache.catalina.core.StandardEngineValve.invoke(StandardEngineValve.java:87)
	at org.apache.catalina.connector.CoyoteAdapter.service(CoyoteAdapter.java:342)
	at org.apache.coyote.http11.Http11Processor.service(Http11Processor.java:803)
	at org.apache.coyote.AbstractProcessorLight.process(AbstractProcessorLight.java:66)
	at org.apache.coyote.AbstractProtocol$ConnectionHandler.process(AbstractProtocol.java:868)
	at org.apache.tomcat.util.net.NioEndpoint$SocketProcessor.doRun(NioEndpoint.java:1459)
	at org.apache.tomcat.util.net.SocketProcessorBase.run(SocketProcessorBase.java:49)
	at java.util.concurrent.ThreadPoolExecutor.runWorker(ThreadPoolExecutor.java:1149)
	at java.util.concurrent.ThreadPoolExecutor$Worker.run(ThreadPoolExecutor.java:624)
	at org.apache.tomcat.util.threads.TaskThread$WrappingRunnable.run(TaskThread.java:61)
	at java.lang.Thread.run(Thread.java:748)
2018-07-23 10:37:34.274  INFO shantim2-l2 --- [on(2)-127.0.0.1] inMXBeanRegistrar$SpringApplicationAdmin : Application shutdown requested.
2018-07-23 10:37:34.274  INFO shantim2-l2 --- [on(2)-127.0.0.1] ationConfigEmbeddedWebApplicationContext : Closing org.springframework.boot.context.embedded.AnnotationConfigEmbeddedWebApplicationContext@63475ace: startup date [Mon Jul 23 10:29:57 IST 2018]; root of context hierarchy
2018-07-23 10:37:34.290  INFO shantim2-l2 --- [on(2)-127.0.0.1] o.s.j.e.a.AnnotationMBeanExporter        : Unregistering JMX-exposed beans on shutdown
2018-07-23 10:39:10.764  INFO shantim2-l2 --- [           main] c.d.c.App                                : Starting App on shantim2-l2 with PID 1116 (C:\Users\shashikant\eclipse-workspace\UserApp\target\classes started by shashikant in C:\Users\shashikant\eclipse-workspace\UserApp)
2018-07-23 10:39:10.764  INFO shantim2-l2 --- [           main] c.d.c.App                                : No active profile set, falling back to default profiles: default
2018-07-23 10:39:10.842  INFO shantim2-l2 --- [           main] ationConfigEmbeddedWebApplicationContext : Refreshing org.springframework.boot.context.embedded.AnnotationConfigEmbeddedWebApplicationContext@63475ace: startup date [Mon Jul 23 10:39:10 IST 2018]; root of context hierarchy
2018-07-23 10:39:11.045  INFO shantim2-l2 --- [kground-preinit] o.h.v.i.u.Version                        : HV000001: Hibernate Validator 5.3.5.Final
2018-07-23 10:39:12.714  INFO shantim2-l2 --- [           main] s.b.c.e.t.TomcatEmbeddedServletContainer : Tomcat initialized with port(s): 8080 (http)
2018-07-23 10:39:12.729  INFO shantim2-l2 --- [           main] o.a.c.c.StandardService                  : Starting service [Tomcat]
2018-07-23 10:39:12.729  INFO shantim2-l2 --- [           main] o.a.c.c.StandardEngine                   : Starting Servlet Engine: Apache Tomcat/8.5.23
2018-07-23 10:39:12.839  INFO shantim2-l2 --- [ost-startStop-1] o.a.c.c.C.[.[.[/]                        : Initializing Spring embedded WebApplicationContext
2018-07-23 10:39:12.855  INFO shantim2-l2 --- [ost-startStop-1] o.s.w.c.ContextLoader                    : Root WebApplicationContext: initialization completed in 2013 ms
2018-07-23 10:39:13.027  INFO shantim2-l2 --- [ost-startStop-1] o.s.b.w.s.ServletRegistrationBean        : Mapping servlet: 'dispatcherServlet' to [/]
2018-07-23 10:39:13.027  INFO shantim2-l2 --- [ost-startStop-1] o.s.b.w.s.FilterRegistrationBean         : Mapping filter: 'characterEncodingFilter' to: [/*]
2018-07-23 10:39:13.027  INFO shantim2-l2 --- [ost-startStop-1] o.s.b.w.s.FilterRegistrationBean         : Mapping filter: 'hiddenHttpMethodFilter' to: [/*]
2018-07-23 10:39:13.042  INFO shantim2-l2 --- [ost-startStop-1] o.s.b.w.s.FilterRegistrationBean         : Mapping filter: 'httpPutFormContentFilter' to: [/*]
2018-07-23 10:39:13.042  INFO shantim2-l2 --- [ost-startStop-1] o.s.b.w.s.FilterRegistrationBean         : Mapping filter: 'requestContextFilter' to: [/*]
2018-07-23 10:39:13.458  INFO shantim2-l2 --- [           main] s.w.s.m.m.a.RequestMappingHandlerAdapter : Looking for @ControllerAdvice: org.springframework.boot.context.embedded.AnnotationConfigEmbeddedWebApplicationContext@63475ace: startup date [Mon Jul 23 10:39:10 IST 2018]; root of context hierarchy
2018-07-23 10:39:13.536  INFO shantim2-l2 --- [           main] s.w.s.m.m.a.RequestMappingHandlerMapping : Mapped "{[/UserApp/user],methods=[GET],produces=[application/json || application/xml]}" onto public com.dm_02_tbdapp.bean.UserProfile com.dm_02_tbdapp.controller.UserAppController.setUserProfile(java.lang.String)
2018-07-23 10:39:13.536  INFO shantim2-l2 --- [           main] s.w.s.m.m.a.RequestMappingHandlerMapping : Mapped "{[/UserApp/login],methods=[POST]}" onto public org.json.simple.JSONObject com.dm_02_tbdapp.controller.UserAppController.loginUser(org.json.simple.JSONObject)
2018-07-23 10:39:13.536  INFO shantim2-l2 --- [           main] s.w.s.m.m.a.RequestMappingHandlerMapping : Mapped "{[/UserApp/RegisterUser],methods=[POST]}" onto public org.json.simple.JSONObject com.dm_02_tbdapp.controller.UserAppController.newUser(org.json.simple.JSONObject)
2018-07-23 10:39:13.536  INFO shantim2-l2 --- [           main] s.w.s.m.m.a.RequestMappingHandlerMapping : Mapped "{[/UserApp/logout],methods=[GET]}" onto public org.json.simple.JSONObject com.dm_02_tbdapp.controller.UserAppController.logoutUser()
2018-07-23 10:39:13.536  INFO shantim2-l2 --- [           main] s.w.s.m.m.a.RequestMappingHandlerMapping : Mapped "{[/UserApp/registerUser],methods=[GET]}" onto public org.json.simple.JSONObject com.dm_02_tbdapp.controller.UserAppController.registerUser(com.dm_02_tbdapp.bean.User)
2018-07-23 10:39:13.536  INFO shantim2-l2 --- [           main] s.w.s.m.m.a.RequestMappingHandlerMapping : Mapped "{[/UserApp/updateUser],methods=[GET]}" onto public org.json.simple.JSONObject com.dm_02_tbdapp.controller.UserAppController.updateUser(com.dm_02_tbdapp.bean.User)
2018-07-23 10:39:13.536  INFO shantim2-l2 --- [           main] s.w.s.m.m.a.RequestMappingHandlerMapping : Mapped "{[/UserApp/updateUserAddress],methods=[GET]}" onto public org.json.simple.JSONObject com.dm_02_tbdapp.controller.UserAppController.updateAddress(com.dm_02_tbdapp.bean.User)
2018-07-23 10:39:13.551  INFO shantim2-l2 --- [           main] s.w.s.m.m.a.RequestMappingHandlerMapping : Mapped "{[/UserApp/addAddress],methods=[GET]}" onto public org.json.simple.JSONObject com.dm_02_tbdapp.controller.UserAppController.addAddress(com.dm_02_tbdapp.bean.User)
2018-07-23 10:39:13.551  INFO shantim2-l2 --- [           main] s.w.s.m.m.a.RequestMappingHandlerMapping : Mapped "{[/UserApp/removeAddress],methods=[GET]}" onto public org.json.simple.JSONObject com.dm_02_tbdapp.controller.UserAppController.removeAddress(com.dm_02_tbdapp.bean.User)
2018-07-23 10:39:13.551  INFO shantim2-l2 --- [           main] s.w.s.m.m.a.RequestMappingHandlerMapping : Mapped "{[/error]}" onto public org.springframework.http.ResponseEntity<java.util.Map<java.lang.String, java.lang.Object>> org.springframework.boot.autoconfigure.web.BasicErrorController.error(javax.servlet.http.HttpServletRequest)
2018-07-23 10:39:13.551  INFO shantim2-l2 --- [           main] s.w.s.m.m.a.RequestMappingHandlerMapping : Mapped "{[/error],produces=[text/html]}" onto public org.springframework.web.servlet.ModelAndView org.springframework.boot.autoconfigure.web.BasicErrorController.errorHtml(javax.servlet.http.HttpServletRequest,javax.servlet.http.HttpServletResponse)
2018-07-23 10:39:13.598  INFO shantim2-l2 --- [           main] o.s.w.s.h.SimpleUrlHandlerMapping        : Mapped URL path [/webjars/**] onto handler of type [class org.springframework.web.servlet.resource.ResourceHttpRequestHandler]
2018-07-23 10:39:13.598  INFO shantim2-l2 --- [           main] o.s.w.s.h.SimpleUrlHandlerMapping        : Mapped URL path [/**] onto handler of type [class org.springframework.web.servlet.resource.ResourceHttpRequestHandler]
2018-07-23 10:39:13.645  INFO shantim2-l2 --- [           main] o.s.w.s.h.SimpleUrlHandlerMapping        : Mapped URL path [/**/favicon.ico] onto handler of type [class org.springframework.web.servlet.resource.ResourceHttpRequestHandler]
2018-07-23 10:39:13.863  INFO shantim2-l2 --- [           main] o.s.j.e.a.AnnotationMBeanExporter        : Registering beans for JMX exposure on startup
2018-07-23 10:39:13.879  INFO shantim2-l2 --- [           main] o.a.c.h.Http11NioProtocol                : Initializing ProtocolHandler ["http-nio-8080"]
2018-07-23 10:39:13.896  INFO shantim2-l2 --- [           main] o.a.c.h.Http11NioProtocol                : Starting ProtocolHandler ["http-nio-8080"]
2018-07-23 10:39:13.911  INFO shantim2-l2 --- [           main] o.a.t.u.n.NioSelectorPool                : Using a shared selector for servlet write/read
2018-07-23 10:39:13.942  INFO shantim2-l2 --- [           main] s.b.c.e.t.TomcatEmbeddedServletContainer : Tomcat started on port(s): 8080 (http)
2018-07-23 10:39:13.942  INFO shantim2-l2 --- [           main] c.d.c.App                                : Started App in 3.663 seconds (JVM running for 6.08)
2018-07-23 10:50:07.576  INFO shantim2-l2 --- [nio-8080-exec-1] o.a.c.c.C.[.[.[/]                        : Initializing Spring FrameworkServlet 'dispatcherServlet'
2018-07-23 10:50:07.576  INFO shantim2-l2 --- [nio-8080-exec-1] o.s.w.s.DispatcherServlet                : FrameworkServlet 'dispatcherServlet': initialization started
2018-07-23 10:50:07.608  INFO shantim2-l2 --- [nio-8080-exec-1] o.s.w.s.DispatcherServlet                : FrameworkServlet 'dispatcherServlet': initialization completed in 32 ms
2018-07-23 10:50:07.748  INFO shantim2-l2 --- [nio-8080-exec-1] c.d.c.UserManager                        : entered into UserManager class 
2018-07-23 10:50:07.748  INFO shantim2-l2 --- [nio-8080-exec-1] c.d.c.UserManager                        : registeredNewUserObj is:  shashi 
2018-07-23 10:50:07.826  INFO shantim2-l2 --- [nio-8080-exec-2] c.d.c.UserManager                        : entered into UserManager class 
2018-07-23 10:50:07.826  INFO shantim2-l2 --- [nio-8080-exec-2] c.d.c.UserManager                        : registeredNewUserObj is: shashi 
2018-07-23 11:23:12.800  INFO shantim2-l2 --- [nio-8080-exec-4] c.d.c.UserManager                        : entered into UserManager class 
2018-07-23 11:23:12.800  INFO shantim2-l2 --- [nio-8080-exec-4] c.d.c.UserManager                        : registeredNewUserObj is: rohirt
2018-07-23 11:30:00.469  INFO shantim2-l2 --- [nio-8080-exec-6] c.d.c.UserManager                        : entered into UserManager class 
2018-07-23 11:30:00.471  INFO shantim2-l2 --- [nio-8080-exec-6] c.d.c.UserManager                        : registeredNewUserObj is: rohit
2018-07-23 11:53:32.940  INFO shantim2-l2 --- [nio-8080-exec-8] c.d.c.UserManager                        : entered into UserManager class 
2018-07-23 11:53:32.941  INFO shantim2-l2 --- [nio-8080-exec-8] c.d.c.UserManager                        : registeredNewUserObj is: rerwe
2018-07-23 12:06:22.449  INFO shantim2-l2 --- [io-8080-exec-10] c.d.c.UserManager                        : entered into UserManager class 
2018-07-23 12:06:22.450  INFO shantim2-l2 --- [io-8080-exec-10] c.d.c.UserManager                        : registeredNewUserObj is: rohit
2018-07-23 12:06:39.635  INFO shantim2-l2 --- [nio-8080-exec-1] c.d.c.UserManager                        : entered into UserManager class 
2018-07-23 12:06:39.636  INFO shantim2-l2 --- [nio-8080-exec-1] c.d.c.UserManager                        : registeredNewUserObj is: rohit
2018-07-23 12:21:27.010  INFO shantim2-l2 --- [nio-8080-exec-3] c.d.c.UserManager                        : entered into UserManager class 
2018-07-23 12:21:27.011  INFO shantim2-l2 --- [nio-8080-exec-3] c.d.c.UserManager                        : registeredNewUserObj is: 
2018-07-23 12:24:10.226  INFO shantim2-l2 --- [nio-8080-exec-5] c.d.c.UserManager                        : entered into UserManager class 
2018-07-23 12:24:10.233  INFO shantim2-l2 --- [nio-8080-exec-5] c.d.c.UserManager                        : registeredNewUserObj is: rohit
2018-07-23 12:24:17.213  INFO shantim2-l2 --- [nio-8080-exec-6] c.d.c.UserManager                        : entered into UserManager class 
2018-07-23 12:24:17.218  INFO shantim2-l2 --- [nio-8080-exec-6] c.d.c.UserManager                        : registeredNewUserObj is: rohit
2018-07-23 12:24:28.083  INFO shantim2-l2 --- [nio-8080-exec-7] c.d.c.UserManager                        : entered into UserManager class 
2018-07-23 12:24:28.089  INFO shantim2-l2 --- [nio-8080-exec-7] c.d.c.UserManager                        : registeredNewUserObj is: rohit
2018-07-23 12:24:33.755  INFO shantim2-l2 --- [nio-8080-exec-8] c.d.c.UserManager                        : entered into UserManager class 
2018-07-23 12:24:33.761  INFO shantim2-l2 --- [nio-8080-exec-8] c.d.c.UserManager                        : registeredNewUserObj is: rohit
2018-07-23 12:24:40.025  INFO shantim2-l2 --- [nio-8080-exec-9] c.d.c.UserManager                        : entered into UserManager class 
2018-07-23 12:24:40.025  INFO shantim2-l2 --- [nio-8080-exec-9] c.d.c.UserManager                        : registeredNewUserObj is: rohit
2018-07-23 12:31:53.494  INFO shantim2-l2 --- [nio-8080-exec-1] c.d.c.UserManager                        : entered into UserManager class 
2018-07-23 12:31:53.494  INFO shantim2-l2 --- [nio-8080-exec-1] c.d.c.UserManager                        : registeredNewUserObj is: ewr4we
2018-07-23 12:32:29.403  INFO shantim2-l2 --- [nio-8080-exec-2] c.d.c.UserManager                        : entered into UserManager class 
2018-07-23 12:32:29.412  INFO shantim2-l2 --- [nio-8080-exec-2] c.d.c.UserManager                        : registeredNewUserObj is: rtg
2018-07-23 12:34:23.758  INFO shantim2-l2 --- [nio-8080-exec-4] c.d.c.UserManager                        : entered into UserManager class 
2018-07-23 12:34:23.767  INFO shantim2-l2 --- [nio-8080-exec-4] c.d.c.UserManager                        : registeredNewUserObj is: fdsfds
2018-07-23 12:40:56.920  INFO shantim2-l2 --- [nio-8080-exec-6] c.d.c.UserManager                        : entered into UserManager class 
2018-07-23 12:40:56.921  INFO shantim2-l2 --- [nio-8080-exec-6] c.d.c.UserManager                        : registeredNewUserObj is: dfesdfs
2018-07-23 12:51:12.403  INFO shantim2-l2 --- [nio-8080-exec-8] c.d.c.UserManager                        : json object is created and entered into class UserManager.java .
2018-07-23 12:51:12.404  INFO shantim2-l2 --- [nio-8080-exec-8] c.d.c.UserManager                        : this method is responsible to return the json object.
2018-07-23 12:51:58.756  INFO shantim2-l2 --- [nio-8080-exec-9] c.d.c.UserManager                        : json object is created and entered into class UserManager.java .
2018-07-23 12:51:58.756  INFO shantim2-l2 --- [nio-8080-exec-9] c.d.c.UserManager                        : this method is responsible to return the json object.
2018-07-23 12:52:11.569  INFO shantim2-l2 --- [io-8080-exec-10] c.d.c.UserManager                        : json object is created and entered into class UserManager.java .
2018-07-23 12:52:11.569  INFO shantim2-l2 --- [io-8080-exec-10] c.d.c.UserManager                        : this method is responsible to return the json object.
2018-07-23 12:52:14.749  INFO shantim2-l2 --- [nio-8080-exec-1] c.d.c.UserManager                        : json object is created and entered into class UserManager.java .
2018-07-23 12:52:14.750  INFO shantim2-l2 --- [nio-8080-exec-1] c.d.c.UserManager                        : this method is responsible to return the json object.
2018-07-23 12:55:26.610  INFO shantim2-l2 --- [nio-8080-exec-3] c.d.c.UserManager                        : json object is created and entered into class UserManager.java .
2018-07-23 12:55:26.611  INFO shantim2-l2 --- [nio-8080-exec-3] c.d.c.UserManager                        : this method is responsible to return the json object.
2018-07-23 14:19:03.612  INFO shantim2-l2 --- [nio-8080-exec-5] c.d.c.UserManager                        : entered into UserManager class 
2018-07-23 14:19:03.612  INFO shantim2-l2 --- [nio-8080-exec-5] c.d.c.UserManager                        : registeredNewUserObj is: rohit
2018-07-23 14:20:05.618  INFO shantim2-l2 --- [nio-8080-exec-7] c.d.c.UserManager                        : entered into UserManager class 
2018-07-23 14:20:05.746  INFO shantim2-l2 --- [nio-8080-exec-7] c.d.c.UserManager                        : registeredNewUserObj is: rohir
2018-07-23 14:20:36.314  INFO shantim2-l2 --- [nio-8080-exec-8] c.d.c.UserManager                        : entered into UserManager class 
2018-07-23 14:20:36.314  INFO shantim2-l2 --- [nio-8080-exec-8] c.d.c.UserManager                        : registeredNewUserObj is: rohir
2018-07-23 14:21:45.501  INFO shantim2-l2 --- [io-8080-exec-10] c.d.c.UserManager                        : entered into UserManager class 
2018-07-23 14:21:45.508  INFO shantim2-l2 --- [io-8080-exec-10] c.d.c.UserManager                        : registeredNewUserObj is: rphot
2018-07-23 14:23:00.822  INFO shantim2-l2 --- [nio-8080-exec-2] c.d.c.UserManager                        : entered into UserManager class 
2018-07-23 14:23:00.823  INFO shantim2-l2 --- [nio-8080-exec-2] c.d.c.UserManager                        : registeredNewUserObj is: 
2018-07-23 14:23:17.578  INFO shantim2-l2 --- [nio-8080-exec-3] c.d.c.UserManager                        : entered into UserManager class 
2018-07-23 14:23:17.586  INFO shantim2-l2 --- [nio-8080-exec-3] c.d.c.UserManager                        : registeredNewUserObj is: rohit
2018-07-23 14:23:38.636  INFO shantim2-l2 --- [nio-8080-exec-4] c.d.c.UserManager                        : entered into UserManager class 
2018-07-23 14:23:38.644  INFO shantim2-l2 --- [nio-8080-exec-4] c.d.c.UserManager                        : registeredNewUserObj is: rohit
2018-07-23 14:23:39.587  INFO shantim2-l2 --- [nio-8080-exec-5] c.d.c.UserManager                        : entered into UserManager class 
2018-07-23 14:23:39.592  INFO shantim2-l2 --- [nio-8080-exec-5] c.d.c.UserManager                        : registeredNewUserObj is: rohit
2018-07-23 14:23:45.226  INFO shantim2-l2 --- [nio-8080-exec-6] c.d.c.UserManager                        : entered into UserManager class 
2018-07-23 14:23:45.232  INFO shantim2-l2 --- [nio-8080-exec-6] c.d.c.UserManager                        : registeredNewUserObj is: rohit
2018-07-23 14:23:45.745  INFO shantim2-l2 --- [nio-8080-exec-7] c.d.c.UserManager                        : entered into UserManager class 
2018-07-23 14:23:45.814  INFO shantim2-l2 --- [nio-8080-exec-7] c.d.c.UserManager                        : registeredNewUserObj is: rohit
2018-07-23 14:23:51.775  INFO shantim2-l2 --- [nio-8080-exec-8] c.d.c.UserManager                        : entered into UserManager class 
2018-07-23 14:23:51.989  INFO shantim2-l2 --- [nio-8080-exec-8] c.d.c.UserManager                        : registeredNewUserObj is: rohit
2018-07-23 14:23:52.436  INFO shantim2-l2 --- [nio-8080-exec-9] c.d.c.UserManager                        : entered into UserManager class 
2018-07-23 14:23:52.441  INFO shantim2-l2 --- [nio-8080-exec-9] c.d.c.UserManager                        : registeredNewUserObj is: rohit
2018-07-23 14:23:53.841  INFO shantim2-l2 --- [io-8080-exec-10] c.d.c.UserManager                        : entered into UserManager class 
2018-07-23 14:23:53.907  INFO shantim2-l2 --- [io-8080-exec-10] c.d.c.UserManager                        : registeredNewUserObj is: rohit
2018-07-23 14:23:54.548  INFO shantim2-l2 --- [nio-8080-exec-1] c.d.c.UserManager                        : entered into UserManager class 
2018-07-23 14:23:54.552  INFO shantim2-l2 --- [nio-8080-exec-1] c.d.c.UserManager                        : registeredNewUserObj is: rohit
2018-07-23 14:24:12.456  INFO shantim2-l2 --- [nio-8080-exec-2] c.d.c.UserManager                        : entered into UserManager class 
2018-07-23 14:24:12.456  INFO shantim2-l2 --- [nio-8080-exec-2] c.d.c.UserManager                        : registeredNewUserObj is: rohit
2018-07-23 14:24:12.751  INFO shantim2-l2 --- [nio-8080-exec-3] c.d.c.UserManager                        : entered into UserManager class 
2018-07-23 14:24:12.751  INFO shantim2-l2 --- [nio-8080-exec-3] c.d.c.UserManager                        : registeredNewUserObj is: rohit
2018-07-23 14:24:17.382  INFO shantim2-l2 --- [nio-8080-exec-4] c.d.c.UserManager                        : entered into UserManager class 
2018-07-23 14:24:17.382  INFO shantim2-l2 --- [nio-8080-exec-4] c.d.c.UserManager                        : registeredNewUserObj is: rohit
2018-07-23 14:26:40.629  INFO shantim2-l2 --- [nio-8080-exec-6] c.d.c.UserManager                        : entered into UserManager class 
2018-07-23 14:26:40.629  INFO shantim2-l2 --- [nio-8080-exec-6] c.d.c.UserManager                        : registeredNewUserObj is: rohyit
2018-07-23 14:26:41.119  INFO shantim2-l2 --- [nio-8080-exec-7] c.d.c.UserManager                        : entered into UserManager class 
2018-07-23 14:26:41.119  INFO shantim2-l2 --- [nio-8080-exec-7] c.d.c.UserManager                        : registeredNewUserObj is: rohyit
2018-07-23 14:26:59.146  INFO shantim2-l2 --- [nio-8080-exec-8] c.d.c.UserManager                        : entered into UserManager class 
2018-07-23 14:26:59.147  INFO shantim2-l2 --- [nio-8080-exec-8] c.d.c.UserManager                        : registeredNewUserObj is: rohyit
2018-07-23 14:27:43.671  INFO shantim2-l2 --- [nio-8080-exec-9] c.d.c.UserManager                        : entered into UserManager class 
2018-07-23 14:27:43.678  INFO shantim2-l2 --- [nio-8080-exec-9] c.d.c.UserManager                        : registeredNewUserObj is: rohyit
2018-07-23 14:28:12.292  INFO shantim2-l2 --- [io-8080-exec-10] c.d.c.UserManager                        : entered into UserManager class 
2018-07-23 14:28:12.303  INFO shantim2-l2 --- [io-8080-exec-10] c.d.c.UserManager                        : registeredNewUserObj is: rohgit
2018-07-23 14:28:22.215  INFO shantim2-l2 --- [nio-8080-exec-1] c.d.c.UserManager                        : entered into UserManager class 
2018-07-23 14:28:22.215  INFO shantim2-l2 --- [nio-8080-exec-1] c.d.c.UserManager                        : registeredNewUserObj is: rohgit
2018-07-23 14:33:14.837  INFO shantim2-l2 --- [nio-8080-exec-3] c.d.c.UserManager                        : entered into UserManager class 
2018-07-23 14:33:14.844  INFO shantim2-l2 --- [nio-8080-exec-3] c.d.c.UserManager                        : registeredNewUserObj is: fd
2018-07-23 14:33:32.659  INFO shantim2-l2 --- [nio-8080-exec-4] c.d.c.UserManager                        : entered into UserManager class 
2018-07-23 14:33:32.663  INFO shantim2-l2 --- [nio-8080-exec-4] c.d.c.UserManager                        : registeredNewUserObj is: fd
2018-07-23 14:33:49.019  INFO shantim2-l2 --- [nio-8080-exec-5] c.d.c.UserManager                        : entered into UserManager class 
2018-07-23 14:33:49.037  INFO shantim2-l2 --- [nio-8080-exec-5] c.d.c.UserManager                        : registeredNewUserObj is: fd
2018-07-23 14:33:56.274  INFO shantim2-l2 --- [nio-8080-exec-6] c.d.c.UserManager                        : entered into UserManager class 
2018-07-23 14:33:56.315  INFO shantim2-l2 --- [nio-8080-exec-6] c.d.c.UserManager                        : registeredNewUserObj is: fd
2018-07-23 14:41:24.500  INFO shantim2-l2 --- [nio-8080-exec-8] c.d.c.UserManager                        : entered into UserManager class 
2018-07-23 14:41:24.500  INFO shantim2-l2 --- [nio-8080-exec-8] c.d.c.UserManager                        : registeredNewUserObj is: rohit
2018-07-23 14:43:51.665  INFO shantim2-l2 --- [io-8080-exec-10] c.d.c.UserManager                        : entered into UserManager class 
2018-07-23 14:43:51.665  INFO shantim2-l2 --- [io-8080-exec-10] c.d.c.UserManager                        : registeredNewUserObj is: rohit
2018-07-23 14:44:02.584  INFO shantim2-l2 --- [nio-8080-exec-1] c.d.c.UserManager                        : entered into UserManager class 
2018-07-23 14:44:02.585  INFO shantim2-l2 --- [nio-8080-exec-1] c.d.c.UserManager                        : registeredNewUserObj is: rohit
2018-07-23 14:44:54.164  INFO shantim2-l2 --- [nio-8080-exec-2] c.d.c.UserManager                        : entered into UserManager class 
2018-07-23 14:44:54.164  INFO shantim2-l2 --- [nio-8080-exec-2] c.d.c.UserManager                        : registeredNewUserObj is: rohit
2018-07-23 14:45:10.142  INFO shantim2-l2 --- [nio-8080-exec-3] c.d.c.UserManager                        : entered into UserManager class 
2018-07-23 14:45:10.143  INFO shantim2-l2 --- [nio-8080-exec-3] c.d.c.UserManager                        : registeredNewUserObj is: rohit
2018-07-23 14:47:10.295  INFO shantim2-l2 --- [nio-8080-exec-5] c.d.c.UserManager                        : entered into UserManager class 
2018-07-23 14:47:10.295  INFO shantim2-l2 --- [nio-8080-exec-5] c.d.c.UserManager                        : registeredNewUserObj is: rohit
2018-07-23 14:47:16.140  INFO shantim2-l2 --- [nio-8080-exec-6] c.d.c.UserManager                        : entered into UserManager class 
2018-07-23 14:47:16.140  INFO shantim2-l2 --- [nio-8080-exec-6] c.d.c.UserManager                        : registeredNewUserObj is: rohit
2018-07-23 14:47:24.499  INFO shantim2-l2 --- [nio-8080-exec-7] c.d.c.UserManager                        : entered into UserManager class 
2018-07-23 14:47:24.500  INFO shantim2-l2 --- [nio-8080-exec-7] c.d.c.UserManager                        : registeredNewUserObj is: rohit
2018-07-23 14:47:28.862  INFO shantim2-l2 --- [nio-8080-exec-8] c.d.c.UserManager                        : entered into UserManager class 
2018-07-23 14:47:28.863  INFO shantim2-l2 --- [nio-8080-exec-8] c.d.c.UserManager                        : registeredNewUserObj is: rohit
2018-07-23 14:47:33.999  INFO shantim2-l2 --- [nio-8080-exec-9] c.d.c.UserManager                        : entered into UserManager class 
2018-07-23 14:47:33.999  INFO shantim2-l2 --- [nio-8080-exec-9] c.d.c.UserManager                        : registeredNewUserObj is: rohit
2018-07-23 14:47:41.766  INFO shantim2-l2 --- [io-8080-exec-10] c.d.c.UserManager                        : entered into UserManager class 
2018-07-23 14:47:41.766  INFO shantim2-l2 --- [io-8080-exec-10] c.d.c.UserManager                        : registeredNewUserObj is: rohit
2018-07-23 14:47:49.999  INFO shantim2-l2 --- [nio-8080-exec-1] c.d.c.UserManager                        : entered into UserManager class 
2018-07-23 14:47:49.999  INFO shantim2-l2 --- [nio-8080-exec-1] c.d.c.UserManager                        : registeredNewUserObj is: rohit
2018-07-23 14:48:20.463  INFO shantim2-l2 --- [nio-8080-exec-2] c.d.c.UserManager                        : entered into UserManager class 
2018-07-23 14:48:20.463  INFO shantim2-l2 --- [nio-8080-exec-2] c.d.c.UserManager                        : registeredNewUserObj is: rohit
2018-07-23 14:48:37.188  INFO shantim2-l2 --- [nio-8080-exec-3] c.d.c.UserManager                        : entered into UserManager class 
2018-07-23 14:48:37.189  INFO shantim2-l2 --- [nio-8080-exec-3] c.d.c.UserManager                        : registeredNewUserObj is: dfds
2018-07-23 14:48:41.978  INFO shantim2-l2 --- [nio-8080-exec-4] c.d.c.UserManager                        : entered into UserManager class 
2018-07-23 14:48:41.979  INFO shantim2-l2 --- [nio-8080-exec-4] c.d.c.UserManager                        : registeredNewUserObj is: dfds
2018-07-23 14:50:47.795  INFO shantim2-l2 --- [nio-8080-exec-6] c.d.c.UserManager                        : entered into UserManager class 
2018-07-23 14:50:47.801  INFO shantim2-l2 --- [nio-8080-exec-6] c.d.c.UserManager                        : registeredNewUserObj is: rohit
2018-07-23 14:50:52.915  INFO shantim2-l2 --- [nio-8080-exec-7] c.d.c.UserManager                        : entered into UserManager class 
2018-07-23 14:50:52.950  INFO shantim2-l2 --- [nio-8080-exec-7] c.d.c.UserManager                        : registeredNewUserObj is: rohit
2018-07-23 14:50:57.526  INFO shantim2-l2 --- [nio-8080-exec-8] c.d.c.UserManager                        : entered into UserManager class 
2018-07-23 14:50:57.526  INFO shantim2-l2 --- [nio-8080-exec-8] c.d.c.UserManager                        : registeredNewUserObj is: rohit
2018-07-23 14:51:03.223  INFO shantim2-l2 --- [nio-8080-exec-9] c.d.c.UserManager                        : entered into UserManager class 
2018-07-23 14:51:03.223  INFO shantim2-l2 --- [nio-8080-exec-9] c.d.c.UserManager                        : registeredNewUserObj is: rohit
2018-07-23 14:51:10.419  INFO shantim2-l2 --- [io-8080-exec-10] c.d.c.UserManager                        : entered into UserManager class 
2018-07-23 14:51:10.419  INFO shantim2-l2 --- [io-8080-exec-10] c.d.c.UserManager                        : registeredNewUserObj is: rohit
2018-07-23 14:51:10.597  INFO shantim2-l2 --- [nio-8080-exec-1] c.d.c.UserManager                        : entered into UserManager class 
2018-07-23 14:51:10.597  INFO shantim2-l2 --- [nio-8080-exec-1] c.d.c.UserManager                        : registeredNewUserObj is: rohit
2018-07-23 14:51:10.804  INFO shantim2-l2 --- [nio-8080-exec-2] c.d.c.UserManager                        : entered into UserManager class 
2018-07-23 14:51:10.804  INFO shantim2-l2 --- [nio-8080-exec-2] c.d.c.UserManager                        : registeredNewUserObj is: rohit
2018-07-23 14:53:07.283  INFO shantim2-l2 --- [nio-8080-exec-4] c.d.c.UserManager                        : entered into UserManager class 
2018-07-23 14:53:07.283  INFO shantim2-l2 --- [nio-8080-exec-4] c.d.c.UserManager                        : registeredNewUserObj is: rohit
2018-07-23 14:53:15.032  INFO shantim2-l2 --- [nio-8080-exec-5] c.d.c.UserManager                        : entered into UserManager class 
2018-07-23 14:53:15.032  INFO shantim2-l2 --- [nio-8080-exec-5] c.d.c.UserManager                        : registeredNewUserObj is: rohit
2018-07-23 14:53:15.912  INFO shantim2-l2 --- [nio-8080-exec-6] c.d.c.UserManager                        : entered into UserManager class 
2018-07-23 14:53:15.912  INFO shantim2-l2 --- [nio-8080-exec-6] c.d.c.UserManager                        : registeredNewUserObj is: rohit
2018-07-23 14:53:16.173  INFO shantim2-l2 --- [nio-8080-exec-7] c.d.c.UserManager                        : entered into UserManager class 
2018-07-23 14:53:16.173  INFO shantim2-l2 --- [nio-8080-exec-7] c.d.c.UserManager                        : registeredNewUserObj is: rohit
2018-07-23 14:53:20.556  INFO shantim2-l2 --- [nio-8080-exec-8] c.d.c.UserManager                        : entered into UserManager class 
2018-07-23 14:53:20.556  INFO shantim2-l2 --- [nio-8080-exec-8] c.d.c.UserManager                        : registeredNewUserObj is: rohit
2018-07-23 14:53:21.202  INFO shantim2-l2 --- [nio-8080-exec-9] c.d.c.UserManager                        : entered into UserManager class 
2018-07-23 14:53:21.202  INFO shantim2-l2 --- [nio-8080-exec-9] c.d.c.UserManager                        : registeredNewUserObj is: rohit
2018-07-23 14:53:28.967  INFO shantim2-l2 --- [io-8080-exec-10] c.d.c.UserManager                        : entered into UserManager class 
2018-07-23 14:53:28.968  INFO shantim2-l2 --- [io-8080-exec-10] c.d.c.UserManager                        : registeredNewUserObj is: rohit
2018-07-23 14:53:56.597  INFO shantim2-l2 --- [nio-8080-exec-1] c.d.c.UserManager                        : entered into UserManager class 
2018-07-23 14:53:56.597  INFO shantim2-l2 --- [nio-8080-exec-1] c.d.c.UserManager                        : registeredNewUserObj is: rohit
2018-07-23 15:01:28.073  INFO shantim2-l2 --- [nio-8080-exec-3] c.d.c.UserManager                        : entered into UserManager class 
2018-07-23 15:01:28.073  INFO shantim2-l2 --- [nio-8080-exec-3] c.d.c.UserManager                        : registeredNewUserObj is: rohit
2018-07-23 15:01:30.655  INFO shantim2-l2 --- [nio-8080-exec-4] c.d.c.UserManager                        : entered into UserManager class 
2018-07-23 15:01:30.655  INFO shantim2-l2 --- [nio-8080-exec-4] c.d.c.UserManager                        : registeredNewUserObj is: rohit
2018-07-23 15:03:23.550  INFO shantim2-l2 --- [nio-8080-exec-6] c.d.c.UserManager                        : entered into UserManager class 
2018-07-23 15:03:23.551  INFO shantim2-l2 --- [nio-8080-exec-6] c.d.c.UserManager                        : registeredNewUserObj is: rohit
2018-07-23 15:04:08.586  INFO shantim2-l2 --- [nio-8080-exec-7] c.d.c.UserManager                        : entered into UserManager class 
2018-07-23 15:04:08.586  INFO shantim2-l2 --- [nio-8080-exec-7] c.d.c.UserManager                        : registeredNewUserObj is: roohit
2018-07-23 15:04:18.272  INFO shantim2-l2 --- [nio-8080-exec-8] c.d.c.UserManager                        : entered into UserManager class 
2018-07-23 15:04:18.273  INFO shantim2-l2 --- [nio-8080-exec-8] c.d.c.UserManager                        : registeredNewUserObj is: roohit
2018-07-23 15:04:57.338  INFO shantim2-l2 --- [nio-8080-exec-9] c.d.c.UserManager                        : entered into UserManager class 
2018-07-23 15:04:57.342  INFO shantim2-l2 --- [nio-8080-exec-9] c.d.c.UserManager                        : registeredNewUserObj is: rohit
2018-07-23 15:05:05.132  INFO shantim2-l2 --- [io-8080-exec-10] c.d.c.UserManager                        : entered into UserManager class 
2018-07-23 15:05:05.144  INFO shantim2-l2 --- [io-8080-exec-10] c.d.c.UserManager                        : registeredNewUserObj is: rohit
2018-07-23 15:05:14.379  INFO shantim2-l2 --- [nio-8080-exec-1] c.d.c.UserManager                        : entered into UserManager class 
2018-07-23 15:05:14.383  INFO shantim2-l2 --- [nio-8080-exec-1] c.d.c.UserManager                        : registeredNewUserObj is: rohit
2018-07-23 15:05:21.000  INFO shantim2-l2 --- [nio-8080-exec-2] c.d.c.UserManager                        : entered into UserManager class 
2018-07-23 15:05:21.004  INFO shantim2-l2 --- [nio-8080-exec-2] c.d.c.UserManager                        : registeredNewUserObj is: rohit
2018-07-23 15:05:25.610  INFO shantim2-l2 --- [nio-8080-exec-3] c.d.c.UserManager                        : entered into UserManager class 
2018-07-23 15:05:25.614  INFO shantim2-l2 --- [nio-8080-exec-3] c.d.c.UserManager                        : registeredNewUserObj is: rohit
2018-07-23 15:10:25.351  INFO shantim2-l2 --- [nio-8080-exec-5] c.d.c.UserManager                        : entered into UserManager class 
2018-07-23 15:10:25.352  INFO shantim2-l2 --- [nio-8080-exec-5] c.d.c.UserManager                        : registeredNewUserObj is: rohit
2018-07-23 15:10:57.343  INFO shantim2-l2 --- [nio-8080-exec-6] c.d.c.UserManager                        : entered into UserManager class 
2018-07-23 15:10:57.344  INFO shantim2-l2 --- [nio-8080-exec-6] c.d.c.UserManager                        : registeredNewUserObj is: fdgdf
2018-07-23 15:11:03.402  INFO shantim2-l2 --- [nio-8080-exec-7] c.d.c.UserManager                        : entered into UserManager class 
2018-07-23 15:11:03.403  INFO shantim2-l2 --- [nio-8080-exec-7] c.d.c.UserManager                        : registeredNewUserObj is: fdgdf
2018-07-23 15:16:46.756  INFO shantim2-l2 --- [nio-8080-exec-9] c.d.c.UserManager                        : entered into UserManager class 
2018-07-23 15:16:46.756  INFO shantim2-l2 --- [nio-8080-exec-9] c.d.c.UserManager                        : registeredNewUserObj is: fdgdf
2018-07-23 15:17:12.177  INFO shantim2-l2 --- [io-8080-exec-10] c.d.c.UserManager                        : entered into UserManager class 
2018-07-23 15:17:12.183  INFO shantim2-l2 --- [io-8080-exec-10] c.d.c.UserManager                        : registeredNewUserObj is: fbhj
2018-07-23 15:17:21.546  INFO shantim2-l2 --- [nio-8080-exec-1] c.d.c.UserManager                        : entered into UserManager class 
2018-07-23 15:17:21.550  INFO shantim2-l2 --- [nio-8080-exec-1] c.d.c.UserManager                        : registeredNewUserObj is: fbhj
2018-07-23 15:18:54.952  INFO shantim2-l2 --- [nio-8080-exec-3] c.d.c.UserManager                        : entered into UserManager class 
2018-07-23 15:18:54.953  INFO shantim2-l2 --- [nio-8080-exec-3] c.d.c.UserManager                        : registeredNewUserObj is: rohit
2018-07-23 15:21:31.830  INFO shantim2-l2 --- [nio-8080-exec-5] c.d.c.UserManager                        : entered into UserManager class 
2018-07-23 15:21:31.831  INFO shantim2-l2 --- [nio-8080-exec-5] c.d.c.UserManager                        : registeredNewUserObj is: rohit
2018-07-23 15:23:18.276  INFO shantim2-l2 --- [nio-8080-exec-7] c.d.c.UserManager                        : entered into UserManager class 
2018-07-23 15:23:18.277  INFO shantim2-l2 --- [nio-8080-exec-7] c.d.c.UserManager                        : registeredNewUserObj is: rohitq
2018-07-23 15:24:05.797  INFO shantim2-l2 --- [nio-8080-exec-8] c.d.c.UserManager                        : entered into UserManager class 
2018-07-23 15:24:05.798  INFO shantim2-l2 --- [nio-8080-exec-8] c.d.c.UserManager                        : registeredNewUserObj is: rete
2018-07-23 15:24:32.798  INFO shantim2-l2 --- [io-8080-exec-10] c.d.c.UserManager                        : entered into UserManager class 
2018-07-23 15:24:32.798  INFO shantim2-l2 --- [io-8080-exec-10] c.d.c.UserManager                        : registeredNewUserObj is: fer
2018-07-23 15:24:39.172  INFO shantim2-l2 --- [nio-8080-exec-1] c.d.c.UserManager                        : entered into UserManager class 
2018-07-23 15:24:39.172  INFO shantim2-l2 --- [nio-8080-exec-1] c.d.c.UserManager                        : registeredNewUserObj is: fer
2018-07-23 15:29:41.906  INFO shantim2-l2 --- [nio-8080-exec-3] c.d.c.UserManager                        : entered into UserManager class 
2018-07-23 15:29:41.907  INFO shantim2-l2 --- [nio-8080-exec-3] c.d.c.UserManager                        : registeredNewUserObj is: fer
2018-07-23 15:30:04.193  INFO shantim2-l2 --- [nio-8080-exec-4] c.d.c.UserManager                        : entered into UserManager class 
2018-07-23 15:30:04.194  INFO shantim2-l2 --- [nio-8080-exec-4] c.d.c.UserManager                        : registeredNewUserObj is: 4erwr
2018-07-23 15:31:10.047  INFO shantim2-l2 --- [nio-8080-exec-6] c.d.c.UserManager                        : entered into UserManager class 
2018-07-23 15:31:10.047  INFO shantim2-l2 --- [nio-8080-exec-6] c.d.c.UserManager                        : registeredNewUserObj is: freet
2018-07-23 15:32:14.183  INFO shantim2-l2 --- [nio-8080-exec-8] c.d.c.UserManager                        : entered into UserManager class 
2018-07-23 15:32:14.184  INFO shantim2-l2 --- [nio-8080-exec-8] c.d.c.UserManager                        : registeredNewUserObj is: freet
2018-07-23 15:34:19.302  INFO shantim2-l2 --- [io-8080-exec-10] c.d.c.UserManager                        : json object is created and entered into class UserManager.java .
2018-07-23 15:34:19.303  INFO shantim2-l2 --- [io-8080-exec-10] c.d.c.UserManager                        : this method is responsible to return the json object.
2018-07-23 15:34:24.256  INFO shantim2-l2 --- [nio-8080-exec-1] c.d.c.UserManager                        : json object is created and entered into class UserManager.java .
2018-07-23 15:34:24.257  INFO shantim2-l2 --- [nio-8080-exec-1] c.d.c.UserManager                        : this method is responsible to return the json object.
2018-07-23 15:36:06.987  INFO shantim2-l2 --- [nio-8080-exec-3] c.d.c.UserManager                        : entered into UserManager class 
2018-07-23 15:36:06.988  INFO shantim2-l2 --- [nio-8080-exec-3] c.d.c.UserManager                        : registeredNewUserObj is: 
2018-07-23 15:53:25.723  INFO shantim2-l2 --- [nio-8080-exec-5] c.d.c.UserManager                        : entered into UserManager class 
2018-07-23 15:53:25.723  INFO shantim2-l2 --- [nio-8080-exec-5] c.d.c.UserManager                        : registeredNewUserObj is: rohitq
2018-07-23 16:18:54.434  INFO shantim2-l2 --- [nio-8080-exec-7] c.d.c.UserManager                        : entered into UserManager class 
2018-07-23 16:18:54.442  INFO shantim2-l2 --- [nio-8080-exec-7] c.d.c.UserManager                        : registeredNewUserObj is: rohit
2018-07-23 16:21:40.189  INFO shantim2-l2 --- [nio-8080-exec-9] c.d.c.UserManager                        : entered into UserManager class 
2018-07-23 16:21:40.189  INFO shantim2-l2 --- [nio-8080-exec-9] c.d.c.UserManager                        : registeredNewUserObj is: rohit
2018-07-23 16:24:14.973  INFO shantim2-l2 --- [nio-8080-exec-1] c.d.c.UserManager                        : entered into UserManager class 
2018-07-23 16:24:14.973  INFO shantim2-l2 --- [nio-8080-exec-1] c.d.c.UserManager                        : registeredNewUserObj is: rohit
2018-07-23 16:25:01.116  INFO shantim2-l2 --- [nio-8080-exec-3] c.d.c.UserManager                        : entered into UserManager class 
2018-07-23 16:25:01.120  INFO shantim2-l2 --- [nio-8080-exec-3] c.d.c.UserManager                        : registeredNewUserObj is: rohir
2018-07-23 16:28:50.627  INFO shantim2-l2 --- [nio-8080-exec-5] c.d.c.UserManager                        : entered into UserManager class 
2018-07-23 16:28:50.627  INFO shantim2-l2 --- [nio-8080-exec-5] c.d.c.UserManager                        : registeredNewUserObj is: rohit
2018-07-23 16:29:53.307  INFO shantim2-l2 --- [nio-8080-exec-7] c.d.c.UserManager                        : entered into UserManager class 
2018-07-23 16:29:53.308  INFO shantim2-l2 --- [nio-8080-exec-7] c.d.c.UserManager                        : registeredNewUserObj is: rohitr
2018-07-23 16:34:55.008  INFO shantim2-l2 --- [nio-8080-exec-9] c.d.c.UserManager                        : entered into UserManager class 
2018-07-23 16:34:55.008  INFO shantim2-l2 --- [nio-8080-exec-9] c.d.c.UserManager                        : registeredNewUserObj is: rohit
2018-07-23 16:37:43.878  INFO shantim2-l2 --- [nio-8080-exec-1] c.d.c.UserManager                        : entered into UserManager class 
2018-07-23 16:37:43.880  INFO shantim2-l2 --- [nio-8080-exec-1] c.d.c.UserManager                        : registeredNewUserObj is: rohit
2018-07-23 16:41:52.410  INFO shantim2-l2 --- [nio-8080-exec-3] c.d.c.UserManager                        : entered into UserManager class 
2018-07-23 16:41:52.548  INFO shantim2-l2 --- [nio-8080-exec-3] c.d.c.UserManager                        : registeredNewUserObj is: rohit
2018-07-23 16:44:16.630  INFO shantim2-l2 --- [nio-8080-exec-5] c.d.c.UserManager                        : entered into UserManager class 
2018-07-23 16:44:16.631  INFO shantim2-l2 --- [nio-8080-exec-5] c.d.c.UserManager                        : registeredNewUserObj is: 
2018-07-23 16:45:22.128  INFO shantim2-l2 --- [nio-8080-exec-7] c.d.c.UserManager                        : entered into UserManager class 
2018-07-23 16:45:22.129  INFO shantim2-l2 --- [nio-8080-exec-7] c.d.c.UserManager                        : registeredNewUserObj is: fdgfdg
2018-07-23 16:47:44.248  INFO shantim2-l2 --- [nio-8080-exec-9] c.d.c.UserManager                        : entered into UserManager class 
2018-07-23 16:47:44.253  INFO shantim2-l2 --- [nio-8080-exec-9] c.d.c.UserManager                        : registeredNewUserObj is: 
2018-07-23 16:47:51.359  INFO shantim2-l2 --- [io-8080-exec-10] c.d.c.UserManager                        : entered into UserManager class 
2018-07-23 16:47:51.362  INFO shantim2-l2 --- [io-8080-exec-10] c.d.c.UserManager                        : registeredNewUserObj is: rojit
2018-07-23 16:47:54.896  INFO shantim2-l2 --- [nio-8080-exec-1] c.d.c.UserManager                        : entered into UserManager class 
2018-07-23 16:47:54.902  INFO shantim2-l2 --- [nio-8080-exec-1] c.d.c.UserManager                        : registeredNewUserObj is: rojit
2018-07-23 16:47:55.351  INFO shantim2-l2 --- [nio-8080-exec-2] c.d.c.UserManager                        : entered into UserManager class 
2018-07-23 16:47:55.355  INFO shantim2-l2 --- [nio-8080-exec-2] c.d.c.UserManager                        : registeredNewUserObj is: rojit
2018-07-23 16:47:55.859  INFO shantim2-l2 --- [nio-8080-exec-3] c.d.c.UserManager                        : entered into UserManager class 
2018-07-23 16:47:55.864  INFO shantim2-l2 --- [nio-8080-exec-3] c.d.c.UserManager                        : registeredNewUserObj is: rojit
2018-07-23 16:47:56.067  INFO shantim2-l2 --- [nio-8080-exec-4] c.d.c.UserManager                        : entered into UserManager class 
2018-07-23 16:47:56.071  INFO shantim2-l2 --- [nio-8080-exec-4] c.d.c.UserManager                        : registeredNewUserObj is: rojit
2018-07-23 16:47:56.257  INFO shantim2-l2 --- [nio-8080-exec-5] c.d.c.UserManager                        : entered into UserManager class 
2018-07-23 16:47:56.261  INFO shantim2-l2 --- [nio-8080-exec-5] c.d.c.UserManager                        : registeredNewUserObj is: rojit
2018-07-23 16:48:06.055  INFO shantim2-l2 --- [nio-8080-exec-6] c.d.c.UserManager                        : entered into UserManager class 
2018-07-23 16:48:06.061  INFO shantim2-l2 --- [nio-8080-exec-6] c.d.c.UserManager                        : registeredNewUserObj is: rojit
2018-07-23 16:48:06.418  INFO shantim2-l2 --- [nio-8080-exec-7] c.d.c.UserManager                        : entered into UserManager class 
2018-07-23 16:48:06.423  INFO shantim2-l2 --- [nio-8080-exec-7] c.d.c.UserManager                        : registeredNewUserObj is: rojit
2018-07-23 16:48:06.738  INFO shantim2-l2 --- [nio-8080-exec-8] c.d.c.UserManager                        : entered into UserManager class 
2018-07-23 16:48:06.742  INFO shantim2-l2 --- [nio-8080-exec-8] c.d.c.UserManager                        : registeredNewUserObj is: rojit
2018-07-23 16:48:06.986  INFO shantim2-l2 --- [nio-8080-exec-9] c.d.c.UserManager                        : entered into UserManager class 
2018-07-23 16:48:06.990  INFO shantim2-l2 --- [nio-8080-exec-9] c.d.c.UserManager                        : registeredNewUserObj is: rojit
2018-07-23 16:48:08.169  INFO shantim2-l2 --- [io-8080-exec-10] c.d.c.UserManager                        : entered into UserManager class 
2018-07-23 16:48:08.173  INFO shantim2-l2 --- [io-8080-exec-10] c.d.c.UserManager                        : registeredNewUserObj is: rojit
2018-07-23 16:48:08.348  INFO shantim2-l2 --- [nio-8080-exec-1] c.d.c.UserManager                        : entered into UserManager class 
2018-07-23 16:48:08.348  INFO shantim2-l2 --- [nio-8080-exec-1] c.d.c.UserManager                        : registeredNewUserObj is: rojit
2018-07-23 16:48:17.203  INFO shantim2-l2 --- [nio-8080-exec-2] c.d.c.UserManager                        : entered into UserManager class 
2018-07-23 16:48:17.203  INFO shantim2-l2 --- [nio-8080-exec-2] c.d.c.UserManager                        : registeredNewUserObj is: rojit
2018-07-23 16:49:15.611  INFO shantim2-l2 --- [nio-8080-exec-3] c.d.c.UserManager                        : entered into UserManager class 
2018-07-23 16:49:15.611  INFO shantim2-l2 --- [nio-8080-exec-3] c.d.c.UserManager                        : registeredNewUserObj is: rohit
2018-07-23 16:49:22.231  INFO shantim2-l2 --- [nio-8080-exec-4] c.d.c.UserManager                        : entered into UserManager class 
2018-07-23 16:49:22.232  INFO shantim2-l2 --- [nio-8080-exec-4] c.d.c.UserManager                        : registeredNewUserObj is: rohit
2018-07-23 16:50:16.367  INFO shantim2-l2 --- [nio-8080-exec-6] c.d.c.UserManager                        : entered into UserManager class 
2018-07-23 16:50:16.367  INFO shantim2-l2 --- [nio-8080-exec-6] c.d.c.UserManager                        : registeredNewUserObj is: rohit
2018-07-23 16:50:20.794  INFO shantim2-l2 --- [nio-8080-exec-7] c.d.c.UserManager                        : entered into UserManager class 
2018-07-23 16:50:20.809  INFO shantim2-l2 --- [nio-8080-exec-7] c.d.c.UserManager                        : registeredNewUserObj is: rohit
2018-07-23 16:51:04.622  INFO shantim2-l2 --- [nio-8080-exec-8] c.d.c.UserManager                        : entered into UserManager class 
2018-07-23 16:51:04.623  INFO shantim2-l2 --- [nio-8080-exec-8] c.d.c.UserManager                        : registeredNewUserObj is: rohit
2018-07-23 16:51:13.290  INFO shantim2-l2 --- [nio-8080-exec-9] c.d.c.UserManager                        : entered into UserManager class 
2018-07-23 16:51:13.290  INFO shantim2-l2 --- [nio-8080-exec-9] c.d.c.UserManager                        : registeredNewUserObj is: rohit
2018-07-23 16:51:14.283  INFO shantim2-l2 --- [io-8080-exec-10] c.d.c.UserManager                        : entered into UserManager class 
2018-07-23 16:51:14.283  INFO shantim2-l2 --- [io-8080-exec-10] c.d.c.UserManager                        : registeredNewUserObj is: rohit
2018-07-23 16:51:58.052  INFO shantim2-l2 --- [nio-8080-exec-1] c.d.c.UserManager                        : entered into UserManager class 
2018-07-23 16:51:58.066  INFO shantim2-l2 --- [nio-8080-exec-1] c.d.c.UserManager                        : registeredNewUserObj is: 
2018-07-23 16:52:32.939  INFO shantim2-l2 --- [nio-8080-exec-2] c.d.c.UserManager                        : entered into UserManager class 
2018-07-23 16:52:32.939  INFO shantim2-l2 --- [nio-8080-exec-2] c.d.c.UserManager                        : registeredNewUserObj is: 
2018-07-23 16:53:16.324  INFO shantim2-l2 --- [nio-8080-exec-3] c.d.c.UserManager                        : entered into UserManager class 
2018-07-23 16:53:16.324  INFO shantim2-l2 --- [nio-8080-exec-3] c.d.c.UserManager                        : registeredNewUserObj is: 
2018-07-23 16:57:41.108  INFO shantim2-l2 --- [nio-8080-exec-5] c.d.c.UserManager                        : entered into UserManager class 
2018-07-23 16:57:41.113  INFO shantim2-l2 --- [nio-8080-exec-5] c.d.c.UserManager                        : registeredNewUserObj is: rohit
2018-07-23 17:36:36.164  INFO shantim2-l2 --- [nio-8080-exec-7] c.d.c.UserManager                        : entered into UserManager class 
2018-07-23 17:36:36.168  INFO shantim2-l2 --- [nio-8080-exec-7] c.d.c.UserManager                        : registeredNewUserObj is: 
2018-07-23 17:37:05.986  INFO shantim2-l2 --- [nio-8080-exec-8] c.d.c.UserManager                        : entered into UserManager class 
2018-07-23 17:37:05.986  INFO shantim2-l2 --- [nio-8080-exec-8] c.d.c.UserManager                        : registeredNewUserObj is: rohit
2018-07-23 17:42:45.244  INFO shantim2-l2 --- [io-8080-exec-10] c.d.c.UserManager                        : entered into UserManager class 
2018-07-23 17:42:45.244  INFO shantim2-l2 --- [io-8080-exec-10] c.d.c.UserManager                        : registeredNewUserObj is: rohit
2018-07-23 18:00:36.641  INFO shantim2-l2 --- [nio-8080-exec-2] c.d.c.UserManager                        : entered into UserManager class 
2018-07-23 18:00:36.641  INFO shantim2-l2 --- [nio-8080-exec-2] c.d.c.UserManager                        : registeredNewUserObj is: 
2018-07-23 18:00:45.257  INFO shantim2-l2 --- [nio-8080-exec-3] c.d.c.UserManager                        : entered into UserManager class 
2018-07-23 18:00:45.257  INFO shantim2-l2 --- [nio-8080-exec-3] c.d.c.UserManager                        : registeredNewUserObj is: rohit
2018-07-23 18:00:54.948  INFO shantim2-l2 --- [nio-8080-exec-4] c.d.c.UserManager                        : entered into UserManager class 
2018-07-23 18:00:54.948  INFO shantim2-l2 --- [nio-8080-exec-4] c.d.c.UserManager                        : registeredNewUserObj is: rohit
2018-07-23 18:01:30.151  INFO shantim2-l2 --- [nio-8080-exec-5] c.d.c.UserManager                        : entered into UserManager class 
2018-07-23 18:01:30.151  INFO shantim2-l2 --- [nio-8080-exec-5] c.d.c.UserManager                        : registeredNewUserObj is: rohit
2018-07-23 18:01:55.927  INFO shantim2-l2 --- [nio-8080-exec-6] c.d.c.UserManager                        : entered into UserManager class 
2018-07-23 18:01:55.927  INFO shantim2-l2 --- [nio-8080-exec-6] c.d.c.UserManager                        : registeredNewUserObj is: rohit
2018-07-23 18:02:54.128  INFO shantim2-l2 --- [nio-8080-exec-7] c.d.c.UserManager                        : entered into UserManager class 
2018-07-23 18:02:54.128  INFO shantim2-l2 --- [nio-8080-exec-7] c.d.c.UserManager                        : registeredNewUserObj is: rohit
2018-07-23 18:09:16.299  INFO shantim2-l2 --- [nio-8080-exec-9] c.d.c.UserManager                        : entered into UserManager class 
2018-07-23 18:09:16.299  INFO shantim2-l2 --- [nio-8080-exec-9] c.d.c.UserManager                        : registeredNewUserObj is: rohit
2018-07-23 18:09:33.807  INFO shantim2-l2 --- [io-8080-exec-10] c.d.c.UserManager                        : entered into UserManager class 
2018-07-23 18:09:33.807  INFO shantim2-l2 --- [io-8080-exec-10] c.d.c.UserManager                        : registeredNewUserObj is: rohit
2018-07-23 18:09:59.187  INFO shantim2-l2 --- [nio-8080-exec-1] c.d.c.UserManager                        : entered into UserManager class 
2018-07-23 18:09:59.187  INFO shantim2-l2 --- [nio-8080-exec-1] c.d.c.UserManager                        : registeredNewUserObj is: rohit
2018-07-23 18:10:02.726  INFO shantim2-l2 --- [nio-8080-exec-2] c.d.c.UserManager                        : entered into UserManager class 
2018-07-23 18:10:02.726  INFO shantim2-l2 --- [nio-8080-exec-2] c.d.c.UserManager                        : registeredNewUserObj is: rohit
2018-07-23 18:10:15.738  INFO shantim2-l2 --- [nio-8080-exec-3] c.d.c.UserManager                        : entered into UserManager class 
2018-07-23 18:10:15.738  INFO shantim2-l2 --- [nio-8080-exec-3] c.d.c.UserManager                        : registeredNewUserObj is: rohit
2018-07-23 18:10:19.598  INFO shantim2-l2 --- [nio-8080-exec-4] c.d.c.UserManager                        : entered into UserManager class 
2018-07-23 18:10:19.598  INFO shantim2-l2 --- [nio-8080-exec-4] c.d.c.UserManager                        : registeredNewUserObj is: rohit
2018-07-23 18:13:58.817  INFO shantim2-l2 --- [nio-8080-exec-6] c.d.c.UserManager                        : entered into UserManager class 
2018-07-23 18:13:58.817  INFO shantim2-l2 --- [nio-8080-exec-6] c.d.c.UserManager                        : registeredNewUserObj is: rohit
2018-07-23 18:14:12.838  INFO shantim2-l2 --- [nio-8080-exec-7] c.d.c.UserManager                        : entered into UserManager class 
2018-07-23 18:14:12.838  INFO shantim2-l2 --- [nio-8080-exec-7] c.d.c.UserManager                        : registeredNewUserObj is: rohit
2018-07-23 18:33:43.650  INFO shantim2-l2 --- [on(2)-127.0.0.1] inMXBeanRegistrar$SpringApplicationAdmin : Application shutdown requested.
2018-07-23 18:33:43.650  INFO shantim2-l2 --- [on(2)-127.0.0.1] ationConfigEmbeddedWebApplicationContext : Closing org.springframework.boot.context.embedded.AnnotationConfigEmbeddedWebApplicationContext@63475ace: startup date [Mon Jul 23 10:39:10 IST 2018]; root of context hierarchy
2018-07-23 18:33:43.650  INFO shantim2-l2 --- [on(2)-127.0.0.1] o.s.j.e.a.AnnotationMBeanExporter        : Unregistering JMX-exposed beans on shutdown
