2018-07-19 10:18:54.507  INFO shantim2-l2 --- [           main] c.d.c.App                                : Starting App on shantim2-l2 with PID 2672 (C:\Users\shashikant\eclipse-workspace\UserApp\target\classes started by shashikant in C:\Users\shashikant\eclipse-workspace\UserApp)
2018-07-19 10:18:54.548  INFO shantim2-l2 --- [           main] c.d.c.App                                : No active profile set, falling back to default profiles: default
2018-07-19 10:18:54.689  INFO shantim2-l2 --- [           main] ationConfigEmbeddedWebApplicationContext : Refreshing org.springframework.boot.context.embedded.AnnotationConfigEmbeddedWebApplicationContext@63475ace: startup date [Thu Jul 19 10:18:54 IST 2018]; root of context hierarchy
2018-07-19 10:18:54.996  INFO shantim2-l2 --- [kground-preinit] o.h.v.i.u.Version                        : HV000001: Hibernate Validator 5.3.5.Final
2018-07-19 10:18:57.047  INFO shantim2-l2 --- [           main] s.b.c.e.t.TomcatEmbeddedServletContainer : Tomcat initialized with port(s): 8080 (http)
2018-07-19 10:18:57.073  INFO shantim2-l2 --- [           main] o.a.c.c.StandardService                  : Starting service [Tomcat]
2018-07-19 10:18:57.074  INFO shantim2-l2 --- [           main] o.a.c.c.StandardEngine                   : Starting Servlet Engine: Apache Tomcat/8.5.23
2018-07-19 10:18:57.228  INFO shantim2-l2 --- [ost-startStop-1] o.a.c.c.C.[.[.[/]                        : Initializing Spring embedded WebApplicationContext
2018-07-19 10:18:57.228  INFO shantim2-l2 --- [ost-startStop-1] o.s.w.c.ContextLoader                    : Root WebApplicationContext: initialization completed in 2579 ms
2018-07-19 10:18:57.431  INFO shantim2-l2 --- [ost-startStop-1] o.s.b.w.s.ServletRegistrationBean        : Mapping servlet: 'dispatcherServlet' to [/]
2018-07-19 10:18:57.437  INFO shantim2-l2 --- [ost-startStop-1] o.s.b.w.s.FilterRegistrationBean         : Mapping filter: 'characterEncodingFilter' to: [/*]
2018-07-19 10:18:57.438  INFO shantim2-l2 --- [ost-startStop-1] o.s.b.w.s.FilterRegistrationBean         : Mapping filter: 'hiddenHttpMethodFilter' to: [/*]
2018-07-19 10:18:57.438  INFO shantim2-l2 --- [ost-startStop-1] o.s.b.w.s.FilterRegistrationBean         : Mapping filter: 'httpPutFormContentFilter' to: [/*]
2018-07-19 10:18:57.439  INFO shantim2-l2 --- [ost-startStop-1] o.s.b.w.s.FilterRegistrationBean         : Mapping filter: 'requestContextFilter' to: [/*]
2018-07-19 10:18:58.582  INFO shantim2-l2 --- [           main] s.w.s.m.m.a.RequestMappingHandlerAdapter : Looking for @ControllerAdvice: org.springframework.boot.context.embedded.AnnotationConfigEmbeddedWebApplicationContext@63475ace: startup date [Thu Jul 19 10:18:54 IST 2018]; root of context hierarchy
2018-07-19 10:18:58.816  INFO shantim2-l2 --- [           main] s.w.s.m.m.a.RequestMappingHandlerMapping : Mapped "{[/UserApp/user],methods=[GET],produces=[application/json || application/xml]}" onto public com.dm_02_tbdapp.bean.UserProfile com.dm_02_tbdapp.controller.UserAppController.setUserProfile(java.lang.String)
2018-07-19 10:18:58.820  INFO shantim2-l2 --- [           main] s.w.s.m.m.a.RequestMappingHandlerMapping : Mapped "{[/UserApp/login],methods=[POST]}" onto public org.json.simple.JSONObject com.dm_02_tbdapp.controller.UserAppController.loginUser(org.json.simple.JSONObject)
2018-07-19 10:18:58.822  INFO shantim2-l2 --- [           main] s.w.s.m.m.a.RequestMappingHandlerMapping : Mapped "{[/UserApp/RegisterUser],methods=[POST]}" onto public org.json.simple.JSONObject com.dm_02_tbdapp.controller.UserAppController.newUser(org.json.simple.JSONObject)
2018-07-19 10:18:58.825  INFO shantim2-l2 --- [           main] s.w.s.m.m.a.RequestMappingHandlerMapping : Mapped "{[/UserApp/logout],methods=[GET]}" onto public org.json.simple.JSONObject com.dm_02_tbdapp.controller.UserAppController.logoutUser()
2018-07-19 10:18:58.832  INFO shantim2-l2 --- [           main] s.w.s.m.m.a.RequestMappingHandlerMapping : Mapped "{[/UserApp/registerUser],methods=[GET]}" onto public org.json.simple.JSONObject com.dm_02_tbdapp.controller.UserAppController.registerUser(com.dm_02_tbdapp.bean.User)
2018-07-19 10:18:58.833  INFO shantim2-l2 --- [           main] s.w.s.m.m.a.RequestMappingHandlerMapping : Mapped "{[/UserApp/updateUser],methods=[GET]}" onto public org.json.simple.JSONObject com.dm_02_tbdapp.controller.UserAppController.updateUser(com.dm_02_tbdapp.bean.User)
2018-07-19 10:18:58.835  INFO shantim2-l2 --- [           main] s.w.s.m.m.a.RequestMappingHandlerMapping : Mapped "{[/UserApp/updateUserAddress],methods=[GET]}" onto public org.json.simple.JSONObject com.dm_02_tbdapp.controller.UserAppController.updateAddress(com.dm_02_tbdapp.bean.User)
2018-07-19 10:18:58.836  INFO shantim2-l2 --- [           main] s.w.s.m.m.a.RequestMappingHandlerMapping : Mapped "{[/UserApp/addAddress],methods=[GET]}" onto public org.json.simple.JSONObject com.dm_02_tbdapp.controller.UserAppController.addAddress(com.dm_02_tbdapp.bean.User)
2018-07-19 10:18:58.840  INFO shantim2-l2 --- [           main] s.w.s.m.m.a.RequestMappingHandlerMapping : Mapped "{[/UserApp/removeAddress],methods=[GET]}" onto public org.json.simple.JSONObject com.dm_02_tbdapp.controller.UserAppController.removeAddress(com.dm_02_tbdapp.bean.User)
2018-07-19 10:18:58.861  INFO shantim2-l2 --- [           main] s.w.s.m.m.a.RequestMappingHandlerMapping : Mapped "{[/error]}" onto public org.springframework.http.ResponseEntity<java.util.Map<java.lang.String, java.lang.Object>> org.springframework.boot.autoconfigure.web.BasicErrorController.error(javax.servlet.http.HttpServletRequest)
2018-07-19 10:18:58.866  INFO shantim2-l2 --- [           main] s.w.s.m.m.a.RequestMappingHandlerMapping : Mapped "{[/error],produces=[text/html]}" onto public org.springframework.web.servlet.ModelAndView org.springframework.boot.autoconfigure.web.BasicErrorController.errorHtml(javax.servlet.http.HttpServletRequest,javax.servlet.http.HttpServletResponse)
2018-07-19 10:18:59.055  INFO shantim2-l2 --- [           main] o.s.w.s.h.SimpleUrlHandlerMapping        : Mapped URL path [/webjars/**] onto handler of type [class org.springframework.web.servlet.resource.ResourceHttpRequestHandler]
2018-07-19 10:18:59.057  INFO shantim2-l2 --- [           main] o.s.w.s.h.SimpleUrlHandlerMapping        : Mapped URL path [/**] onto handler of type [class org.springframework.web.servlet.resource.ResourceHttpRequestHandler]
2018-07-19 10:18:59.204  INFO shantim2-l2 --- [           main] o.s.w.s.h.SimpleUrlHandlerMapping        : Mapped URL path [/**/favicon.ico] onto handler of type [class org.springframework.web.servlet.resource.ResourceHttpRequestHandler]
2018-07-19 10:18:59.933  INFO shantim2-l2 --- [           main] o.s.j.e.a.AnnotationMBeanExporter        : Registering beans for JMX exposure on startup
2018-07-19 10:19:00.000  INFO shantim2-l2 --- [           main] o.a.c.h.Http11NioProtocol                : Initializing ProtocolHandler ["http-nio-8080"]
2018-07-19 10:19:00.028  INFO shantim2-l2 --- [           main] o.a.c.h.Http11NioProtocol                : Starting ProtocolHandler ["http-nio-8080"]
2018-07-19 10:19:00.125  INFO shantim2-l2 --- [           main] o.a.t.u.n.NioSelectorPool                : Using a shared selector for servlet write/read
2018-07-19 10:19:00.184  INFO shantim2-l2 --- [           main] s.b.c.e.t.TomcatEmbeddedServletContainer : Tomcat started on port(s): 8080 (http)
2018-07-19 10:19:00.205  INFO shantim2-l2 --- [           main] c.d.c.App                                : Started App in 6.122 seconds (JVM running for 9.741)
2018-07-19 10:24:02.558  INFO shantim2-l2 --- [nio-8080-exec-3] o.a.c.c.C.[.[.[/]                        : Initializing Spring FrameworkServlet 'dispatcherServlet'
2018-07-19 10:24:02.559  INFO shantim2-l2 --- [nio-8080-exec-3] o.s.w.s.DispatcherServlet                : FrameworkServlet 'dispatcherServlet': initialization started
2018-07-19 10:24:02.629  INFO shantim2-l2 --- [nio-8080-exec-3] o.s.w.s.DispatcherServlet                : FrameworkServlet 'dispatcherServlet': initialization completed in 68 ms
2018-07-19 10:24:03.086  INFO shantim2-l2 --- [nio-8080-exec-3] c.d.c.UserManager                        : json object is created and entered into class UserManager.java .
2018-07-19 10:24:03.090  INFO shantim2-l2 --- [nio-8080-exec-3] c.d.c.UserManager                        : this method is responsible to return the json object.
2018-07-19 10:24:03.709  INFO shantim2-l2 --- [nio-8080-exec-1] c.d.c.UserManager                        : entered into UserManager class 
2018-07-19 10:24:03.710  INFO shantim2-l2 --- [nio-8080-exec-1] c.d.c.UserManager                        : registeredNewUserObj is: shahshi
2018-07-19 10:24:03.752  INFO shantim2-l2 --- [nio-8080-exec-5] c.d.c.UserManager                        : entered into UserManager class 
2018-07-19 10:24:03.753  INFO shantim2-l2 --- [nio-8080-exec-5] c.d.c.UserManager                        : registeredNewUserObj is: shashi
2018-07-19 10:26:28.638  WARN shantim2-l2 --- [nio-8080-exec-7] .w.s.m.s.DefaultHandlerExceptionResolver : Failed to read HTTP message: org.springframework.http.converter.HttpMessageNotReadableException: JSON parse error: Unrecognized token 'UserProfile': was expecting ('true', 'false' or 'null'); nested exception is com.fasterxml.jackson.core.JsonParseException: Unrecognized token 'UserProfile': was expecting ('true', 'false' or 'null')
 at [Source: java.io.PushbackInputStream@fa307ed; line: 1, column: 26]
2018-07-19 10:27:19.351  WARN shantim2-l2 --- [nio-8080-exec-2] .w.s.m.s.DefaultHandlerExceptionResolver : Failed to read HTTP message: org.springframework.http.converter.HttpMessageNotReadableException: JSON parse error: Unrecognized token 'UserProfile': was expecting ('true', 'false' or 'null'); nested exception is com.fasterxml.jackson.core.JsonParseException: Unrecognized token 'UserProfile': was expecting ('true', 'false' or 'null')
 at [Source: java.io.PushbackInputStream@377607ec; line: 1, column: 26]
2018-07-19 10:31:47.168  WARN shantim2-l2 --- [nio-8080-exec-6] .w.s.m.s.DefaultHandlerExceptionResolver : Failed to read HTTP message: org.springframework.http.converter.HttpMessageNotReadableException: JSON parse error: Unrecognized token 'UserProfile': was expecting ('true', 'false' or 'null'); nested exception is com.fasterxml.jackson.core.JsonParseException: Unrecognized token 'UserProfile': was expecting ('true', 'false' or 'null')
 at [Source: java.io.PushbackInputStream@75e3b039; line: 1, column: 26]
2018-07-19 10:32:18.467  INFO shantim2-l2 --- [on(2)-127.0.0.1] inMXBeanRegistrar$SpringApplicationAdmin : Application shutdown requested.
2018-07-19 10:32:18.468  INFO shantim2-l2 --- [on(2)-127.0.0.1] ationConfigEmbeddedWebApplicationContext : Closing org.springframework.boot.context.embedded.AnnotationConfigEmbeddedWebApplicationContext@63475ace: startup date [Thu Jul 19 10:18:54 IST 2018]; root of context hierarchy
2018-07-19 10:32:18.480  INFO shantim2-l2 --- [on(2)-127.0.0.1] o.s.j.e.a.AnnotationMBeanExporter        : Unregistering JMX-exposed beans on shutdown
2018-07-19 10:32:36.396  INFO shantim2-l2 --- [           main] c.d.c.App                                : Starting App on shantim2-l2 with PID 6400 (C:\Users\shashikant\eclipse-workspace\UserApp\target\classes started by shashikant in C:\Users\shashikant\eclipse-workspace\UserApp)
2018-07-19 10:32:36.402  INFO shantim2-l2 --- [           main] c.d.c.App                                : No active profile set, falling back to default profiles: default
2018-07-19 10:32:36.615  INFO shantim2-l2 --- [kground-preinit] o.h.v.i.u.Version                        : HV000001: Hibernate Validator 5.3.5.Final
2018-07-19 10:32:36.628  INFO shantim2-l2 --- [           main] ationConfigEmbeddedWebApplicationContext : Refreshing org.springframework.boot.context.embedded.AnnotationConfigEmbeddedWebApplicationContext@63475ace: startup date [Thu Jul 19 10:32:36 IST 2018]; root of context hierarchy
2018-07-19 10:32:38.445  INFO shantim2-l2 --- [           main] s.b.c.e.t.TomcatEmbeddedServletContainer : Tomcat initialized with port(s): 8080 (http)
2018-07-19 10:32:38.459  INFO shantim2-l2 --- [           main] o.a.c.c.StandardService                  : Starting service [Tomcat]
2018-07-19 10:32:38.461  INFO shantim2-l2 --- [           main] o.a.c.c.StandardEngine                   : Starting Servlet Engine: Apache Tomcat/8.5.23
2018-07-19 10:32:38.574  INFO shantim2-l2 --- [ost-startStop-1] o.a.c.c.C.[.[.[/]                        : Initializing Spring embedded WebApplicationContext
2018-07-19 10:32:38.575  INFO shantim2-l2 --- [ost-startStop-1] o.s.w.c.ContextLoader                    : Root WebApplicationContext: initialization completed in 1952 ms
2018-07-19 10:32:38.784  INFO shantim2-l2 --- [ost-startStop-1] o.s.b.w.s.ServletRegistrationBean        : Mapping servlet: 'dispatcherServlet' to [/]
2018-07-19 10:32:38.790  INFO shantim2-l2 --- [ost-startStop-1] o.s.b.w.s.FilterRegistrationBean         : Mapping filter: 'characterEncodingFilter' to: [/*]
2018-07-19 10:32:38.790  INFO shantim2-l2 --- [ost-startStop-1] o.s.b.w.s.FilterRegistrationBean         : Mapping filter: 'hiddenHttpMethodFilter' to: [/*]
2018-07-19 10:32:38.791  INFO shantim2-l2 --- [ost-startStop-1] o.s.b.w.s.FilterRegistrationBean         : Mapping filter: 'httpPutFormContentFilter' to: [/*]
2018-07-19 10:32:38.791  INFO shantim2-l2 --- [ost-startStop-1] o.s.b.w.s.FilterRegistrationBean         : Mapping filter: 'requestContextFilter' to: [/*]
2018-07-19 10:32:39.195  INFO shantim2-l2 --- [           main] s.w.s.m.m.a.RequestMappingHandlerAdapter : Looking for @ControllerAdvice: org.springframework.boot.context.embedded.AnnotationConfigEmbeddedWebApplicationContext@63475ace: startup date [Thu Jul 19 10:32:36 IST 2018]; root of context hierarchy
2018-07-19 10:32:39.267  INFO shantim2-l2 --- [           main] s.w.s.m.m.a.RequestMappingHandlerMapping : Mapped "{[/UserApp/user],methods=[GET],produces=[application/json || application/xml]}" onto public com.dm_02_tbdapp.bean.UserProfile com.dm_02_tbdapp.controller.UserAppController.setUserProfile(java.lang.String)
2018-07-19 10:32:39.269  INFO shantim2-l2 --- [           main] s.w.s.m.m.a.RequestMappingHandlerMapping : Mapped "{[/UserApp/login],methods=[POST]}" onto public org.json.simple.JSONObject com.dm_02_tbdapp.controller.UserAppController.loginUser(org.json.simple.JSONObject)
2018-07-19 10:32:39.269  INFO shantim2-l2 --- [           main] s.w.s.m.m.a.RequestMappingHandlerMapping : Mapped "{[/UserApp/RegisterUser],methods=[POST]}" onto public org.json.simple.JSONObject com.dm_02_tbdapp.controller.UserAppController.newUser(org.json.simple.JSONObject)
2018-07-19 10:32:39.270  INFO shantim2-l2 --- [           main] s.w.s.m.m.a.RequestMappingHandlerMapping : Mapped "{[/UserApp/logout],methods=[GET]}" onto public org.json.simple.JSONObject com.dm_02_tbdapp.controller.UserAppController.logoutUser()
2018-07-19 10:32:39.270  INFO shantim2-l2 --- [           main] s.w.s.m.m.a.RequestMappingHandlerMapping : Mapped "{[/UserApp/registerUser],methods=[GET]}" onto public org.json.simple.JSONObject com.dm_02_tbdapp.controller.UserAppController.registerUser(com.dm_02_tbdapp.bean.User)
2018-07-19 10:32:39.271  INFO shantim2-l2 --- [           main] s.w.s.m.m.a.RequestMappingHandlerMapping : Mapped "{[/UserApp/updateUser],methods=[GET]}" onto public org.json.simple.JSONObject com.dm_02_tbdapp.controller.UserAppController.updateUser(com.dm_02_tbdapp.bean.User)
2018-07-19 10:32:39.271  INFO shantim2-l2 --- [           main] s.w.s.m.m.a.RequestMappingHandlerMapping : Mapped "{[/UserApp/updateUserAddress],methods=[GET]}" onto public org.json.simple.JSONObject com.dm_02_tbdapp.controller.UserAppController.updateAddress(com.dm_02_tbdapp.bean.User)
2018-07-19 10:32:39.272  INFO shantim2-l2 --- [           main] s.w.s.m.m.a.RequestMappingHandlerMapping : Mapped "{[/UserApp/addAddress],methods=[GET]}" onto public org.json.simple.JSONObject com.dm_02_tbdapp.controller.UserAppController.addAddress(com.dm_02_tbdapp.bean.User)
2018-07-19 10:32:39.272  INFO shantim2-l2 --- [           main] s.w.s.m.m.a.RequestMappingHandlerMapping : Mapped "{[/UserApp/removeAddress],methods=[GET]}" onto public org.json.simple.JSONObject com.dm_02_tbdapp.controller.UserAppController.removeAddress(com.dm_02_tbdapp.bean.User)
2018-07-19 10:32:39.278  INFO shantim2-l2 --- [           main] s.w.s.m.m.a.RequestMappingHandlerMapping : Mapped "{[/error]}" onto public org.springframework.http.ResponseEntity<java.util.Map<java.lang.String, java.lang.Object>> org.springframework.boot.autoconfigure.web.BasicErrorController.error(javax.servlet.http.HttpServletRequest)
2018-07-19 10:32:39.279  INFO shantim2-l2 --- [           main] s.w.s.m.m.a.RequestMappingHandlerMapping : Mapped "{[/error],produces=[text/html]}" onto public org.springframework.web.servlet.ModelAndView org.springframework.boot.autoconfigure.web.BasicErrorController.errorHtml(javax.servlet.http.HttpServletRequest,javax.servlet.http.HttpServletResponse)
2018-07-19 10:32:39.325  INFO shantim2-l2 --- [           main] o.s.w.s.h.SimpleUrlHandlerMapping        : Mapped URL path [/webjars/**] onto handler of type [class org.springframework.web.servlet.resource.ResourceHttpRequestHandler]
2018-07-19 10:32:39.326  INFO shantim2-l2 --- [           main] o.s.w.s.h.SimpleUrlHandlerMapping        : Mapped URL path [/**] onto handler of type [class org.springframework.web.servlet.resource.ResourceHttpRequestHandler]
2018-07-19 10:32:39.375  INFO shantim2-l2 --- [           main] o.s.w.s.h.SimpleUrlHandlerMapping        : Mapped URL path [/**/favicon.ico] onto handler of type [class org.springframework.web.servlet.resource.ResourceHttpRequestHandler]
2018-07-19 10:32:39.585  INFO shantim2-l2 --- [           main] o.s.j.e.a.AnnotationMBeanExporter        : Registering beans for JMX exposure on startup
2018-07-19 10:32:39.608  INFO shantim2-l2 --- [           main] o.a.c.h.Http11NioProtocol                : Initializing ProtocolHandler ["http-nio-8080"]
2018-07-19 10:32:39.618  INFO shantim2-l2 --- [           main] o.a.c.h.Http11NioProtocol                : Starting ProtocolHandler ["http-nio-8080"]
2018-07-19 10:32:39.634  INFO shantim2-l2 --- [           main] o.a.t.u.n.NioSelectorPool                : Using a shared selector for servlet write/read
2018-07-19 10:32:39.676  INFO shantim2-l2 --- [           main] s.b.c.e.t.TomcatEmbeddedServletContainer : Tomcat started on port(s): 8080 (http)
2018-07-19 10:32:39.683  INFO shantim2-l2 --- [           main] c.d.c.App                                : Started App in 3.627 seconds (JVM running for 4.953)
2018-07-19 10:51:00.742  INFO shantim2-l2 --- [nio-8080-exec-1] o.a.c.c.C.[.[.[/]                        : Initializing Spring FrameworkServlet 'dispatcherServlet'
2018-07-19 10:51:00.744  INFO shantim2-l2 --- [nio-8080-exec-1] o.s.w.s.DispatcherServlet                : FrameworkServlet 'dispatcherServlet': initialization started
2018-07-19 10:51:00.798  INFO shantim2-l2 --- [nio-8080-exec-1] o.s.w.s.DispatcherServlet                : FrameworkServlet 'dispatcherServlet': initialization completed in 54 ms
2018-07-19 10:51:01.065  INFO shantim2-l2 --- [nio-8080-exec-1] c.d.c.UserManager                        : entered into UserManager class 
2018-07-19 10:51:01.068  INFO shantim2-l2 --- [nio-8080-exec-1] c.d.c.UserManager                        : registeredNewUserObj is: rohit
2018-07-19 11:00:06.703  INFO shantim2-l2 --- [nio-8080-exec-3] c.d.c.UserManager                        : json object is created and entered into class UserManager.java .
2018-07-19 11:00:06.704  INFO shantim2-l2 --- [nio-8080-exec-3] c.d.c.UserManager                        : this method is responsible to return the json object.
2018-07-19 11:01:38.060  INFO shantim2-l2 --- [nio-8080-exec-5] c.d.c.UserManager                        : json object is created and entered into class UserManager.java .
2018-07-19 11:01:38.061  INFO shantim2-l2 --- [nio-8080-exec-5] c.d.c.UserManager                        : this method is responsible to return the json object.
2018-07-19 11:23:05.399  INFO shantim2-l2 --- [nio-8080-exec-7] c.d.c.UserManager                        : json object is created and entered into class UserManager.java .
2018-07-19 11:23:05.400  INFO shantim2-l2 --- [nio-8080-exec-7] c.d.c.UserManager                        : this method is responsible to return the json object.
2018-07-19 11:23:12.666  INFO shantim2-l2 --- [nio-8080-exec-8] c.d.c.UserManager                        : json object is created and entered into class UserManager.java .
2018-07-19 11:23:12.667  INFO shantim2-l2 --- [nio-8080-exec-8] c.d.c.UserManager                        : this method is responsible to return the json object.
2018-07-19 11:23:15.383  INFO shantim2-l2 --- [nio-8080-exec-9] c.d.c.UserManager                        : json object is created and entered into class UserManager.java .
2018-07-19 11:23:15.385  INFO shantim2-l2 --- [nio-8080-exec-9] c.d.c.UserManager                        : this method is responsible to return the json object.
2018-07-19 11:29:20.909  INFO shantim2-l2 --- [nio-8080-exec-1] c.d.c.UserManager                        : json object is created and entered into class UserManager.java .
2018-07-19 11:29:20.911  INFO shantim2-l2 --- [nio-8080-exec-1] c.d.c.UserManager                        : this method is responsible to return the json object.
2018-07-19 16:14:10.627  INFO shantim2-l2 --- [nio-8080-exec-3] c.d.c.UserManager                        : json object is created and entered into class UserManager.java .
2018-07-19 16:14:10.628  INFO shantim2-l2 --- [nio-8080-exec-3] c.d.c.UserManager                        : this method is responsible to return the json object.
2018-07-19 16:14:12.825  INFO shantim2-l2 --- [nio-8080-exec-4] c.d.c.UserManager                        : json object is created and entered into class UserManager.java .
2018-07-19 16:14:12.826  INFO shantim2-l2 --- [nio-8080-exec-4] c.d.c.UserManager                        : this method is responsible to return the json object.
2018-07-19 16:14:13.764  INFO shantim2-l2 --- [nio-8080-exec-5] c.d.c.UserManager                        : json object is created and entered into class UserManager.java .
2018-07-19 16:14:13.765  INFO shantim2-l2 --- [nio-8080-exec-5] c.d.c.UserManager                        : this method is responsible to return the json object.
2018-07-19 16:14:14.140  INFO shantim2-l2 --- [nio-8080-exec-6] c.d.c.UserManager                        : json object is created and entered into class UserManager.java .
2018-07-19 16:14:14.140  INFO shantim2-l2 --- [nio-8080-exec-6] c.d.c.UserManager                        : this method is responsible to return the json object.
2018-07-19 16:14:15.767  INFO shantim2-l2 --- [nio-8080-exec-7] c.d.c.UserManager                        : json object is created and entered into class UserManager.java .
2018-07-19 16:14:15.768  INFO shantim2-l2 --- [nio-8080-exec-7] c.d.c.UserManager                        : this method is responsible to return the json object.
2018-07-19 16:14:15.995  INFO shantim2-l2 --- [nio-8080-exec-8] c.d.c.UserManager                        : json object is created and entered into class UserManager.java .
2018-07-19 16:14:15.995  INFO shantim2-l2 --- [nio-8080-exec-8] c.d.c.UserManager                        : this method is responsible to return the json object.
2018-07-19 16:14:17.169  INFO shantim2-l2 --- [nio-8080-exec-9] c.d.c.UserManager                        : json object is created and entered into class UserManager.java .
2018-07-19 16:14:17.170  INFO shantim2-l2 --- [nio-8080-exec-9] c.d.c.UserManager                        : this method is responsible to return the json object.
2018-07-19 16:14:17.373  INFO shantim2-l2 --- [io-8080-exec-10] c.d.c.UserManager                        : json object is created and entered into class UserManager.java .
2018-07-19 16:14:17.374  INFO shantim2-l2 --- [io-8080-exec-10] c.d.c.UserManager                        : this method is responsible to return the json object.
2018-07-19 16:22:24.599  INFO shantim2-l2 --- [nio-8080-exec-2] c.d.c.UserManager                        : json object is created and entered into class UserManager.java .
2018-07-19 16:22:24.599  INFO shantim2-l2 --- [nio-8080-exec-2] c.d.c.UserManager                        : this method is responsible to return the json object.
2018-07-19 16:22:26.889  INFO shantim2-l2 --- [nio-8080-exec-3] c.d.c.UserManager                        : json object is created and entered into class UserManager.java .
2018-07-19 16:22:26.890  INFO shantim2-l2 --- [nio-8080-exec-3] c.d.c.UserManager                        : this method is responsible to return the json object.
2018-07-19 16:22:27.267  INFO shantim2-l2 --- [nio-8080-exec-4] c.d.c.UserManager                        : json object is created and entered into class UserManager.java .
2018-07-19 16:22:27.267  INFO shantim2-l2 --- [nio-8080-exec-4] c.d.c.UserManager                        : this method is responsible to return the json object.
2018-07-19 16:22:27.376  INFO shantim2-l2 --- [nio-8080-exec-5] c.d.c.UserManager                        : json object is created and entered into class UserManager.java .
2018-07-19 16:22:27.377  INFO shantim2-l2 --- [nio-8080-exec-5] c.d.c.UserManager                        : this method is responsible to return the json object.
2018-07-19 16:22:27.620  INFO shantim2-l2 --- [nio-8080-exec-6] c.d.c.UserManager                        : json object is created and entered into class UserManager.java .
2018-07-19 16:22:27.621  INFO shantim2-l2 --- [nio-8080-exec-6] c.d.c.UserManager                        : this method is responsible to return the json object.
2018-07-19 16:22:27.842  INFO shantim2-l2 --- [nio-8080-exec-7] c.d.c.UserManager                        : json object is created and entered into class UserManager.java .
2018-07-19 16:22:27.842  INFO shantim2-l2 --- [nio-8080-exec-7] c.d.c.UserManager                        : this method is responsible to return the json object.
2018-07-19 16:22:28.061  INFO shantim2-l2 --- [nio-8080-exec-8] c.d.c.UserManager                        : json object is created and entered into class UserManager.java .
2018-07-19 16:22:28.062  INFO shantim2-l2 --- [nio-8080-exec-8] c.d.c.UserManager                        : this method is responsible to return the json object.
2018-07-19 16:22:28.249  INFO shantim2-l2 --- [nio-8080-exec-9] c.d.c.UserManager                        : json object is created and entered into class UserManager.java .
2018-07-19 16:22:28.250  INFO shantim2-l2 --- [nio-8080-exec-9] c.d.c.UserManager                        : this method is responsible to return the json object.
2018-07-19 16:23:25.569  INFO shantim2-l2 --- [nio-8080-exec-1] c.d.c.UserManager                        : json object is created and entered into class UserManager.java .
2018-07-19 16:23:25.576  INFO shantim2-l2 --- [nio-8080-exec-1] c.d.c.UserManager                        : this method is responsible to return the json object.
2018-07-19 20:34:17.376  INFO shantim2-l2 --- [on(2)-127.0.0.1] inMXBeanRegistrar$SpringApplicationAdmin : Application shutdown requested.
2018-07-19 20:34:17.376  INFO shantim2-l2 --- [on(2)-127.0.0.1] ationConfigEmbeddedWebApplicationContext : Closing org.springframework.boot.context.embedded.AnnotationConfigEmbeddedWebApplicationContext@63475ace: startup date [Thu Jul 19 10:32:36 IST 2018]; root of context hierarchy
2018-07-19 20:34:17.381  INFO shantim2-l2 --- [on(2)-127.0.0.1] o.s.j.e.a.AnnotationMBeanExporter        : Unregistering JMX-exposed beans on shutdown
