2018-08-27 10:51:44.494  INFO home-PC --- [           main] c.d.c.App                                : Starting App on home-PC with PID 6128 (C:\Users\shashi\Desktop\UserApp\UserApp\target\classes started by shashi in C:\Users\shashi\Desktop\UserApp\UserApp)
2018-08-27 10:51:44.532  INFO home-PC --- [           main] c.d.c.App                                : No active profile set, falling back to default profiles: default
2018-08-27 10:51:44.698  INFO home-PC --- [           main] ConfigServletWebServerApplicationContext : Refreshing org.springframework.boot.web.servlet.context.AnnotationConfigServletWebServerApplicationContext@7bc10d84: startup date [Mon Aug 27 10:51:44 IST 2018]; root of context hierarchy
2018-08-27 10:51:46.649  INFO home-PC --- [           main] o.s.b.w.e.t.TomcatWebServer              : Tomcat initialized with port(s): 8080 (http)
2018-08-27 10:51:46.807  INFO home-PC --- [           main] o.a.c.h.Http11NioProtocol                : Initializing ProtocolHandler ["http-nio-8080"]
2018-08-27 10:51:46.949  INFO home-PC --- [           main] o.a.c.c.StandardService                  : Starting service [Tomcat]
2018-08-27 10:51:46.951  INFO home-PC --- [           main] o.a.c.c.StandardEngine                   : Starting Servlet Engine: Apache Tomcat/8.5.31
2018-08-27 10:51:47.079  INFO home-PC --- [ost-startStop-1] o.a.c.c.AprLifecycleListener             : The APR based Apache Tomcat Native library which allows optimal performance in production environments was not found on the java.library.path: [C:\Program Files\Java\jdk-10\bin;C:\Windows\Sun\Java\bin;C:\Windows\system32;C:\Windows;C:\ProgramData\Oracle\Java\javapath;C:\Windows\system32;C:\Windows;C:\Windows\System32\Wbem;C:\Windows\System32\WindowsPowerShell\v1.0\;C:\Program Files\Git\cmd;C:\Program Files\Java\jdk-10\bin;C:\Program Files\Java\jdk-10\bin;C:\Program Files\Java\jdk-10\bin;.]
2018-08-27 10:51:47.413  INFO home-PC --- [ost-startStop-1] o.a.c.c.C.[.[.[/]                        : Initializing Spring embedded WebApplicationContext
2018-08-27 10:51:47.414  INFO home-PC --- [ost-startStop-1] o.s.w.c.ContextLoader                    : Root WebApplicationContext: initialization completed in 2763 ms
2018-08-27 10:51:47.563  INFO home-PC --- [ost-startStop-1] o.s.b.w.s.ServletRegistrationBean        : Servlet dispatcherServlet mapped to [/]
2018-08-27 10:51:47.568  INFO home-PC --- [ost-startStop-1] o.s.b.w.s.FilterRegistrationBean         : Mapping filter: 'characterEncodingFilter' to: [/*]
2018-08-27 10:51:47.568  INFO home-PC --- [ost-startStop-1] o.s.b.w.s.FilterRegistrationBean         : Mapping filter: 'hiddenHttpMethodFilter' to: [/*]
2018-08-27 10:51:47.569  INFO home-PC --- [ost-startStop-1] o.s.b.w.s.FilterRegistrationBean         : Mapping filter: 'httpPutFormContentFilter' to: [/*]
2018-08-27 10:51:47.569  INFO home-PC --- [ost-startStop-1] o.s.b.w.s.FilterRegistrationBean         : Mapping filter: 'requestContextFilter' to: [/*]
2018-08-27 10:51:47.884  INFO home-PC --- [           main] o.s.w.s.h.SimpleUrlHandlerMapping        : Mapped URL path [/**/favicon.ico] onto handler of type [class org.springframework.web.servlet.resource.ResourceHttpRequestHandler]
2018-08-27 10:51:48.136  INFO home-PC --- [           main] s.w.s.m.m.a.RequestMappingHandlerAdapter : Looking for @ControllerAdvice: org.springframework.boot.web.servlet.context.AnnotationConfigServletWebServerApplicationContext@7bc10d84: startup date [Mon Aug 27 10:51:44 IST 2018]; root of context hierarchy
2018-08-27 10:51:48.212  INFO home-PC --- [           main] s.w.s.m.m.a.RequestMappingHandlerMapping : Mapped "{[/UserApp/catalog],methods=[GET]}" onto public org.json.simple.JSONObject com.dm_02_tbdapp.controller.UserAppController.catalog()
2018-08-27 10:51:48.213  INFO home-PC --- [           main] s.w.s.m.m.a.RequestMappingHandlerMapping : Mapped "{[/UserApp/product],methods=[GET]}" onto public org.json.simple.JSONObject com.dm_02_tbdapp.controller.UserAppController.product()
2018-08-27 10:51:48.215  INFO home-PC --- [           main] s.w.s.m.m.a.RequestMappingHandlerMapping : Mapped "{[/UserApp/insertIntoProduct_Table],methods=[POST]}" onto public org.json.simple.JSONObject com.dm_02_tbdapp.controller.UserAppController.insertIntoProduct_Table(org.json.simple.JSONObject)
2018-08-27 10:51:48.216  INFO home-PC --- [           main] s.w.s.m.m.a.RequestMappingHandlerMapping : Mapped "{[/UserApp/user],methods=[GET],produces=[application/json || application/xml]}" onto public com.dm_02_tbdapp.bean.UserProfile com.dm_02_tbdapp.controller.UserAppController.setUserProfile(java.lang.String)
2018-08-27 10:51:48.217  INFO home-PC --- [           main] s.w.s.m.m.a.RequestMappingHandlerMapping : Mapped "{[/UserApp/login],methods=[POST]}" onto public org.json.simple.JSONObject com.dm_02_tbdapp.controller.UserAppController.loginUser(org.json.simple.JSONObject)
2018-08-27 10:51:48.217  INFO home-PC --- [           main] s.w.s.m.m.a.RequestMappingHandlerMapping : Mapped "{[/UserApp/RegisterUser],methods=[POST]}" onto public org.json.simple.JSONObject com.dm_02_tbdapp.controller.UserAppController.newUser(org.json.simple.JSONObject)
2018-08-27 10:51:48.217  INFO home-PC --- [           main] s.w.s.m.m.a.RequestMappingHandlerMapping : Mapped "{[/UserApp/logout],methods=[GET]}" onto public org.json.simple.JSONObject com.dm_02_tbdapp.controller.UserAppController.logoutUser()
2018-08-27 10:51:48.218  INFO home-PC --- [           main] s.w.s.m.m.a.RequestMappingHandlerMapping : Mapped "{[/UserApp/registerUser],methods=[GET]}" onto public org.json.simple.JSONObject com.dm_02_tbdapp.controller.UserAppController.registerUser(com.dm_02_tbdapp.bean.User)
2018-08-27 10:51:48.218  INFO home-PC --- [           main] s.w.s.m.m.a.RequestMappingHandlerMapping : Mapped "{[/UserApp/updateUser],methods=[GET]}" onto public org.json.simple.JSONObject com.dm_02_tbdapp.controller.UserAppController.updateUser(com.dm_02_tbdapp.bean.User)
2018-08-27 10:51:48.219  INFO home-PC --- [           main] s.w.s.m.m.a.RequestMappingHandlerMapping : Mapped "{[/UserApp/updateUserAddress],methods=[GET]}" onto public org.json.simple.JSONObject com.dm_02_tbdapp.controller.UserAppController.updateAddress(com.dm_02_tbdapp.bean.User)
2018-08-27 10:51:48.219  INFO home-PC --- [           main] s.w.s.m.m.a.RequestMappingHandlerMapping : Mapped "{[/UserApp/addAddress],methods=[GET]}" onto public org.json.simple.JSONObject com.dm_02_tbdapp.controller.UserAppController.addAddress(com.dm_02_tbdapp.bean.User)
2018-08-27 10:51:48.220  INFO home-PC --- [           main] s.w.s.m.m.a.RequestMappingHandlerMapping : Mapped "{[/UserApp/removeAddress],methods=[GET]}" onto public org.json.simple.JSONObject com.dm_02_tbdapp.controller.UserAppController.removeAddress(com.dm_02_tbdapp.bean.User)
2018-08-27 10:51:48.225  INFO home-PC --- [           main] s.w.s.m.m.a.RequestMappingHandlerMapping : Mapped "{[/error]}" onto public org.springframework.http.ResponseEntity<java.util.Map<java.lang.String, java.lang.Object>> org.springframework.boot.autoconfigure.web.servlet.error.BasicErrorController.error(javax.servlet.http.HttpServletRequest)
2018-08-27 10:51:48.226  INFO home-PC --- [           main] s.w.s.m.m.a.RequestMappingHandlerMapping : Mapped "{[/error],produces=[text/html]}" onto public org.springframework.web.servlet.ModelAndView org.springframework.boot.autoconfigure.web.servlet.error.BasicErrorController.errorHtml(javax.servlet.http.HttpServletRequest,javax.servlet.http.HttpServletResponse)
2018-08-27 10:51:48.262  INFO home-PC --- [           main] o.s.w.s.h.SimpleUrlHandlerMapping        : Mapped URL path [/webjars/**] onto handler of type [class org.springframework.web.servlet.resource.ResourceHttpRequestHandler]
2018-08-27 10:51:48.263  INFO home-PC --- [           main] o.s.w.s.h.SimpleUrlHandlerMapping        : Mapped URL path [/**] onto handler of type [class org.springframework.web.servlet.resource.ResourceHttpRequestHandler]
2018-08-27 10:51:48.550  INFO home-PC --- [           main] o.s.j.e.a.AnnotationMBeanExporter        : Registering beans for JMX exposure on startup
2018-08-27 10:51:48.553  INFO home-PC --- [           main] o.s.j.e.a.AnnotationMBeanExporter        : Bean with name 'dataSource' has been autodetected for JMX exposure
2018-08-27 10:51:48.559  INFO home-PC --- [           main] o.s.j.e.a.AnnotationMBeanExporter        : Located MBean 'dataSource': registering with JMX server as MBean [com.zaxxer.hikari:name=dataSource,type=HikariDataSource]
2018-08-27 10:51:48.572  INFO home-PC --- [           main] o.a.c.h.Http11NioProtocol                : Starting ProtocolHandler ["http-nio-8080"]
2018-08-27 10:51:48.654  INFO home-PC --- [           main] o.a.t.u.n.NioSelectorPool                : Using a shared selector for servlet write/read
2018-08-27 10:51:48.672  INFO home-PC --- [           main] o.s.b.w.e.t.TomcatWebServer              : Tomcat started on port(s): 8080 (http) with context path ''
2018-08-27 10:51:48.677  INFO home-PC --- [           main] c.d.c.App                                : Started App in 4.764 seconds (JVM running for 8.011)
2018-08-27 11:11:19.687  INFO home-PC --- [nio-8080-exec-1] o.a.c.c.C.[.[.[/]                        : Initializing Spring FrameworkServlet 'dispatcherServlet'
2018-08-27 11:11:19.688  INFO home-PC --- [nio-8080-exec-1] o.s.w.s.DispatcherServlet                : FrameworkServlet 'dispatcherServlet': initialization started
2018-08-27 11:11:19.706  INFO home-PC --- [nio-8080-exec-1] o.s.w.s.DispatcherServlet                : FrameworkServlet 'dispatcherServlet': initialization completed in 17 ms
2018-08-27 11:11:19.752  INFO home-PC --- [nio-8080-exec-1] c.z.h.HikariDataSource                   : HikariPool-1 - Starting...
2018-08-27 11:11:20.538  INFO home-PC --- [nio-8080-exec-1] c.z.h.HikariDataSource                   : HikariPool-1 - Start completed.
2018-08-27 11:53:10.510  WARN home-PC --- [l-1 housekeeper] c.z.h.p.HikariPool                       : HikariPool-1 - Thread starvation or clock leap detected (housekeeper delta=4m19s901ms542µs348ns).
2018-08-27 13:52:57.962  WARN home-PC --- [l-1 housekeeper] c.z.h.p.HikariPool                       : HikariPool-1 - Thread starvation or clock leap detected (housekeeper delta=42m47s379ms939µs682ns).
2018-08-27 14:30:36.918  INFO home-PC --- [on(2)-127.0.0.1] inMXBeanRegistrar$SpringApplicationAdmin : Application shutdown requested.
2018-08-27 14:30:36.931  INFO home-PC --- [on(2)-127.0.0.1] ConfigServletWebServerApplicationContext : Closing org.springframework.boot.web.servlet.context.AnnotationConfigServletWebServerApplicationContext@7bc10d84: startup date [Mon Aug 27 10:51:44 IST 2018]; root of context hierarchy
2018-08-27 14:30:37.109  INFO home-PC --- [on(2)-127.0.0.1] o.s.j.e.a.AnnotationMBeanExporter        : Unregistering JMX-exposed beans on shutdown
2018-08-27 14:30:37.131  INFO home-PC --- [on(2)-127.0.0.1] o.s.j.e.a.AnnotationMBeanExporter        : Unregistering JMX-exposed beans
2018-08-27 14:30:37.231  INFO home-PC --- [on(2)-127.0.0.1] c.z.h.HikariDataSource                   : HikariPool-1 - Shutdown initiated...
2018-08-27 14:30:37.318  INFO home-PC --- [on(2)-127.0.0.1] c.z.h.HikariDataSource                   : HikariPool-1 - Shutdown completed.
2018-08-27 14:32:49.139  INFO home-PC --- [           main] c.d.c.App                                : Starting App on home-PC with PID 5940 (C:\Users\shashi\Desktop\UserApp\UserApp\target\classes started by shashi in C:\Users\shashi\Desktop\UserApp\UserApp)
2018-08-27 14:32:49.168  INFO home-PC --- [           main] c.d.c.App                                : No active profile set, falling back to default profiles: default
2018-08-27 14:32:49.435  INFO home-PC --- [           main] ConfigServletWebServerApplicationContext : Refreshing org.springframework.boot.web.servlet.context.AnnotationConfigServletWebServerApplicationContext@78fb9a67: startup date [Mon Aug 27 14:32:49 IST 2018]; root of context hierarchy
2018-08-27 14:32:52.762  INFO home-PC --- [           main] o.s.b.w.e.t.TomcatWebServer              : Tomcat initialized with port(s): 8080 (http)
2018-08-27 14:32:52.841  INFO home-PC --- [           main] o.a.c.h.Http11NioProtocol                : Initializing ProtocolHandler ["http-nio-8080"]
2018-08-27 14:32:52.886  INFO home-PC --- [           main] o.a.c.c.StandardService                  : Starting service [Tomcat]
2018-08-27 14:32:52.887  INFO home-PC --- [           main] o.a.c.c.StandardEngine                   : Starting Servlet Engine: Apache Tomcat/8.5.31
2018-08-27 14:32:52.904  INFO home-PC --- [ost-startStop-1] o.a.c.c.AprLifecycleListener             : The APR based Apache Tomcat Native library which allows optimal performance in production environments was not found on the java.library.path: [C:\Program Files\Java\jdk-10\bin;C:\Windows\Sun\Java\bin;C:\Windows\system32;C:\Windows;C:\ProgramData\Oracle\Java\javapath;C:\Windows\system32;C:\Windows;C:\Windows\System32\Wbem;C:\Windows\System32\WindowsPowerShell\v1.0\;C:\Program Files\Git\cmd;C:\Program Files\Java\jdk-10\bin;C:\Program Files\Java\jdk-10\bin;C:\Program Files\Java\jdk-10\bin;.]
2018-08-27 14:32:53.157  INFO home-PC --- [ost-startStop-1] o.a.c.c.C.[.[.[/]                        : Initializing Spring embedded WebApplicationContext
2018-08-27 14:32:53.158  INFO home-PC --- [ost-startStop-1] o.s.w.c.ContextLoader                    : Root WebApplicationContext: initialization completed in 3817 ms
2018-08-27 14:32:53.449  INFO home-PC --- [ost-startStop-1] o.s.b.w.s.ServletRegistrationBean        : Servlet dispatcherServlet mapped to [/]
2018-08-27 14:32:53.466  INFO home-PC --- [ost-startStop-1] o.s.b.w.s.FilterRegistrationBean         : Mapping filter: 'characterEncodingFilter' to: [/*]
2018-08-27 14:32:53.467  INFO home-PC --- [ost-startStop-1] o.s.b.w.s.FilterRegistrationBean         : Mapping filter: 'hiddenHttpMethodFilter' to: [/*]
2018-08-27 14:32:53.467  INFO home-PC --- [ost-startStop-1] o.s.b.w.s.FilterRegistrationBean         : Mapping filter: 'httpPutFormContentFilter' to: [/*]
2018-08-27 14:32:53.467  INFO home-PC --- [ost-startStop-1] o.s.b.w.s.FilterRegistrationBean         : Mapping filter: 'requestContextFilter' to: [/*]
2018-08-27 14:32:54.163  INFO home-PC --- [           main] o.s.w.s.h.SimpleUrlHandlerMapping        : Mapped URL path [/**/favicon.ico] onto handler of type [class org.springframework.web.servlet.resource.ResourceHttpRequestHandler]
2018-08-27 14:32:54.540  INFO home-PC --- [           main] s.w.s.m.m.a.RequestMappingHandlerAdapter : Looking for @ControllerAdvice: org.springframework.boot.web.servlet.context.AnnotationConfigServletWebServerApplicationContext@78fb9a67: startup date [Mon Aug 27 14:32:49 IST 2018]; root of context hierarchy
2018-08-27 14:32:54.642  INFO home-PC --- [           main] s.w.s.m.m.a.RequestMappingHandlerMapping : Mapped "{[/UserApp/catalog],methods=[GET]}" onto public org.json.simple.JSONObject com.dm_02_tbdapp.controller.UserAppController.catalog()
2018-08-27 14:32:54.643  INFO home-PC --- [           main] s.w.s.m.m.a.RequestMappingHandlerMapping : Mapped "{[/UserApp/product],methods=[GET]}" onto public org.json.simple.JSONObject com.dm_02_tbdapp.controller.UserAppController.product()
2018-08-27 14:32:54.646  INFO home-PC --- [           main] s.w.s.m.m.a.RequestMappingHandlerMapping : Mapped "{[/UserApp/user],methods=[GET],produces=[application/json || application/xml]}" onto public com.dm_02_tbdapp.bean.UserProfile com.dm_02_tbdapp.controller.UserAppController.setUserProfile(java.lang.String)
2018-08-27 14:32:54.646  INFO home-PC --- [           main] s.w.s.m.m.a.RequestMappingHandlerMapping : Mapped "{[/UserApp/login],methods=[POST]}" onto public org.json.simple.JSONObject com.dm_02_tbdapp.controller.UserAppController.loginUser(org.json.simple.JSONObject)
2018-08-27 14:32:54.647  INFO home-PC --- [           main] s.w.s.m.m.a.RequestMappingHandlerMapping : Mapped "{[/UserApp/RegisterUser],methods=[POST]}" onto public org.json.simple.JSONObject com.dm_02_tbdapp.controller.UserAppController.newUser(org.json.simple.JSONObject)
2018-08-27 14:32:54.647  INFO home-PC --- [           main] s.w.s.m.m.a.RequestMappingHandlerMapping : Mapped "{[/UserApp/logout],methods=[GET]}" onto public org.json.simple.JSONObject com.dm_02_tbdapp.controller.UserAppController.logoutUser()
2018-08-27 14:32:54.648  INFO home-PC --- [           main] s.w.s.m.m.a.RequestMappingHandlerMapping : Mapped "{[/UserApp/registerUser],methods=[GET]}" onto public org.json.simple.JSONObject com.dm_02_tbdapp.controller.UserAppController.registerUser(com.dm_02_tbdapp.bean.User)
2018-08-27 14:32:54.648  INFO home-PC --- [           main] s.w.s.m.m.a.RequestMappingHandlerMapping : Mapped "{[/UserApp/updateUser],methods=[GET]}" onto public org.json.simple.JSONObject com.dm_02_tbdapp.controller.UserAppController.updateUser(com.dm_02_tbdapp.bean.User)
2018-08-27 14:32:54.648  INFO home-PC --- [           main] s.w.s.m.m.a.RequestMappingHandlerMapping : Mapped "{[/UserApp/updateUserAddress],methods=[GET]}" onto public org.json.simple.JSONObject com.dm_02_tbdapp.controller.UserAppController.updateAddress(com.dm_02_tbdapp.bean.User)
2018-08-27 14:32:54.649  INFO home-PC --- [           main] s.w.s.m.m.a.RequestMappingHandlerMapping : Mapped "{[/UserApp/addAddress],methods=[GET]}" onto public org.json.simple.JSONObject com.dm_02_tbdapp.controller.UserAppController.addAddress(com.dm_02_tbdapp.bean.User)
2018-08-27 14:32:54.649  INFO home-PC --- [           main] s.w.s.m.m.a.RequestMappingHandlerMapping : Mapped "{[/UserApp/removeAddress],methods=[GET]}" onto public org.json.simple.JSONObject com.dm_02_tbdapp.controller.UserAppController.removeAddress(com.dm_02_tbdapp.bean.User)
2018-08-27 14:32:54.650  INFO home-PC --- [           main] s.w.s.m.m.a.RequestMappingHandlerMapping : Mapped "{[/UserApp/insertIntoProduct_Table],methods=[POST]}" onto public org.json.simple.JSONObject com.dm_02_tbdapp.controller.UserAppController.insertIntoProduct_Table(org.json.simple.JSONObject)
2018-08-27 14:32:54.656  INFO home-PC --- [           main] s.w.s.m.m.a.RequestMappingHandlerMapping : Mapped "{[/error]}" onto public org.springframework.http.ResponseEntity<java.util.Map<java.lang.String, java.lang.Object>> org.springframework.boot.autoconfigure.web.servlet.error.BasicErrorController.error(javax.servlet.http.HttpServletRequest)
2018-08-27 14:32:54.656  INFO home-PC --- [           main] s.w.s.m.m.a.RequestMappingHandlerMapping : Mapped "{[/error],produces=[text/html]}" onto public org.springframework.web.servlet.ModelAndView org.springframework.boot.autoconfigure.web.servlet.error.BasicErrorController.errorHtml(javax.servlet.http.HttpServletRequest,javax.servlet.http.HttpServletResponse)
2018-08-27 14:32:54.689  INFO home-PC --- [           main] o.s.w.s.h.SimpleUrlHandlerMapping        : Mapped URL path [/webjars/**] onto handler of type [class org.springframework.web.servlet.resource.ResourceHttpRequestHandler]
2018-08-27 14:32:54.690  INFO home-PC --- [           main] o.s.w.s.h.SimpleUrlHandlerMapping        : Mapped URL path [/**] onto handler of type [class org.springframework.web.servlet.resource.ResourceHttpRequestHandler]
2018-08-27 14:32:55.097  INFO home-PC --- [           main] o.s.j.e.a.AnnotationMBeanExporter        : Registering beans for JMX exposure on startup
2018-08-27 14:32:55.100  INFO home-PC --- [           main] o.s.j.e.a.AnnotationMBeanExporter        : Bean with name 'dataSource' has been autodetected for JMX exposure
2018-08-27 14:32:55.107  INFO home-PC --- [           main] o.s.j.e.a.AnnotationMBeanExporter        : Located MBean 'dataSource': registering with JMX server as MBean [com.zaxxer.hikari:name=dataSource,type=HikariDataSource]
2018-08-27 14:32:55.144  INFO home-PC --- [           main] o.a.c.h.Http11NioProtocol                : Starting ProtocolHandler ["http-nio-8080"]
2018-08-27 14:32:55.310  INFO home-PC --- [           main] o.a.t.u.n.NioSelectorPool                : Using a shared selector for servlet write/read
2018-08-27 14:32:55.366  INFO home-PC --- [           main] o.s.b.w.e.t.TomcatWebServer              : Tomcat started on port(s): 8080 (http) with context path ''
2018-08-27 14:32:55.371  INFO home-PC --- [           main] c.d.c.App                                : Started App in 7.625 seconds (JVM running for 12.504)
2018-08-27 14:50:06.941  INFO home-PC --- [on(2)-127.0.0.1] inMXBeanRegistrar$SpringApplicationAdmin : Application shutdown requested.
2018-08-27 14:50:06.942  INFO home-PC --- [on(2)-127.0.0.1] ConfigServletWebServerApplicationContext : Closing org.springframework.boot.web.servlet.context.AnnotationConfigServletWebServerApplicationContext@78fb9a67: startup date [Mon Aug 27 14:32:49 IST 2018]; root of context hierarchy
2018-08-27 14:50:06.945  INFO home-PC --- [on(2)-127.0.0.1] o.s.j.e.a.AnnotationMBeanExporter        : Unregistering JMX-exposed beans on shutdown
2018-08-27 14:50:06.946  INFO home-PC --- [on(2)-127.0.0.1] o.s.j.e.a.AnnotationMBeanExporter        : Unregistering JMX-exposed beans
2018-08-27 14:50:27.485  INFO home-PC --- [           main] c.d.c.App                                : Starting App on home-PC with PID 3548 (C:\Users\shashi\Desktop\UserApp\UserApp\target\classes started by shashi in C:\Users\shashi\Desktop\UserApp\UserApp)
2018-08-27 14:50:27.492  INFO home-PC --- [           main] c.d.c.App                                : No active profile set, falling back to default profiles: default
2018-08-27 14:50:27.560  INFO home-PC --- [           main] ConfigServletWebServerApplicationContext : Refreshing org.springframework.boot.web.servlet.context.AnnotationConfigServletWebServerApplicationContext@5ad10c1a: startup date [Mon Aug 27 14:50:27 IST 2018]; root of context hierarchy
2018-08-27 14:50:29.108  INFO home-PC --- [           main] o.s.b.w.e.t.TomcatWebServer              : Tomcat initialized with port(s): 8080 (http)
2018-08-27 14:50:29.135  INFO home-PC --- [           main] o.a.c.h.Http11NioProtocol                : Initializing ProtocolHandler ["http-nio-8080"]
2018-08-27 14:50:29.150  INFO home-PC --- [           main] o.a.c.c.StandardService                  : Starting service [Tomcat]
2018-08-27 14:50:29.151  INFO home-PC --- [           main] o.a.c.c.StandardEngine                   : Starting Servlet Engine: Apache Tomcat/8.5.31
2018-08-27 14:50:29.157  INFO home-PC --- [ost-startStop-1] o.a.c.c.AprLifecycleListener             : The APR based Apache Tomcat Native library which allows optimal performance in production environments was not found on the java.library.path: [C:\Program Files\Java\jdk-10\bin;C:\Windows\Sun\Java\bin;C:\Windows\system32;C:\Windows;C:\ProgramData\Oracle\Java\javapath;C:\Windows\system32;C:\Windows;C:\Windows\System32\Wbem;C:\Windows\System32\WindowsPowerShell\v1.0\;C:\Program Files\Git\cmd;C:\Program Files\Java\jdk-10\bin;C:\Program Files\Java\jdk-10\bin;C:\Program Files\Java\jdk-10\bin;.]
2018-08-27 14:50:29.338  INFO home-PC --- [ost-startStop-1] o.a.c.c.C.[.[.[/]                        : Initializing Spring embedded WebApplicationContext
2018-08-27 14:50:29.338  INFO home-PC --- [ost-startStop-1] o.s.w.c.ContextLoader                    : Root WebApplicationContext: initialization completed in 1789 ms
2018-08-27 14:50:29.494  INFO home-PC --- [ost-startStop-1] o.s.b.w.s.ServletRegistrationBean        : Servlet dispatcherServlet mapped to [/]
2018-08-27 14:50:29.500  INFO home-PC --- [ost-startStop-1] o.s.b.w.s.FilterRegistrationBean         : Mapping filter: 'characterEncodingFilter' to: [/*]
2018-08-27 14:50:29.500  INFO home-PC --- [ost-startStop-1] o.s.b.w.s.FilterRegistrationBean         : Mapping filter: 'hiddenHttpMethodFilter' to: [/*]
2018-08-27 14:50:29.501  INFO home-PC --- [ost-startStop-1] o.s.b.w.s.FilterRegistrationBean         : Mapping filter: 'httpPutFormContentFilter' to: [/*]
2018-08-27 14:50:29.501  INFO home-PC --- [ost-startStop-1] o.s.b.w.s.FilterRegistrationBean         : Mapping filter: 'requestContextFilter' to: [/*]
2018-08-27 14:50:29.829  INFO home-PC --- [           main] o.s.w.s.h.SimpleUrlHandlerMapping        : Mapped URL path [/**/favicon.ico] onto handler of type [class org.springframework.web.servlet.resource.ResourceHttpRequestHandler]
2018-08-27 14:50:30.068  INFO home-PC --- [           main] s.w.s.m.m.a.RequestMappingHandlerAdapter : Looking for @ControllerAdvice: org.springframework.boot.web.servlet.context.AnnotationConfigServletWebServerApplicationContext@5ad10c1a: startup date [Mon Aug 27 14:50:27 IST 2018]; root of context hierarchy
2018-08-27 14:50:30.158  INFO home-PC --- [           main] s.w.s.m.m.a.RequestMappingHandlerMapping : Mapped "{[/UserApp/catalog],methods=[GET]}" onto public org.json.simple.JSONObject com.dm_02_tbdapp.controller.UserAppController.catalog()
2018-08-27 14:50:30.159  INFO home-PC --- [           main] s.w.s.m.m.a.RequestMappingHandlerMapping : Mapped "{[/UserApp/product],methods=[GET]}" onto public org.json.simple.JSONObject com.dm_02_tbdapp.controller.UserAppController.product()
2018-08-27 14:50:30.159  INFO home-PC --- [           main] s.w.s.m.m.a.RequestMappingHandlerMapping : Mapped "{[/UserApp/image],methods=[GET]}" onto public java.lang.String com.dm_02_tbdapp.controller.UserAppController.image()
2018-08-27 14:50:30.162  INFO home-PC --- [           main] s.w.s.m.m.a.RequestMappingHandlerMapping : Mapped "{[/UserApp/user],methods=[GET],produces=[application/json || application/xml]}" onto public com.dm_02_tbdapp.bean.UserProfile com.dm_02_tbdapp.controller.UserAppController.setUserProfile(java.lang.String)
2018-08-27 14:50:30.162  INFO home-PC --- [           main] s.w.s.m.m.a.RequestMappingHandlerMapping : Mapped "{[/UserApp/login],methods=[POST]}" onto public org.json.simple.JSONObject com.dm_02_tbdapp.controller.UserAppController.loginUser(org.json.simple.JSONObject)
2018-08-27 14:50:30.163  INFO home-PC --- [           main] s.w.s.m.m.a.RequestMappingHandlerMapping : Mapped "{[/UserApp/RegisterUser],methods=[POST]}" onto public org.json.simple.JSONObject com.dm_02_tbdapp.controller.UserAppController.newUser(org.json.simple.JSONObject)
2018-08-27 14:50:30.163  INFO home-PC --- [           main] s.w.s.m.m.a.RequestMappingHandlerMapping : Mapped "{[/UserApp/logout],methods=[GET]}" onto public org.json.simple.JSONObject com.dm_02_tbdapp.controller.UserAppController.logoutUser()
2018-08-27 14:50:30.163  INFO home-PC --- [           main] s.w.s.m.m.a.RequestMappingHandlerMapping : Mapped "{[/UserApp/registerUser],methods=[GET]}" onto public org.json.simple.JSONObject com.dm_02_tbdapp.controller.UserAppController.registerUser(com.dm_02_tbdapp.bean.User)
2018-08-27 14:50:30.164  INFO home-PC --- [           main] s.w.s.m.m.a.RequestMappingHandlerMapping : Mapped "{[/UserApp/updateUser],methods=[GET]}" onto public org.json.simple.JSONObject com.dm_02_tbdapp.controller.UserAppController.updateUser(com.dm_02_tbdapp.bean.User)
2018-08-27 14:50:30.164  INFO home-PC --- [           main] s.w.s.m.m.a.RequestMappingHandlerMapping : Mapped "{[/UserApp/updateUserAddress],methods=[GET]}" onto public org.json.simple.JSONObject com.dm_02_tbdapp.controller.UserAppController.updateAddress(com.dm_02_tbdapp.bean.User)
2018-08-27 14:50:30.165  INFO home-PC --- [           main] s.w.s.m.m.a.RequestMappingHandlerMapping : Mapped "{[/UserApp/addAddress],methods=[GET]}" onto public org.json.simple.JSONObject com.dm_02_tbdapp.controller.UserAppController.addAddress(com.dm_02_tbdapp.bean.User)
2018-08-27 14:50:30.166  INFO home-PC --- [           main] s.w.s.m.m.a.RequestMappingHandlerMapping : Mapped "{[/UserApp/removeAddress],methods=[GET]}" onto public org.json.simple.JSONObject com.dm_02_tbdapp.controller.UserAppController.removeAddress(com.dm_02_tbdapp.bean.User)
2018-08-27 14:50:30.166  INFO home-PC --- [           main] s.w.s.m.m.a.RequestMappingHandlerMapping : Mapped "{[/UserApp/insertIntoProduct_Table],methods=[POST]}" onto public org.json.simple.JSONObject com.dm_02_tbdapp.controller.UserAppController.insertIntoProduct_Table(org.json.simple.JSONObject)
2018-08-27 14:50:30.172  INFO home-PC --- [           main] s.w.s.m.m.a.RequestMappingHandlerMapping : Mapped "{[/error]}" onto public org.springframework.http.ResponseEntity<java.util.Map<java.lang.String, java.lang.Object>> org.springframework.boot.autoconfigure.web.servlet.error.BasicErrorController.error(javax.servlet.http.HttpServletRequest)
2018-08-27 14:50:30.173  INFO home-PC --- [           main] s.w.s.m.m.a.RequestMappingHandlerMapping : Mapped "{[/error],produces=[text/html]}" onto public org.springframework.web.servlet.ModelAndView org.springframework.boot.autoconfigure.web.servlet.error.BasicErrorController.errorHtml(javax.servlet.http.HttpServletRequest,javax.servlet.http.HttpServletResponse)
2018-08-27 14:50:30.209  INFO home-PC --- [           main] o.s.w.s.h.SimpleUrlHandlerMapping        : Mapped URL path [/webjars/**] onto handler of type [class org.springframework.web.servlet.resource.ResourceHttpRequestHandler]
2018-08-27 14:50:30.209  INFO home-PC --- [           main] o.s.w.s.h.SimpleUrlHandlerMapping        : Mapped URL path [/**] onto handler of type [class org.springframework.web.servlet.resource.ResourceHttpRequestHandler]
2018-08-27 14:50:30.553  INFO home-PC --- [           main] o.s.j.e.a.AnnotationMBeanExporter        : Registering beans for JMX exposure on startup
2018-08-27 14:50:30.555  INFO home-PC --- [           main] o.s.j.e.a.AnnotationMBeanExporter        : Bean with name 'dataSource' has been autodetected for JMX exposure
2018-08-27 14:50:30.562  INFO home-PC --- [           main] o.s.j.e.a.AnnotationMBeanExporter        : Located MBean 'dataSource': registering with JMX server as MBean [com.zaxxer.hikari:name=dataSource,type=HikariDataSource]
2018-08-27 14:50:30.579  INFO home-PC --- [           main] o.a.c.h.Http11NioProtocol                : Starting ProtocolHandler ["http-nio-8080"]
2018-08-27 14:50:30.593  INFO home-PC --- [           main] o.a.t.u.n.NioSelectorPool                : Using a shared selector for servlet write/read
2018-08-27 14:50:30.610  INFO home-PC --- [           main] o.s.b.w.e.t.TomcatWebServer              : Tomcat started on port(s): 8080 (http) with context path ''
2018-08-27 14:50:30.615  INFO home-PC --- [           main] c.d.c.App                                : Started App in 3.554 seconds (JVM running for 5.048)
2018-08-27 14:51:56.408  INFO home-PC --- [nio-8080-exec-1] o.a.c.c.C.[.[.[/]                        : Initializing Spring FrameworkServlet 'dispatcherServlet'
2018-08-27 14:51:56.409  INFO home-PC --- [nio-8080-exec-1] o.s.w.s.DispatcherServlet                : FrameworkServlet 'dispatcherServlet': initialization started
2018-08-27 14:51:56.539  INFO home-PC --- [nio-8080-exec-1] o.s.w.s.DispatcherServlet                : FrameworkServlet 'dispatcherServlet': initialization completed in 130 ms
2018-08-27 16:18:25.805  INFO home-PC --- [on(2)-127.0.0.1] inMXBeanRegistrar$SpringApplicationAdmin : Application shutdown requested.
2018-08-27 16:18:26.091  INFO home-PC --- [on(2)-127.0.0.1] ConfigServletWebServerApplicationContext : Closing org.springframework.boot.web.servlet.context.AnnotationConfigServletWebServerApplicationContext@5ad10c1a: startup date [Mon Aug 27 14:50:27 IST 2018]; root of context hierarchy
2018-08-27 16:18:27.391  INFO home-PC --- [on(2)-127.0.0.1] o.s.j.e.a.AnnotationMBeanExporter        : Unregistering JMX-exposed beans on shutdown
2018-08-27 16:18:27.429  INFO home-PC --- [on(2)-127.0.0.1] o.s.j.e.a.AnnotationMBeanExporter        : Unregistering JMX-exposed beans
2018-08-27 16:19:19.127  INFO home-PC --- [           main] c.d.c.App                                : Starting App on home-PC with PID 5940 (C:\Users\shashi\Desktop\UserApp\UserApp\target\classes started by shashi in C:\Users\shashi\Desktop\UserApp\UserApp)
2018-08-27 16:19:19.153  INFO home-PC --- [           main] c.d.c.App                                : No active profile set, falling back to default profiles: default
2018-08-27 16:19:19.411  INFO home-PC --- [           main] ConfigServletWebServerApplicationContext : Refreshing org.springframework.boot.web.servlet.context.AnnotationConfigServletWebServerApplicationContext@47404bea: startup date [Mon Aug 27 16:19:19 IST 2018]; root of context hierarchy
2018-08-27 16:19:23.140  INFO home-PC --- [           main] o.s.b.w.e.t.TomcatWebServer              : Tomcat initialized with port(s): 8080 (http)
2018-08-27 16:19:23.226  INFO home-PC --- [           main] o.a.c.h.Http11NioProtocol                : Initializing ProtocolHandler ["http-nio-8080"]
2018-08-27 16:19:23.281  INFO home-PC --- [           main] o.a.c.c.StandardService                  : Starting service [Tomcat]
2018-08-27 16:19:23.282  INFO home-PC --- [           main] o.a.c.c.StandardEngine                   : Starting Servlet Engine: Apache Tomcat/8.5.31
2018-08-27 16:19:23.311  INFO home-PC --- [ost-startStop-1] o.a.c.c.AprLifecycleListener             : The APR based Apache Tomcat Native library which allows optimal performance in production environments was not found on the java.library.path: [C:\Program Files\Java\jdk-10\bin;C:\Windows\Sun\Java\bin;C:\Windows\system32;C:\Windows;C:\ProgramData\Oracle\Java\javapath;C:\Windows\system32;C:\Windows;C:\Windows\System32\Wbem;C:\Windows\System32\WindowsPowerShell\v1.0\;C:\Program Files\Git\cmd;C:\Program Files\Java\jdk-10\bin;C:\Program Files\Java\jdk-10\bin;C:\Program Files\Java\jdk-10\bin;.]
2018-08-27 16:19:23.558  INFO home-PC --- [ost-startStop-1] o.a.c.c.C.[.[.[/]                        : Initializing Spring embedded WebApplicationContext
2018-08-27 16:19:23.558  INFO home-PC --- [ost-startStop-1] o.s.w.c.ContextLoader                    : Root WebApplicationContext: initialization completed in 4188 ms
2018-08-27 16:19:23.820  INFO home-PC --- [ost-startStop-1] o.s.b.w.s.ServletRegistrationBean        : Servlet dispatcherServlet mapped to [/]
2018-08-27 16:19:23.836  INFO home-PC --- [ost-startStop-1] o.s.b.w.s.FilterRegistrationBean         : Mapping filter: 'characterEncodingFilter' to: [/*]
2018-08-27 16:19:23.836  INFO home-PC --- [ost-startStop-1] o.s.b.w.s.FilterRegistrationBean         : Mapping filter: 'hiddenHttpMethodFilter' to: [/*]
2018-08-27 16:19:23.836  INFO home-PC --- [ost-startStop-1] o.s.b.w.s.FilterRegistrationBean         : Mapping filter: 'httpPutFormContentFilter' to: [/*]
2018-08-27 16:19:23.837  INFO home-PC --- [ost-startStop-1] o.s.b.w.s.FilterRegistrationBean         : Mapping filter: 'requestContextFilter' to: [/*]
2018-08-27 16:19:24.496  INFO home-PC --- [           main] o.s.w.s.h.SimpleUrlHandlerMapping        : Mapped URL path [/**/favicon.ico] onto handler of type [class org.springframework.web.servlet.resource.ResourceHttpRequestHandler]
2018-08-27 16:19:24.877  INFO home-PC --- [           main] s.w.s.m.m.a.RequestMappingHandlerAdapter : Looking for @ControllerAdvice: org.springframework.boot.web.servlet.context.AnnotationConfigServletWebServerApplicationContext@47404bea: startup date [Mon Aug 27 16:19:19 IST 2018]; root of context hierarchy
2018-08-27 16:19:24.981  INFO home-PC --- [           main] s.w.s.m.m.a.RequestMappingHandlerMapping : Mapped "{[/UserApp/catalog],methods=[GET]}" onto public org.json.simple.JSONObject com.dm_02_tbdapp.controller.UserAppController.catalog()
2018-08-27 16:19:24.982  INFO home-PC --- [           main] s.w.s.m.m.a.RequestMappingHandlerMapping : Mapped "{[/UserApp/product],methods=[GET]}" onto public org.json.simple.JSONObject com.dm_02_tbdapp.controller.UserAppController.product()
2018-08-27 16:19:24.983  INFO home-PC --- [           main] s.w.s.m.m.a.RequestMappingHandlerMapping : Mapped "{[/UserApp/image],methods=[GET]}" onto public java.lang.String com.dm_02_tbdapp.controller.UserAppController.image()
2018-08-27 16:19:24.985  INFO home-PC --- [           main] s.w.s.m.m.a.RequestMappingHandlerMapping : Mapped "{[/UserApp/user],methods=[GET],produces=[application/json || application/xml]}" onto public com.dm_02_tbdapp.bean.UserProfile com.dm_02_tbdapp.controller.UserAppController.setUserProfile(java.lang.String)
2018-08-27 16:19:24.986  INFO home-PC --- [           main] s.w.s.m.m.a.RequestMappingHandlerMapping : Mapped "{[/UserApp/insertIntoProduct_Table],methods=[POST]}" onto public org.json.simple.JSONObject com.dm_02_tbdapp.controller.UserAppController.insertIntoProduct_Table(org.json.simple.JSONObject)
2018-08-27 16:19:24.987  INFO home-PC --- [           main] s.w.s.m.m.a.RequestMappingHandlerMapping : Mapped "{[/UserApp/login],methods=[POST]}" onto public org.json.simple.JSONObject com.dm_02_tbdapp.controller.UserAppController.loginUser(org.json.simple.JSONObject)
2018-08-27 16:19:24.987  INFO home-PC --- [           main] s.w.s.m.m.a.RequestMappingHandlerMapping : Mapped "{[/UserApp/RegisterUser],methods=[POST]}" onto public org.json.simple.JSONObject com.dm_02_tbdapp.controller.UserAppController.newUser(org.json.simple.JSONObject)
2018-08-27 16:19:24.987  INFO home-PC --- [           main] s.w.s.m.m.a.RequestMappingHandlerMapping : Mapped "{[/UserApp/logout],methods=[GET]}" onto public org.json.simple.JSONObject com.dm_02_tbdapp.controller.UserAppController.logoutUser()
2018-08-27 16:19:24.988  INFO home-PC --- [           main] s.w.s.m.m.a.RequestMappingHandlerMapping : Mapped "{[/UserApp/registerUser],methods=[GET]}" onto public org.json.simple.JSONObject com.dm_02_tbdapp.controller.UserAppController.registerUser(com.dm_02_tbdapp.bean.User)
2018-08-27 16:19:24.988  INFO home-PC --- [           main] s.w.s.m.m.a.RequestMappingHandlerMapping : Mapped "{[/UserApp/updateUser],methods=[GET]}" onto public org.json.simple.JSONObject com.dm_02_tbdapp.controller.UserAppController.updateUser(com.dm_02_tbdapp.bean.User)
2018-08-27 16:19:24.988  INFO home-PC --- [           main] s.w.s.m.m.a.RequestMappingHandlerMapping : Mapped "{[/UserApp/updateUserAddress],methods=[GET]}" onto public org.json.simple.JSONObject com.dm_02_tbdapp.controller.UserAppController.updateAddress(com.dm_02_tbdapp.bean.User)
2018-08-27 16:19:24.989  INFO home-PC --- [           main] s.w.s.m.m.a.RequestMappingHandlerMapping : Mapped "{[/UserApp/addAddress],methods=[GET]}" onto public org.json.simple.JSONObject com.dm_02_tbdapp.controller.UserAppController.addAddress(com.dm_02_tbdapp.bean.User)
2018-08-27 16:19:24.989  INFO home-PC --- [           main] s.w.s.m.m.a.RequestMappingHandlerMapping : Mapped "{[/UserApp/removeAddress],methods=[GET]}" onto public org.json.simple.JSONObject com.dm_02_tbdapp.controller.UserAppController.removeAddress(com.dm_02_tbdapp.bean.User)
2018-08-27 16:19:24.996  INFO home-PC --- [           main] s.w.s.m.m.a.RequestMappingHandlerMapping : Mapped "{[/error]}" onto public org.springframework.http.ResponseEntity<java.util.Map<java.lang.String, java.lang.Object>> org.springframework.boot.autoconfigure.web.servlet.error.BasicErrorController.error(javax.servlet.http.HttpServletRequest)
2018-08-27 16:19:24.996  INFO home-PC --- [           main] s.w.s.m.m.a.RequestMappingHandlerMapping : Mapped "{[/error],produces=[text/html]}" onto public org.springframework.web.servlet.ModelAndView org.springframework.boot.autoconfigure.web.servlet.error.BasicErrorController.errorHtml(javax.servlet.http.HttpServletRequest,javax.servlet.http.HttpServletResponse)
2018-08-27 16:19:25.031  INFO home-PC --- [           main] o.s.w.s.h.SimpleUrlHandlerMapping        : Mapped URL path [/webjars/**] onto handler of type [class org.springframework.web.servlet.resource.ResourceHttpRequestHandler]
2018-08-27 16:19:25.032  INFO home-PC --- [           main] o.s.w.s.h.SimpleUrlHandlerMapping        : Mapped URL path [/**] onto handler of type [class org.springframework.web.servlet.resource.ResourceHttpRequestHandler]
2018-08-27 16:19:25.484  INFO home-PC --- [           main] o.s.j.e.a.AnnotationMBeanExporter        : Registering beans for JMX exposure on startup
2018-08-27 16:19:25.487  INFO home-PC --- [           main] o.s.j.e.a.AnnotationMBeanExporter        : Bean with name 'dataSource' has been autodetected for JMX exposure
2018-08-27 16:19:25.493  INFO home-PC --- [           main] o.s.j.e.a.AnnotationMBeanExporter        : Located MBean 'dataSource': registering with JMX server as MBean [com.zaxxer.hikari:name=dataSource,type=HikariDataSource]
2018-08-27 16:19:25.509  INFO home-PC --- [           main] o.a.c.h.Http11NioProtocol                : Starting ProtocolHandler ["http-nio-8080"]
2018-08-27 16:19:25.600  INFO home-PC --- [           main] o.a.t.u.n.NioSelectorPool                : Using a shared selector for servlet write/read
2018-08-27 16:19:25.663  INFO home-PC --- [           main] o.s.b.w.e.t.TomcatWebServer              : Tomcat started on port(s): 8080 (http) with context path ''
2018-08-27 16:19:25.668  INFO home-PC --- [           main] c.d.c.App                                : Started App in 7.897 seconds (JVM running for 14.279)
2018-08-27 16:20:05.993  INFO home-PC --- [nio-8080-exec-1] o.a.c.c.C.[.[.[/]                        : Initializing Spring FrameworkServlet 'dispatcherServlet'
2018-08-27 16:20:05.994  INFO home-PC --- [nio-8080-exec-1] o.s.w.s.DispatcherServlet                : FrameworkServlet 'dispatcherServlet': initialization started
2018-08-27 16:20:06.132  INFO home-PC --- [nio-8080-exec-1] o.s.w.s.DispatcherServlet                : FrameworkServlet 'dispatcherServlet': initialization completed in 138 ms
2018-08-27 16:20:06.224  INFO home-PC --- [nio-8080-exec-1] c.z.h.HikariDataSource                   : HikariPool-1 - Starting...
2018-08-27 16:20:08.295  INFO home-PC --- [nio-8080-exec-1] c.z.h.HikariDataSource                   : HikariPool-1 - Start completed.
2018-08-27 16:20:11.415  INFO home-PC --- [nio-8080-exec-1] o.s.b.f.x.XmlBeanDefinitionReader        : Loading XML bean definitions from class path resource [org/springframework/jdbc/support/sql-error-codes.xml]
2018-08-27 16:20:11.642  INFO home-PC --- [nio-8080-exec-1] o.s.j.s.SQLErrorCodesFactory             : SQLErrorCodes loaded: [DB2, Derby, H2, HDB, HSQL, Informix, MS-SQL, MySQL, Oracle, PostgreSQL, Sybase]
2018-08-27 16:21:56.907  INFO home-PC --- [on(2)-127.0.0.1] inMXBeanRegistrar$SpringApplicationAdmin : Application shutdown requested.
2018-08-27 16:21:56.908  INFO home-PC --- [on(2)-127.0.0.1] ConfigServletWebServerApplicationContext : Closing org.springframework.boot.web.servlet.context.AnnotationConfigServletWebServerApplicationContext@47404bea: startup date [Mon Aug 27 16:19:19 IST 2018]; root of context hierarchy
2018-08-27 16:21:56.912  INFO home-PC --- [on(2)-127.0.0.1] o.s.j.e.a.AnnotationMBeanExporter        : Unregistering JMX-exposed beans on shutdown
2018-08-27 16:21:56.913  INFO home-PC --- [on(2)-127.0.0.1] o.s.j.e.a.AnnotationMBeanExporter        : Unregistering JMX-exposed beans
2018-08-27 16:21:56.914  INFO home-PC --- [on(2)-127.0.0.1] c.z.h.HikariDataSource                   : HikariPool-1 - Shutdown initiated...
2018-08-27 16:21:56.960  INFO home-PC --- [on(2)-127.0.0.1] c.z.h.HikariDataSource                   : HikariPool-1 - Shutdown completed.
2018-08-27 17:08:14.440  INFO home-PC --- [           main] c.d.c.App                                : Starting App on home-PC with PID 4920 (C:\Users\shashi\Desktop\UserApp\UserApp\target\classes started by shashi in C:\Users\shashi\Desktop\UserApp\UserApp)
2018-08-27 17:08:14.494  INFO home-PC --- [           main] c.d.c.App                                : No active profile set, falling back to default profiles: default
2018-08-27 17:08:14.770  INFO home-PC --- [           main] ConfigServletWebServerApplicationContext : Refreshing org.springframework.boot.web.servlet.context.AnnotationConfigServletWebServerApplicationContext@773cbf4f: startup date [Mon Aug 27 17:08:14 IST 2018]; root of context hierarchy
2018-08-27 17:08:18.495  INFO home-PC --- [           main] o.s.b.w.e.t.TomcatWebServer              : Tomcat initialized with port(s): 8080 (http)
2018-08-27 17:08:18.611  INFO home-PC --- [           main] o.a.c.h.Http11NioProtocol                : Initializing ProtocolHandler ["http-nio-8080"]
2018-08-27 17:08:18.661  INFO home-PC --- [           main] o.a.c.c.StandardService                  : Starting service [Tomcat]
2018-08-27 17:08:18.662  INFO home-PC --- [           main] o.a.c.c.StandardEngine                   : Starting Servlet Engine: Apache Tomcat/8.5.31
2018-08-27 17:08:18.685  INFO home-PC --- [ost-startStop-1] o.a.c.c.AprLifecycleListener             : The APR based Apache Tomcat Native library which allows optimal performance in production environments was not found on the java.library.path: [C:\Program Files\Java\jdk-10\bin;C:\Windows\Sun\Java\bin;C:\Windows\system32;C:\Windows;C:\ProgramData\Oracle\Java\javapath;C:\Windows\system32;C:\Windows;C:\Windows\System32\Wbem;C:\Windows\System32\WindowsPowerShell\v1.0\;C:\Program Files\Git\cmd;C:\Program Files\Java\jdk-10\bin;C:\Program Files\Java\jdk-10\bin;C:\Program Files\Java\jdk-10\bin;.]
2018-08-27 17:08:19.012  INFO home-PC --- [ost-startStop-1] o.a.c.c.C.[.[.[/]                        : Initializing Spring embedded WebApplicationContext
2018-08-27 17:08:19.012  INFO home-PC --- [ost-startStop-1] o.s.w.c.ContextLoader                    : Root WebApplicationContext: initialization completed in 4302 ms
2018-08-27 17:08:19.283  INFO home-PC --- [ost-startStop-1] o.s.b.w.s.ServletRegistrationBean        : Servlet dispatcherServlet mapped to [/]
2018-08-27 17:08:19.323  INFO home-PC --- [ost-startStop-1] o.s.b.w.s.FilterRegistrationBean         : Mapping filter: 'characterEncodingFilter' to: [/*]
2018-08-27 17:08:19.324  INFO home-PC --- [ost-startStop-1] o.s.b.w.s.FilterRegistrationBean         : Mapping filter: 'hiddenHttpMethodFilter' to: [/*]
2018-08-27 17:08:19.324  INFO home-PC --- [ost-startStop-1] o.s.b.w.s.FilterRegistrationBean         : Mapping filter: 'httpPutFormContentFilter' to: [/*]
2018-08-27 17:08:19.324  INFO home-PC --- [ost-startStop-1] o.s.b.w.s.FilterRegistrationBean         : Mapping filter: 'requestContextFilter' to: [/*]
2018-08-27 17:08:20.136  INFO home-PC --- [           main] o.s.w.s.h.SimpleUrlHandlerMapping        : Mapped URL path [/**/favicon.ico] onto handler of type [class org.springframework.web.servlet.resource.ResourceHttpRequestHandler]
2018-08-27 17:08:20.598  INFO home-PC --- [           main] s.w.s.m.m.a.RequestMappingHandlerAdapter : Looking for @ControllerAdvice: org.springframework.boot.web.servlet.context.AnnotationConfigServletWebServerApplicationContext@773cbf4f: startup date [Mon Aug 27 17:08:14 IST 2018]; root of context hierarchy
2018-08-27 17:08:20.719  INFO home-PC --- [           main] s.w.s.m.m.a.RequestMappingHandlerMapping : Mapped "{[/UserApp/catalog],methods=[GET]}" onto public org.json.simple.JSONObject com.dm_02_tbdapp.controller.UserAppController.catalog()
2018-08-27 17:08:20.721  INFO home-PC --- [           main] s.w.s.m.m.a.RequestMappingHandlerMapping : Mapped "{[/UserApp/product],methods=[GET]}" onto public org.json.simple.JSONObject com.dm_02_tbdapp.controller.UserAppController.product()
2018-08-27 17:08:20.722  INFO home-PC --- [           main] s.w.s.m.m.a.RequestMappingHandlerMapping : Mapped "{[/UserApp/image],methods=[GET]}" onto public java.lang.String com.dm_02_tbdapp.controller.UserAppController.image()
2018-08-27 17:08:20.724  INFO home-PC --- [           main] s.w.s.m.m.a.RequestMappingHandlerMapping : Mapped "{[/UserApp/insertIntoProduct_Table],methods=[POST]}" onto public org.json.simple.JSONObject com.dm_02_tbdapp.controller.UserAppController.insertIntoProduct_Table(org.json.simple.JSONObject)
2018-08-27 17:08:20.726  INFO home-PC --- [           main] s.w.s.m.m.a.RequestMappingHandlerMapping : Mapped "{[/UserApp/user],methods=[GET],produces=[application/json || application/xml]}" onto public com.dm_02_tbdapp.bean.UserProfile com.dm_02_tbdapp.controller.UserAppController.setUserProfile(java.lang.String)
2018-08-27 17:08:20.727  INFO home-PC --- [           main] s.w.s.m.m.a.RequestMappingHandlerMapping : Mapped "{[/UserApp/login],methods=[POST]}" onto public org.json.simple.JSONObject com.dm_02_tbdapp.controller.UserAppController.loginUser(org.json.simple.JSONObject)
2018-08-27 17:08:20.727  INFO home-PC --- [           main] s.w.s.m.m.a.RequestMappingHandlerMapping : Mapped "{[/UserApp/RegisterUser],methods=[POST]}" onto public org.json.simple.JSONObject com.dm_02_tbdapp.controller.UserAppController.newUser(org.json.simple.JSONObject)
2018-08-27 17:08:20.727  INFO home-PC --- [           main] s.w.s.m.m.a.RequestMappingHandlerMapping : Mapped "{[/UserApp/logout],methods=[GET]}" onto public org.json.simple.JSONObject com.dm_02_tbdapp.controller.UserAppController.logoutUser()
2018-08-27 17:08:20.728  INFO home-PC --- [           main] s.w.s.m.m.a.RequestMappingHandlerMapping : Mapped "{[/UserApp/registerUser],methods=[GET]}" onto public org.json.simple.JSONObject com.dm_02_tbdapp.controller.UserAppController.registerUser(com.dm_02_tbdapp.bean.User)
2018-08-27 17:08:20.729  INFO home-PC --- [           main] s.w.s.m.m.a.RequestMappingHandlerMapping : Mapped "{[/UserApp/updateUser],methods=[GET]}" onto public org.json.simple.JSONObject com.dm_02_tbdapp.controller.UserAppController.updateUser(com.dm_02_tbdapp.bean.User)
2018-08-27 17:08:20.729  INFO home-PC --- [           main] s.w.s.m.m.a.RequestMappingHandlerMapping : Mapped "{[/UserApp/updateUserAddress],methods=[GET]}" onto public org.json.simple.JSONObject com.dm_02_tbdapp.controller.UserAppController.updateAddress(com.dm_02_tbdapp.bean.User)
2018-08-27 17:08:20.729  INFO home-PC --- [           main] s.w.s.m.m.a.RequestMappingHandlerMapping : Mapped "{[/UserApp/addAddress],methods=[GET]}" onto public org.json.simple.JSONObject com.dm_02_tbdapp.controller.UserAppController.addAddress(com.dm_02_tbdapp.bean.User)
2018-08-27 17:08:20.730  INFO home-PC --- [           main] s.w.s.m.m.a.RequestMappingHandlerMapping : Mapped "{[/UserApp/removeAddress],methods=[GET]}" onto public org.json.simple.JSONObject com.dm_02_tbdapp.controller.UserAppController.removeAddress(com.dm_02_tbdapp.bean.User)
2018-08-27 17:08:20.735  INFO home-PC --- [           main] s.w.s.m.m.a.RequestMappingHandlerMapping : Mapped "{[/error]}" onto public org.springframework.http.ResponseEntity<java.util.Map<java.lang.String, java.lang.Object>> org.springframework.boot.autoconfigure.web.servlet.error.BasicErrorController.error(javax.servlet.http.HttpServletRequest)
2018-08-27 17:08:20.736  INFO home-PC --- [           main] s.w.s.m.m.a.RequestMappingHandlerMapping : Mapped "{[/error],produces=[text/html]}" onto public org.springframework.web.servlet.ModelAndView org.springframework.boot.autoconfigure.web.servlet.error.BasicErrorController.errorHtml(javax.servlet.http.HttpServletRequest,javax.servlet.http.HttpServletResponse)
2018-08-27 17:08:20.766  INFO home-PC --- [           main] o.s.w.s.h.SimpleUrlHandlerMapping        : Mapped URL path [/webjars/**] onto handler of type [class org.springframework.web.servlet.resource.ResourceHttpRequestHandler]
2018-08-27 17:08:20.766  INFO home-PC --- [           main] o.s.w.s.h.SimpleUrlHandlerMapping        : Mapped URL path [/**] onto handler of type [class org.springframework.web.servlet.resource.ResourceHttpRequestHandler]
2018-08-27 17:08:21.227  INFO home-PC --- [           main] o.s.j.e.a.AnnotationMBeanExporter        : Registering beans for JMX exposure on startup
2018-08-27 17:08:21.230  INFO home-PC --- [           main] o.s.j.e.a.AnnotationMBeanExporter        : Bean with name 'dataSource' has been autodetected for JMX exposure
2018-08-27 17:08:21.236  INFO home-PC --- [           main] o.s.j.e.a.AnnotationMBeanExporter        : Located MBean 'dataSource': registering with JMX server as MBean [com.zaxxer.hikari:name=dataSource,type=HikariDataSource]
2018-08-27 17:08:21.268  INFO home-PC --- [           main] o.a.c.h.Http11NioProtocol                : Starting ProtocolHandler ["http-nio-8080"]
2018-08-27 17:08:21.408  INFO home-PC --- [           main] o.a.t.u.n.NioSelectorPool                : Using a shared selector for servlet write/read
2018-08-27 17:08:21.461  INFO home-PC --- [           main] o.s.b.w.e.t.TomcatWebServer              : Tomcat started on port(s): 8080 (http) with context path ''
2018-08-27 17:08:21.467  INFO home-PC --- [           main] c.d.c.App                                : Started App in 8.39 seconds (JVM running for 14.492)
2018-08-27 18:00:49.979  INFO home-PC --- [on(2)-127.0.0.1] inMXBeanRegistrar$SpringApplicationAdmin : Application shutdown requested.
2018-08-27 18:00:49.980  INFO home-PC --- [on(2)-127.0.0.1] ConfigServletWebServerApplicationContext : Closing org.springframework.boot.web.servlet.context.AnnotationConfigServletWebServerApplicationContext@773cbf4f: startup date [Mon Aug 27 17:08:14 IST 2018]; root of context hierarchy
2018-08-27 18:00:49.987  INFO home-PC --- [on(2)-127.0.0.1] o.s.j.e.a.AnnotationMBeanExporter        : Unregistering JMX-exposed beans on shutdown
2018-08-27 18:00:49.989  INFO home-PC --- [on(2)-127.0.0.1] o.s.j.e.a.AnnotationMBeanExporter        : Unregistering JMX-exposed beans
2018-08-27 18:01:54.668  INFO home-PC --- [           main] c.d.c.App                                : Starting App on home-PC with PID 6240 (C:\Users\shashi\Desktop\UserApp\UserApp\target\classes started by shashi in C:\Users\shashi\Desktop\UserApp\UserApp)
2018-08-27 18:01:54.676  INFO home-PC --- [           main] c.d.c.App                                : No active profile set, falling back to default profiles: default
2018-08-27 18:01:54.780  INFO home-PC --- [           main] ConfigServletWebServerApplicationContext : Refreshing org.springframework.boot.web.servlet.context.AnnotationConfigServletWebServerApplicationContext@4b3c354a: startup date [Mon Aug 27 18:01:54 IST 2018]; root of context hierarchy
2018-08-27 18:01:56.762  INFO home-PC --- [           main] o.s.b.w.e.t.TomcatWebServer              : Tomcat initialized with port(s): 8080 (http)
2018-08-27 18:01:56.820  INFO home-PC --- [           main] o.a.c.h.Http11NioProtocol                : Initializing ProtocolHandler ["http-nio-8080"]
2018-08-27 18:01:56.859  INFO home-PC --- [           main] o.a.c.c.StandardService                  : Starting service [Tomcat]
2018-08-27 18:01:56.860  INFO home-PC --- [           main] o.a.c.c.StandardEngine                   : Starting Servlet Engine: Apache Tomcat/8.5.31
2018-08-27 18:01:56.881  INFO home-PC --- [ost-startStop-1] o.a.c.c.AprLifecycleListener             : The APR based Apache Tomcat Native library which allows optimal performance in production environments was not found on the java.library.path: [C:\Program Files\Java\jdk-10\bin;C:\Windows\Sun\Java\bin;C:\Windows\system32;C:\Windows;C:\ProgramData\Oracle\Java\javapath;C:\Windows\system32;C:\Windows;C:\Windows\System32\Wbem;C:\Windows\System32\WindowsPowerShell\v1.0\;C:\Program Files\Git\cmd;C:\Program Files\Java\jdk-10\bin;C:\Program Files\Java\jdk-10\bin;C:\Program Files\Java\jdk-10\bin;.]
2018-08-27 18:01:57.100  INFO home-PC --- [ost-startStop-1] o.a.c.c.C.[.[.[/]                        : Initializing Spring embedded WebApplicationContext
2018-08-27 18:01:57.100  INFO home-PC --- [ost-startStop-1] o.s.w.c.ContextLoader                    : Root WebApplicationContext: initialization completed in 2345 ms
2018-08-27 18:01:57.303  INFO home-PC --- [ost-startStop-1] o.s.b.w.s.ServletRegistrationBean        : Servlet dispatcherServlet mapped to [/]
2018-08-27 18:01:57.372  INFO home-PC --- [ost-startStop-1] o.s.b.w.s.FilterRegistrationBean         : Mapping filter: 'characterEncodingFilter' to: [/*]
2018-08-27 18:01:57.372  INFO home-PC --- [ost-startStop-1] o.s.b.w.s.FilterRegistrationBean         : Mapping filter: 'hiddenHttpMethodFilter' to: [/*]
2018-08-27 18:01:57.372  INFO home-PC --- [ost-startStop-1] o.s.b.w.s.FilterRegistrationBean         : Mapping filter: 'httpPutFormContentFilter' to: [/*]
2018-08-27 18:01:57.373  INFO home-PC --- [ost-startStop-1] o.s.b.w.s.FilterRegistrationBean         : Mapping filter: 'requestContextFilter' to: [/*]
2018-08-27 18:01:57.784  INFO home-PC --- [           main] o.s.w.s.h.SimpleUrlHandlerMapping        : Mapped URL path [/**/favicon.ico] onto handler of type [class org.springframework.web.servlet.resource.ResourceHttpRequestHandler]
2018-08-27 18:01:58.128  INFO home-PC --- [           main] s.w.s.m.m.a.RequestMappingHandlerAdapter : Looking for @ControllerAdvice: org.springframework.boot.web.servlet.context.AnnotationConfigServletWebServerApplicationContext@4b3c354a: startup date [Mon Aug 27 18:01:54 IST 2018]; root of context hierarchy
2018-08-27 18:01:58.201  INFO home-PC --- [           main] s.w.s.m.m.a.RequestMappingHandlerMapping : Mapped "{[/UserApp/catalog],methods=[GET]}" onto public org.json.simple.JSONObject com.dm_02_tbdapp.controller.UserAppController.catalog()
2018-08-27 18:01:58.203  INFO home-PC --- [           main] s.w.s.m.m.a.RequestMappingHandlerMapping : Mapped "{[/UserApp/product],methods=[GET]}" onto public org.json.simple.JSONObject com.dm_02_tbdapp.controller.UserAppController.product()
2018-08-27 18:01:58.203  INFO home-PC --- [           main] s.w.s.m.m.a.RequestMappingHandlerMapping : Mapped "{[/UserApp/image],methods=[GET]}" onto public java.lang.String com.dm_02_tbdapp.controller.UserAppController.image()
2018-08-27 18:01:58.206  INFO home-PC --- [           main] s.w.s.m.m.a.RequestMappingHandlerMapping : Mapped "{[/UserApp/user],methods=[GET],produces=[application/json || application/xml]}" onto public com.dm_02_tbdapp.bean.UserProfile com.dm_02_tbdapp.controller.UserAppController.setUserProfile(java.lang.String)
2018-08-27 18:01:58.206  INFO home-PC --- [           main] s.w.s.m.m.a.RequestMappingHandlerMapping : Mapped "{[/UserApp/login],methods=[POST]}" onto public org.json.simple.JSONObject com.dm_02_tbdapp.controller.UserAppController.loginUser(org.json.simple.JSONObject)
2018-08-27 18:01:58.206  INFO home-PC --- [           main] s.w.s.m.m.a.RequestMappingHandlerMapping : Mapped "{[/UserApp/RegisterUser],methods=[POST]}" onto public org.json.simple.JSONObject com.dm_02_tbdapp.controller.UserAppController.newUser(org.json.simple.JSONObject)
2018-08-27 18:01:58.207  INFO home-PC --- [           main] s.w.s.m.m.a.RequestMappingHandlerMapping : Mapped "{[/UserApp/logout],methods=[GET]}" onto public org.json.simple.JSONObject com.dm_02_tbdapp.controller.UserAppController.logoutUser()
2018-08-27 18:01:58.207  INFO home-PC --- [           main] s.w.s.m.m.a.RequestMappingHandlerMapping : Mapped "{[/UserApp/registerUser],methods=[GET]}" onto public org.json.simple.JSONObject com.dm_02_tbdapp.controller.UserAppController.registerUser(com.dm_02_tbdapp.bean.User)
2018-08-27 18:01:58.207  INFO home-PC --- [           main] s.w.s.m.m.a.RequestMappingHandlerMapping : Mapped "{[/UserApp/updateUser],methods=[GET]}" onto public org.json.simple.JSONObject com.dm_02_tbdapp.controller.UserAppController.updateUser(com.dm_02_tbdapp.bean.User)
2018-08-27 18:01:58.208  INFO home-PC --- [           main] s.w.s.m.m.a.RequestMappingHandlerMapping : Mapped "{[/UserApp/updateUserAddress],methods=[GET]}" onto public org.json.simple.JSONObject com.dm_02_tbdapp.controller.UserAppController.updateAddress(com.dm_02_tbdapp.bean.User)
2018-08-27 18:01:58.208  INFO home-PC --- [           main] s.w.s.m.m.a.RequestMappingHandlerMapping : Mapped "{[/UserApp/addAddress],methods=[GET]}" onto public org.json.simple.JSONObject com.dm_02_tbdapp.controller.UserAppController.addAddress(com.dm_02_tbdapp.bean.User)
2018-08-27 18:01:58.209  INFO home-PC --- [           main] s.w.s.m.m.a.RequestMappingHandlerMapping : Mapped "{[/UserApp/removeAddress],methods=[GET]}" onto public org.json.simple.JSONObject com.dm_02_tbdapp.controller.UserAppController.removeAddress(com.dm_02_tbdapp.bean.User)
2018-08-27 18:01:58.209  INFO home-PC --- [           main] s.w.s.m.m.a.RequestMappingHandlerMapping : Mapped "{[/UserApp/insertIntoProduct_Table],methods=[POST]}" onto public org.json.simple.JSONObject com.dm_02_tbdapp.controller.UserAppController.insertIntoProduct_Table(org.json.simple.JSONObject)
2018-08-27 18:01:58.215  INFO home-PC --- [           main] s.w.s.m.m.a.RequestMappingHandlerMapping : Mapped "{[/error]}" onto public org.springframework.http.ResponseEntity<java.util.Map<java.lang.String, java.lang.Object>> org.springframework.boot.autoconfigure.web.servlet.error.BasicErrorController.error(javax.servlet.http.HttpServletRequest)
2018-08-27 18:01:58.215  INFO home-PC --- [           main] s.w.s.m.m.a.RequestMappingHandlerMapping : Mapped "{[/error],produces=[text/html]}" onto public org.springframework.web.servlet.ModelAndView org.springframework.boot.autoconfigure.web.servlet.error.BasicErrorController.errorHtml(javax.servlet.http.HttpServletRequest,javax.servlet.http.HttpServletResponse)
2018-08-27 18:01:58.256  INFO home-PC --- [           main] o.s.w.s.h.SimpleUrlHandlerMapping        : Mapped URL path [/webjars/**] onto handler of type [class org.springframework.web.servlet.resource.ResourceHttpRequestHandler]
2018-08-27 18:01:58.256  INFO home-PC --- [           main] o.s.w.s.h.SimpleUrlHandlerMapping        : Mapped URL path [/**] onto handler of type [class org.springframework.web.servlet.resource.ResourceHttpRequestHandler]
2018-08-27 18:01:58.659  INFO home-PC --- [           main] o.s.j.e.a.AnnotationMBeanExporter        : Registering beans for JMX exposure on startup
2018-08-27 18:01:58.665  INFO home-PC --- [           main] o.s.j.e.a.AnnotationMBeanExporter        : Bean with name 'dataSource' has been autodetected for JMX exposure
2018-08-27 18:01:58.679  INFO home-PC --- [           main] o.s.j.e.a.AnnotationMBeanExporter        : Located MBean 'dataSource': registering with JMX server as MBean [com.zaxxer.hikari:name=dataSource,type=HikariDataSource]
2018-08-27 18:01:58.705  INFO home-PC --- [           main] o.a.c.h.Http11NioProtocol                : Starting ProtocolHandler ["http-nio-8080"]
2018-08-27 18:01:58.754  INFO home-PC --- [           main] o.a.t.u.n.NioSelectorPool                : Using a shared selector for servlet write/read
2018-08-27 18:01:58.787  INFO home-PC --- [           main] o.s.b.w.e.t.TomcatWebServer              : Tomcat started on port(s): 8080 (http) with context path ''
2018-08-27 18:01:58.796  INFO home-PC --- [           main] c.d.c.App                                : Started App in 4.817 seconds (JVM running for 7.373)
2018-08-27 18:03:28.690  INFO home-PC --- [nio-8080-exec-1] o.a.c.c.C.[.[.[/]                        : Initializing Spring FrameworkServlet 'dispatcherServlet'
2018-08-27 18:03:28.691  INFO home-PC --- [nio-8080-exec-1] o.s.w.s.DispatcherServlet                : FrameworkServlet 'dispatcherServlet': initialization started
2018-08-27 18:03:28.743  INFO home-PC --- [nio-8080-exec-1] o.s.w.s.DispatcherServlet                : FrameworkServlet 'dispatcherServlet': initialization completed in 51 ms
2018-08-27 18:03:28.894  INFO home-PC --- [nio-8080-exec-1] c.z.h.HikariDataSource                   : HikariPool-1 - Starting...
2018-08-27 18:03:30.823  INFO home-PC --- [nio-8080-exec-1] c.z.h.HikariDataSource                   : HikariPool-1 - Start completed.
2018-08-27 19:10:08.492  INFO home-PC --- [on(2)-127.0.0.1] inMXBeanRegistrar$SpringApplicationAdmin : Application shutdown requested.
2018-08-27 19:10:08.492  INFO home-PC --- [on(2)-127.0.0.1] ConfigServletWebServerApplicationContext : Closing org.springframework.boot.web.servlet.context.AnnotationConfigServletWebServerApplicationContext@4b3c354a: startup date [Mon Aug 27 18:01:54 IST 2018]; root of context hierarchy
2018-08-27 19:10:08.498  INFO home-PC --- [on(2)-127.0.0.1] o.s.j.e.a.AnnotationMBeanExporter        : Unregistering JMX-exposed beans on shutdown
2018-08-27 19:10:08.499  INFO home-PC --- [on(2)-127.0.0.1] o.s.j.e.a.AnnotationMBeanExporter        : Unregistering JMX-exposed beans
2018-08-27 19:10:08.501  INFO home-PC --- [on(2)-127.0.0.1] c.z.h.HikariDataSource                   : HikariPool-1 - Shutdown initiated...
2018-08-27 19:10:08.527  INFO home-PC --- [on(2)-127.0.0.1] c.z.h.HikariDataSource                   : HikariPool-1 - Shutdown completed.
