2018-07-30 10:32:32.680  INFO shantim2-l2 --- [           main] c.d.c.App                                : Starting App on shantim2-l2 with PID 3888 (C:\Users\shashikant\eclipse-workspace\UserApp\target\classes started by shashikant in C:\Users\shashikant\eclipse-workspace\UserApp)
2018-07-30 10:32:32.855  INFO shantim2-l2 --- [           main] c.d.c.App                                : No active profile set, falling back to default profiles: default
2018-07-30 10:32:33.236  INFO shantim2-l2 --- [           main] ationConfigEmbeddedWebApplicationContext : Refreshing org.springframework.boot.context.embedded.AnnotationConfigEmbeddedWebApplicationContext@c0c2f8d: startup date [Mon Jul 30 10:32:33 IST 2018]; root of context hierarchy
2018-07-30 10:32:33.271  INFO shantim2-l2 --- [kground-preinit] o.h.v.i.u.Version                        : HV000001: Hibernate Validator 5.3.5.Final
2018-07-30 10:32:35.802  INFO shantim2-l2 --- [           main] s.b.c.e.t.TomcatEmbeddedServletContainer : Tomcat initialized with port(s): 8080 (http)
2018-07-30 10:32:35.828  INFO shantim2-l2 --- [           main] o.a.c.c.StandardService                  : Starting service [Tomcat]
2018-07-30 10:32:35.830  INFO shantim2-l2 --- [           main] o.a.c.c.StandardEngine                   : Starting Servlet Engine: Apache Tomcat/8.5.23
2018-07-30 10:32:36.011  INFO shantim2-l2 --- [ost-startStop-1] o.a.c.c.C.[.[.[/]                        : Initializing Spring embedded WebApplicationContext
2018-07-30 10:32:36.012  INFO shantim2-l2 --- [ost-startStop-1] o.s.w.c.ContextLoader                    : Root WebApplicationContext: initialization completed in 2859 ms
2018-07-30 10:32:36.241  INFO shantim2-l2 --- [ost-startStop-1] o.s.b.w.s.ServletRegistrationBean        : Mapping servlet: 'dispatcherServlet' to [/]
2018-07-30 10:32:36.246  INFO shantim2-l2 --- [ost-startStop-1] o.s.b.w.s.FilterRegistrationBean         : Mapping filter: 'characterEncodingFilter' to: [/*]
2018-07-30 10:32:36.247  INFO shantim2-l2 --- [ost-startStop-1] o.s.b.w.s.FilterRegistrationBean         : Mapping filter: 'hiddenHttpMethodFilter' to: [/*]
2018-07-30 10:32:36.247  INFO shantim2-l2 --- [ost-startStop-1] o.s.b.w.s.FilterRegistrationBean         : Mapping filter: 'httpPutFormContentFilter' to: [/*]
2018-07-30 10:32:36.248  INFO shantim2-l2 --- [ost-startStop-1] o.s.b.w.s.FilterRegistrationBean         : Mapping filter: 'requestContextFilter' to: [/*]
2018-07-30 10:32:36.919  INFO shantim2-l2 --- [           main] s.w.s.m.m.a.RequestMappingHandlerAdapter : Looking for @ControllerAdvice: org.springframework.boot.context.embedded.AnnotationConfigEmbeddedWebApplicationContext@c0c2f8d: startup date [Mon Jul 30 10:32:33 IST 2018]; root of context hierarchy
2018-07-30 10:32:37.009  INFO shantim2-l2 --- [           main] s.w.s.m.m.a.RequestMappingHandlerMapping : Mapped "{[/UserApp/user],methods=[GET],produces=[application/json || application/xml]}" onto public com.dm_02_tbdapp.bean.UserProfile com.dm_02_tbdapp.controller.UserAppController.setUserProfile(java.lang.String)
2018-07-30 10:32:37.011  INFO shantim2-l2 --- [           main] s.w.s.m.m.a.RequestMappingHandlerMapping : Mapped "{[/UserApp/login],methods=[POST]}" onto public org.json.simple.JSONObject com.dm_02_tbdapp.controller.UserAppController.loginUser(org.json.simple.JSONObject)
2018-07-30 10:32:37.012  INFO shantim2-l2 --- [           main] s.w.s.m.m.a.RequestMappingHandlerMapping : Mapped "{[/UserApp/RegisterUser],methods=[POST]}" onto public org.json.simple.JSONObject com.dm_02_tbdapp.controller.UserAppController.newUser(org.json.simple.JSONObject)
2018-07-30 10:32:37.013  INFO shantim2-l2 --- [           main] s.w.s.m.m.a.RequestMappingHandlerMapping : Mapped "{[/UserApp/logout],methods=[GET]}" onto public org.json.simple.JSONObject com.dm_02_tbdapp.controller.UserAppController.logoutUser()
2018-07-30 10:32:37.013  INFO shantim2-l2 --- [           main] s.w.s.m.m.a.RequestMappingHandlerMapping : Mapped "{[/UserApp/registerUser],methods=[GET]}" onto public org.json.simple.JSONObject com.dm_02_tbdapp.controller.UserAppController.registerUser(com.dm_02_tbdapp.bean.User)
2018-07-30 10:32:37.014  INFO shantim2-l2 --- [           main] s.w.s.m.m.a.RequestMappingHandlerMapping : Mapped "{[/UserApp/updateUser],methods=[GET]}" onto public org.json.simple.JSONObject com.dm_02_tbdapp.controller.UserAppController.updateUser(com.dm_02_tbdapp.bean.User)
2018-07-30 10:32:37.014  INFO shantim2-l2 --- [           main] s.w.s.m.m.a.RequestMappingHandlerMapping : Mapped "{[/UserApp/updateUserAddress],methods=[GET]}" onto public org.json.simple.JSONObject com.dm_02_tbdapp.controller.UserAppController.updateAddress(com.dm_02_tbdapp.bean.User)
2018-07-30 10:32:37.015  INFO shantim2-l2 --- [           main] s.w.s.m.m.a.RequestMappingHandlerMapping : Mapped "{[/UserApp/addAddress],methods=[GET]}" onto public org.json.simple.JSONObject com.dm_02_tbdapp.controller.UserAppController.addAddress(com.dm_02_tbdapp.bean.User)
2018-07-30 10:32:37.015  INFO shantim2-l2 --- [           main] s.w.s.m.m.a.RequestMappingHandlerMapping : Mapped "{[/UserApp/removeAddress],methods=[GET]}" onto public org.json.simple.JSONObject com.dm_02_tbdapp.controller.UserAppController.removeAddress(com.dm_02_tbdapp.bean.User)
2018-07-30 10:32:37.020  INFO shantim2-l2 --- [           main] s.w.s.m.m.a.RequestMappingHandlerMapping : Mapped "{[/error]}" onto public org.springframework.http.ResponseEntity<java.util.Map<java.lang.String, java.lang.Object>> org.springframework.boot.autoconfigure.web.BasicErrorController.error(javax.servlet.http.HttpServletRequest)
2018-07-30 10:32:37.021  INFO shantim2-l2 --- [           main] s.w.s.m.m.a.RequestMappingHandlerMapping : Mapped "{[/error],produces=[text/html]}" onto public org.springframework.web.servlet.ModelAndView org.springframework.boot.autoconfigure.web.BasicErrorController.errorHtml(javax.servlet.http.HttpServletRequest,javax.servlet.http.HttpServletResponse)
2018-07-30 10:32:37.079  INFO shantim2-l2 --- [           main] o.s.w.s.h.SimpleUrlHandlerMapping        : Mapped URL path [/webjars/**] onto handler of type [class org.springframework.web.servlet.resource.ResourceHttpRequestHandler]
2018-07-30 10:32:37.080  INFO shantim2-l2 --- [           main] o.s.w.s.h.SimpleUrlHandlerMapping        : Mapped URL path [/**] onto handler of type [class org.springframework.web.servlet.resource.ResourceHttpRequestHandler]
2018-07-30 10:32:37.134  INFO shantim2-l2 --- [           main] o.s.w.s.h.SimpleUrlHandlerMapping        : Mapped URL path [/**/favicon.ico] onto handler of type [class org.springframework.web.servlet.resource.ResourceHttpRequestHandler]
2018-07-30 10:32:37.437  INFO shantim2-l2 --- [           main] o.s.j.e.a.AnnotationMBeanExporter        : Registering beans for JMX exposure on startup
2018-07-30 10:32:37.467  INFO shantim2-l2 --- [           main] o.a.c.h.Http11NioProtocol                : Initializing ProtocolHandler ["http-nio-8080"]
2018-07-30 10:32:37.477  INFO shantim2-l2 --- [           main] o.a.c.h.Http11NioProtocol                : Starting ProtocolHandler ["http-nio-8080"]
2018-07-30 10:32:37.559  INFO shantim2-l2 --- [           main] o.a.t.u.n.NioSelectorPool                : Using a shared selector for servlet write/read
2018-07-30 10:32:37.582  INFO shantim2-l2 --- [           main] s.b.c.e.t.TomcatEmbeddedServletContainer : Tomcat started on port(s): 8080 (http)
2018-07-30 10:32:37.635  INFO shantim2-l2 --- [           main] c.d.c.App                                : Started App in 6.375 seconds (JVM running for 12.333)
2018-07-30 10:36:07.669  INFO shantim2-l2 --- [nio-8080-exec-1] o.a.c.c.C.[.[.[/]                        : Initializing Spring FrameworkServlet 'dispatcherServlet'
2018-07-30 10:36:07.669  INFO shantim2-l2 --- [nio-8080-exec-1] o.s.w.s.DispatcherServlet                : FrameworkServlet 'dispatcherServlet': initialization started
2018-07-30 10:36:07.695  INFO shantim2-l2 --- [nio-8080-exec-1] o.s.w.s.DispatcherServlet                : FrameworkServlet 'dispatcherServlet': initialization completed in 26 ms
2018-07-30 10:36:08.180  INFO shantim2-l2 --- [nio-8080-exec-1] c.d.c.UserManager                        : entered into UserManager class 
2018-07-30 10:36:08.180  INFO shantim2-l2 --- [nio-8080-exec-1] c.d.c.UserManager                        : registeredNewUserObj is: rohit
2018-07-30 10:36:08.180  INFO shantim2-l2 --- [nio-8080-exec-1] c.d.c.UserManager                        : compleate json object is: {"reason":"entered details are valid.","UserProfile":{"firstName":"rohit","lastName":"jain","password":"Pass123@","mobileNumber":"8978971286","emailid":"rohit24@hotmail.com"},"status":"registration completed."}
2018-07-30 11:32:50.813  INFO shantim2-l2 --- [nio-8080-exec-3] c.d.c.UserManager                        : entered into UserManager class 
2018-07-30 11:32:50.813  INFO shantim2-l2 --- [nio-8080-exec-3] c.d.c.UserManager                        : registeredNewUserObj is: rohit
2018-07-30 11:32:50.813  INFO shantim2-l2 --- [nio-8080-exec-3] c.d.c.UserManager                        : compleate json object is: {"reason":"entered details are valid.","UserProfile":{"firstName":"rohit","lastName":"jain","password":"Pass123@","mobileNumber":"8978971286","emailid":"rohit24@hotmail.com"},"status":"registration completed."}
2018-07-30 11:34:26.808  INFO shantim2-l2 --- [nio-8080-exec-5] c.d.c.UserManager                        : entered into UserManager class 
2018-07-30 11:34:26.808  INFO shantim2-l2 --- [nio-8080-exec-5] c.d.c.UserManager                        : registeredNewUserObj is: 
2018-07-30 11:34:26.808  INFO shantim2-l2 --- [nio-8080-exec-5] c.d.c.UserManager                        : compleate json object is: {"reason":"entered details are valid.","UserProfile":{"firstName":"","lastName":"","password":"","mobileNumber":"","emailid":""},"status":"registration completed."}
2018-07-30 11:34:49.623  INFO shantim2-l2 --- [nio-8080-exec-6] c.d.c.UserManager                        : entered into UserManager class 
2018-07-30 11:34:49.623  INFO shantim2-l2 --- [nio-8080-exec-6] c.d.c.UserManager                        : registeredNewUserObj is: rohit
2018-07-30 11:34:49.623  INFO shantim2-l2 --- [nio-8080-exec-6] c.d.c.UserManager                        : compleate json object is: {"reason":"entered details are valid.","UserProfile":{"firstName":"rohit","lastName":"jain","password":"Pass123@","mobileNumber":"8978971286","emailid":"rohit24@hotmail.com"},"status":"registration completed."}
2018-07-30 11:58:08.165  INFO shantim2-l2 --- [nio-8080-exec-8] c.d.c.UserManager                        : entered into UserManager class 
2018-07-30 11:58:08.165  INFO shantim2-l2 --- [nio-8080-exec-8] c.d.c.UserManager                        : registeredNewUserObj is: rohit
2018-07-30 11:58:08.165  INFO shantim2-l2 --- [nio-8080-exec-8] c.d.c.UserManager                        : compleate json object is: {"reason":"entered details are valid.","UserProfile":{"firstName":"rohit","lastName":"jain","password":"Pass123@","mobileNumber":"8978971286","emailid":"rohit24@hotmail.com"},"status":"registration completed."}
2018-07-30 16:41:19.073  INFO shantim2-l2 --- [           main] c.d.c.App                                : Starting App on shantim2-l2 with PID 8064 (C:\Users\shashikant\eclipse-workspace\UserApp\target\classes started by shashikant in C:\Users\shashikant\eclipse-workspace\UserApp)
2018-07-30 16:41:19.078  INFO shantim2-l2 --- [           main] c.d.c.App                                : No active profile set, falling back to default profiles: default
2018-07-30 16:41:19.250  INFO shantim2-l2 --- [           main] ationConfigEmbeddedWebApplicationContext : Refreshing org.springframework.boot.context.embedded.AnnotationConfigEmbeddedWebApplicationContext@c0c2f8d: startup date [Mon Jul 30 16:41:19 IST 2018]; root of context hierarchy
2018-07-30 16:41:19.368  INFO shantim2-l2 --- [kground-preinit] o.h.v.i.u.Version                        : HV000001: Hibernate Validator 5.3.5.Final
2018-07-30 16:41:21.264  INFO shantim2-l2 --- [           main] s.b.c.e.t.TomcatEmbeddedServletContainer : Tomcat initialized with port(s): 8080 (http)
2018-07-30 16:41:21.277  INFO shantim2-l2 --- [           main] o.a.c.c.StandardService                  : Starting service [Tomcat]
2018-07-30 16:41:21.279  INFO shantim2-l2 --- [           main] o.a.c.c.StandardEngine                   : Starting Servlet Engine: Apache Tomcat/8.5.23
2018-07-30 16:41:21.423  INFO shantim2-l2 --- [ost-startStop-1] o.a.c.c.C.[.[.[/]                        : Initializing Spring embedded WebApplicationContext
2018-07-30 16:41:21.423  INFO shantim2-l2 --- [ost-startStop-1] o.s.w.c.ContextLoader                    : Root WebApplicationContext: initialization completed in 2236 ms
2018-07-30 16:41:21.626  INFO shantim2-l2 --- [ost-startStop-1] o.s.b.w.s.ServletRegistrationBean        : Mapping servlet: 'dispatcherServlet' to [/]
2018-07-30 16:41:21.632  INFO shantim2-l2 --- [ost-startStop-1] o.s.b.w.s.FilterRegistrationBean         : Mapping filter: 'characterEncodingFilter' to: [/*]
2018-07-30 16:41:21.633  INFO shantim2-l2 --- [ost-startStop-1] o.s.b.w.s.FilterRegistrationBean         : Mapping filter: 'hiddenHttpMethodFilter' to: [/*]
2018-07-30 16:41:21.633  INFO shantim2-l2 --- [ost-startStop-1] o.s.b.w.s.FilterRegistrationBean         : Mapping filter: 'httpPutFormContentFilter' to: [/*]
2018-07-30 16:41:21.633  INFO shantim2-l2 --- [ost-startStop-1] o.s.b.w.s.FilterRegistrationBean         : Mapping filter: 'requestContextFilter' to: [/*]
2018-07-30 16:41:22.156  INFO shantim2-l2 --- [           main] s.w.s.m.m.a.RequestMappingHandlerAdapter : Looking for @ControllerAdvice: org.springframework.boot.context.embedded.AnnotationConfigEmbeddedWebApplicationContext@c0c2f8d: startup date [Mon Jul 30 16:41:19 IST 2018]; root of context hierarchy
2018-07-30 16:41:22.246  INFO shantim2-l2 --- [           main] s.w.s.m.m.a.RequestMappingHandlerMapping : Mapped "{[/UserApp/user],methods=[GET],produces=[application/json || application/xml]}" onto public com.dm_02_tbdapp.bean.UserProfile com.dm_02_tbdapp.controller.UserAppController.setUserProfile(java.lang.String)
2018-07-30 16:41:22.248  INFO shantim2-l2 --- [           main] s.w.s.m.m.a.RequestMappingHandlerMapping : Mapped "{[/UserApp/login],methods=[POST]}" onto public org.json.simple.JSONObject com.dm_02_tbdapp.controller.UserAppController.loginUser(org.json.simple.JSONObject)
2018-07-30 16:41:22.249  INFO shantim2-l2 --- [           main] s.w.s.m.m.a.RequestMappingHandlerMapping : Mapped "{[/UserApp/RegisterUser],methods=[POST]}" onto public org.json.simple.JSONObject com.dm_02_tbdapp.controller.UserAppController.newUser(org.json.simple.JSONObject)
2018-07-30 16:41:22.250  INFO shantim2-l2 --- [           main] s.w.s.m.m.a.RequestMappingHandlerMapping : Mapped "{[/UserApp/logout],methods=[GET]}" onto public org.json.simple.JSONObject com.dm_02_tbdapp.controller.UserAppController.logoutUser()
2018-07-30 16:41:22.251  INFO shantim2-l2 --- [           main] s.w.s.m.m.a.RequestMappingHandlerMapping : Mapped "{[/UserApp/registerUser],methods=[GET]}" onto public org.json.simple.JSONObject com.dm_02_tbdapp.controller.UserAppController.registerUser(com.dm_02_tbdapp.bean.User)
2018-07-30 16:41:22.252  INFO shantim2-l2 --- [           main] s.w.s.m.m.a.RequestMappingHandlerMapping : Mapped "{[/UserApp/updateUser],methods=[GET]}" onto public org.json.simple.JSONObject com.dm_02_tbdapp.controller.UserAppController.updateUser(com.dm_02_tbdapp.bean.User)
2018-07-30 16:41:22.253  INFO shantim2-l2 --- [           main] s.w.s.m.m.a.RequestMappingHandlerMapping : Mapped "{[/UserApp/updateUserAddress],methods=[GET]}" onto public org.json.simple.JSONObject com.dm_02_tbdapp.controller.UserAppController.updateAddress(com.dm_02_tbdapp.bean.User)
2018-07-30 16:41:22.253  INFO shantim2-l2 --- [           main] s.w.s.m.m.a.RequestMappingHandlerMapping : Mapped "{[/UserApp/addAddress],methods=[GET]}" onto public org.json.simple.JSONObject com.dm_02_tbdapp.controller.UserAppController.addAddress(com.dm_02_tbdapp.bean.User)
2018-07-30 16:41:22.254  INFO shantim2-l2 --- [           main] s.w.s.m.m.a.RequestMappingHandlerMapping : Mapped "{[/UserApp/removeAddress],methods=[GET]}" onto public org.json.simple.JSONObject com.dm_02_tbdapp.controller.UserAppController.removeAddress(com.dm_02_tbdapp.bean.User)
2018-07-30 16:41:22.260  INFO shantim2-l2 --- [           main] s.w.s.m.m.a.RequestMappingHandlerMapping : Mapped "{[/error]}" onto public org.springframework.http.ResponseEntity<java.util.Map<java.lang.String, java.lang.Object>> org.springframework.boot.autoconfigure.web.BasicErrorController.error(javax.servlet.http.HttpServletRequest)
2018-07-30 16:41:22.261  INFO shantim2-l2 --- [           main] s.w.s.m.m.a.RequestMappingHandlerMapping : Mapped "{[/error],produces=[text/html]}" onto public org.springframework.web.servlet.ModelAndView org.springframework.boot.autoconfigure.web.BasicErrorController.errorHtml(javax.servlet.http.HttpServletRequest,javax.servlet.http.HttpServletResponse)
2018-07-30 16:41:22.307  INFO shantim2-l2 --- [           main] o.s.w.s.h.SimpleUrlHandlerMapping        : Mapped URL path [/webjars/**] onto handler of type [class org.springframework.web.servlet.resource.ResourceHttpRequestHandler]
2018-07-30 16:41:22.308  INFO shantim2-l2 --- [           main] o.s.w.s.h.SimpleUrlHandlerMapping        : Mapped URL path [/**] onto handler of type [class org.springframework.web.servlet.resource.ResourceHttpRequestHandler]
2018-07-30 16:41:22.357  INFO shantim2-l2 --- [           main] o.s.w.s.h.SimpleUrlHandlerMapping        : Mapped URL path [/**/favicon.ico] onto handler of type [class org.springframework.web.servlet.resource.ResourceHttpRequestHandler]
2018-07-30 16:41:22.618  INFO shantim2-l2 --- [           main] o.s.j.e.a.AnnotationMBeanExporter        : Registering beans for JMX exposure on startup
2018-07-30 16:41:22.641  INFO shantim2-l2 --- [           main] o.a.c.h.Http11NioProtocol                : Initializing ProtocolHandler ["http-nio-8080"]
2018-07-30 16:41:22.658  INFO shantim2-l2 --- [           main] o.a.c.h.Http11NioProtocol                : Starting ProtocolHandler ["http-nio-8080"]
2018-07-30 16:41:22.684  INFO shantim2-l2 --- [           main] o.a.t.u.n.NioSelectorPool                : Using a shared selector for servlet write/read
2018-07-30 16:41:22.755  INFO shantim2-l2 --- [           main] s.b.c.e.t.TomcatEmbeddedServletContainer : Tomcat started on port(s): 8080 (http)
2018-07-30 16:41:22.763  INFO shantim2-l2 --- [           main] c.d.c.App                                : Started App in 4.028 seconds (JVM running for 6.728)
2018-07-30 16:41:41.924  INFO shantim2-l2 --- [nio-8080-exec-1] o.a.c.c.C.[.[.[/]                        : Initializing Spring FrameworkServlet 'dispatcherServlet'
2018-07-30 16:41:41.925  INFO shantim2-l2 --- [nio-8080-exec-1] o.s.w.s.DispatcherServlet                : FrameworkServlet 'dispatcherServlet': initialization started
2018-07-30 16:41:41.945  INFO shantim2-l2 --- [nio-8080-exec-1] o.s.w.s.DispatcherServlet                : FrameworkServlet 'dispatcherServlet': initialization completed in 19 ms
2018-07-30 16:41:42.099  INFO shantim2-l2 --- [nio-8080-exec-1] c.d.c.UserManager                        : entered into UserManager class 
2018-07-30 16:41:42.100  INFO shantim2-l2 --- [nio-8080-exec-1] c.d.c.UserManager                        : registeredNewUserObj is:  shashi 
2018-07-30 16:41:42.100  INFO shantim2-l2 --- [nio-8080-exec-1] c.d.c.UserManager                        : compleate json object is: {"reason":"entered details are valid.","UserProfile":{"firstName":" shashi ","lastName":"reddy ","password":" shahsi123","mobileNumber":"12345","emailid":"shashi@gmail.com "},"status":"registration completed."}
2018-07-30 16:41:42.244  INFO shantim2-l2 --- [nio-8080-exec-2] c.d.c.UserManager                        : entered into UserManager class 
2018-07-30 16:41:42.244  INFO shantim2-l2 --- [nio-8080-exec-2] c.d.c.UserManager                        : registeredNewUserObj is: shashi 
2018-07-30 16:41:42.244  INFO shantim2-l2 --- [nio-8080-exec-2] c.d.c.UserManager                        : compleate json object is: {"reason":"entered details are valid.","UserProfile":{"firstName":"shashi ","lastName":"reddy ","password":"shahsi123 ","mobileNumber":"12345","emailid":"shashi@gmail.com "},"status":"registration completed."}
2018-07-30 16:42:57.438  INFO shantim2-l2 --- [on(2)-127.0.0.1] inMXBeanRegistrar$SpringApplicationAdmin : Application shutdown requested.
2018-07-30 16:42:57.439  INFO shantim2-l2 --- [on(2)-127.0.0.1] ationConfigEmbeddedWebApplicationContext : Closing org.springframework.boot.context.embedded.AnnotationConfigEmbeddedWebApplicationContext@c0c2f8d: startup date [Mon Jul 30 16:41:19 IST 2018]; root of context hierarchy
2018-07-30 16:42:57.442  INFO shantim2-l2 --- [on(2)-127.0.0.1] o.s.j.e.a.AnnotationMBeanExporter        : Unregistering JMX-exposed beans on shutdown
